[ 2014-12-20T21:11:09+08:00 ] 127.0.0.1 /
INFO: [ app_begin ] --START--
INFO: Run ReadHtmlCache Behavior [ RunTime:0.001000s ]
INFO: [ app_begin ] --END-- [ RunTime:0.001000s ]
SQL: SHOW COLUMNS FROM `tp_links` [ RunTime:0.008000s ]
SQL: SELECT * FROM `tp_links` WHERE ( `status` = 1 )  [ RunTime:0.000000s ]
INFO: [ view_template ] --START--
INFO: Run LocationTemplate Behavior [ RunTime:-1.044059s ]
INFO: [ view_template ] --END-- [ RunTime:0.002000s ]
INFO: [ view_parse ] --START--
NOTIC: [8] Use of undefined constant uid - assumed 'uid' D:\Software\xampp\htdocs\pigcms\Conf\logs\Cache\Home\a423fc1ab037bbf3980b6781df39cf92.php 第 29 行.
NOTIC: [8] Undefined index: uid D:\Software\xampp\htdocs\pigcms\Conf\logs\Cache\Home\a423fc1ab037bbf3980b6781df39cf92.php 第 29 行.
INFO: Run ParseTemplate Behavior [ RunTime:-1.046059s ]
INFO: [ view_parse ] --END-- [ RunTime:0.059004s ]
INFO: [ view_filter ] --START--
INFO: Run ContentReplace Behavior [ RunTime:-1.106063s ]
INFO: Run TokenBuild Behavior [ RunTime:-1.107063s ]
INFO: Run WriteHtmlCache Behavior [ RunTime:-1.108063s ]
INFO: Run ShowRuntime Behavior [ RunTime:-1.108063s ]
INFO: [ view_filter ] --END-- [ RunTime:0.003000s ]
INFO: [ view_end ] --START--
INFO: Run ShowPageTrace Behavior [ RunTime:-1.109063s ]
INFO: [ view_end ] --END-- [ RunTime:0.001000s ]

[ 2014-12-20T21:11:12+08:00 ] 127.0.0.1 /index.php?g=Home&m=Index&a=login
INFO: [ app_begin ] --START--
INFO: Run ReadHtmlCache Behavior [ RunTime:0.001000s ]
INFO: [ app_begin ] --END-- [ RunTime:0.001000s ]
INFO: [ view_template ] --START--
INFO: Run LocationTemplate Behavior [ RunTime:-0.004000s ]
INFO: [ view_template ] --END-- [ RunTime:0.000000s ]
INFO: [ view_parse ] --START--
NOTIC: [8] Use of undefined constant uid - assumed 'uid' D:\Software\xampp\htdocs\pigcms\Conf\logs\Cache\Home\911a6ad059e4a4554e61d97297ac8f95.php 第 30 行.
NOTIC: [8] Undefined index: uid D:\Software\xampp\htdocs\pigcms\Conf\logs\Cache\Home\911a6ad059e4a4554e61d97297ac8f95.php 第 30 行.
INFO: Run ParseTemplate Behavior [ RunTime:-0.004000s ]
INFO: [ view_parse ] --END-- [ RunTime:0.029002s ]
INFO: [ view_filter ] --START--
INFO: Run ContentReplace Behavior [ RunTime:-0.033002s ]
INFO: Run TokenBuild Behavior [ RunTime:-0.033002s ]
INFO: Run WriteHtmlCache Behavior [ RunTime:-0.034002s ]
INFO: Run ShowRuntime Behavior [ RunTime:-0.034002s ]
INFO: [ view_filter ] --END-- [ RunTime:0.002000s ]
INFO: [ view_end ] --START--
INFO: Run ShowPageTrace Behavior [ RunTime:-0.035002s ]
INFO: [ view_end ] --END-- [ RunTime:0.001000s ]

[ 2014-12-20T21:11:23+08:00 ] 127.0.0.1 /index.php?m=Users&a=checklogin
INFO: [ app_begin ] --START--
INFO: Run ReadHtmlCache Behavior [ RunTime:0.001001s ]
INFO: [ app_begin ] --END-- [ RunTime:0.001001s ]
SQL: SHOW COLUMNS FROM `tp_users` [ RunTime:0.007000s ]
SQL: SELECT * FROM `tp_users` WHERE ( `username` = 'admin' ) LIMIT 1   [ RunTime:0.001000s ]
SQL: SHOW COLUMNS FROM `tp_user_group` [ RunTime:0.006001s ]
SQL: SELECT * FROM `tp_user_group` WHERE ( `id` = 4 ) LIMIT 1   [ RunTime:0.000000s ]
SQL: UPDATE `tp_users` SET `lasttime`='1419081083',`lastloginmonth`='12',`lastip`='127.0.0.1' WHERE ( `id` = 1 ) [ RunTime:0.000000s ]
INFO: [ view_template ] --START--
INFO: Run LocationTemplate Behavior [ RunTime:-1.056060s ]
INFO: [ view_template ] --END-- [ RunTime:0.001000s ]
INFO: [ view_parse ] --START--
INFO: Run ParseTemplate Behavior [ RunTime:-1.057060s ]
INFO: [ view_parse ] --END-- [ RunTime:0.015001s ]
INFO: [ view_filter ] --START--
INFO: Run ContentReplace Behavior [ RunTime:-1.072061s ]
INFO: Run TokenBuild Behavior [ RunTime:-1.073061s ]
INFO: Run WriteHtmlCache Behavior [ RunTime:-1.074061s ]
INFO: Run ShowRuntime Behavior [ RunTime:-1.075061s ]
INFO: [ view_filter ] --END-- [ RunTime:0.003000s ]
INFO: [ view_end ] --START--
INFO: Run ShowPageTrace Behavior [ RunTime:-1.076061s ]
INFO: [ view_end ] --END-- [ RunTime:0.000000s ]

[ 2014-12-20T21:11:25+08:00 ] 127.0.0.1 /index.php?g=User&m=Index&a=index
INFO: [ app_begin ] --START--
INFO: Run ReadHtmlCache Behavior [ RunTime:0.000000s ]
INFO: [ app_begin ] --END-- [ RunTime:0.000000s ]
NOTIC: [2048] Declaration of IndexAction::insert() should be compatible with BaseAction::insert($name = '', $back = '/index') D:\Software\xampp\htdocs\pigcms\PigCms\Lib\Action\User\IndexAction.class.php 第 2 行.
SQL: SHOW COLUMNS FROM `tp_user_group` [ RunTime:0.007000s ]
SQL: SELECT * FROM `tp_user_group` WHERE ( `id` = 4 ) LIMIT 1   [ RunTime:0.001001s ]
SQL: SHOW COLUMNS FROM `tp_users` [ RunTime:0.008000s ]
SQL: SELECT * FROM `tp_users` WHERE ( `id` = 1 ) LIMIT 1   [ RunTime:0.001000s ]
SQL: SHOW COLUMNS FROM `tp_wxuser` [ RunTime:0.009001s ]
SQL: SELECT * FROM `tp_wxuser` WHERE ( `token` = null ) AND ( `uid` = 1 ) LIMIT 1   [ RunTime:0.001000s ]
SQL: SHOW COLUMNS FROM `tp_token_open` [ RunTime:0.004000s ]
SQL: SELECT `queryname` FROM `tp_token_open` WHERE ( `token` = null ) LIMIT 1   [ RunTime:0.000000s ]
NOTIC: [8] Undefined index: width D:\Software\xampp\htdocs\pigcms\PigCms\Lib\Action\UserAction.class.php 第 68 行.
SQL: SHOW COLUMNS FROM `tp_user_group` [ RunTime:0.004000s ]
SQL: SELECT * FROM `tp_user_group`  [ RunTime:0.000000s ]
SQL: SELECT COUNT(*) AS tp_count FROM `tp_wxuser` WHERE ( `uid` = 1 ) LIMIT 1   [ RunTime:0.000000s ]
SQL: SELECT * FROM `tp_wxuser` WHERE ( `uid` = 1 ) LIMIT 0,100   [ RunTime:0.001000s ]
NOTIC: [8] Undefined variable: apiinfo D:\Software\xampp\htdocs\pigcms\PigCms\Lib\Action\User\IndexAction.class.php 第 33 行.
SQL: SHOW COLUMNS FROM `tp_diymen_set` [ RunTime:0.005001s ]
SQL: SELECT * FROM `tp_diymen_set` WHERE ( `token` = 'xlrvqn1417349582' ) LIMIT 1   [ RunTime:0.001000s ]
SQL: SELECT * FROM `tp_diymen_set` WHERE ( `token` = 'opmpqh1418554516' ) LIMIT 1   [ RunTime:0.000000s ]
SQL: SELECT * FROM `tp_diymen_set` WHERE ( `token` = 'qvmvju1418554443' ) LIMIT 1   [ RunTime:0.000000s ]
SQL: SELECT * FROM `tp_diymen_set` WHERE ( `token` = 'rvbdce1418553517' ) LIMIT 1   [ RunTime:0.001000s ]
SQL: SELECT * FROM `tp_diymen_set` WHERE ( `token` = 'pxazql1418553737' ) LIMIT 1   [ RunTime:0.000000s ]
SQL: SELECT * FROM `tp_diymen_set` WHERE ( `token` = 'ywbugv1418553981' ) LIMIT 1   [ RunTime:0.000000s ]
SQL: SELECT * FROM `tp_diymen_set` WHERE ( `token` = 'mzoeut1418554096' ) LIMIT 1   [ RunTime:0.000000s ]
NOTIC: [8] Undefined variable: apiinfo D:\Software\xampp\htdocs\pigcms\PigCms\Lib\Action\User\IndexAction.class.php 第 33 行.
SQL: SELECT * FROM `tp_diymen_set` WHERE ( `token` = 'cfabet1418556896' ) LIMIT 1   [ RunTime:0.000000s ]
INFO: [ view_template ] --START--
INFO: Run LocationTemplate Behavior [ RunTime:-1.070061s ]
INFO: [ view_template ] --END-- [ RunTime:0.001000s ]
INFO: [ view_parse ] --START--
NOTIC: [8] Use of undefined constant uid - assumed 'uid' D:\Software\xampp\htdocs\pigcms\Conf\logs\Cache\User\56f7804e54d354c9c14b7fc522e75478.php 第 51 行.
NOTIC: [8] Use of undefined constant Common - assumed 'Common' D:\Software\xampp\htdocs\pigcms\Conf\logs\Cache\User\56f7804e54d354c9c14b7fc522e75478.php 第 113 行.
NOTIC: [8] Undefined variable: alert D:\Software\xampp\htdocs\pigcms\Conf\logs\Cache\User\56f7804e54d354c9c14b7fc522e75478.php 第 210 行.
INFO: Run ParseTemplate Behavior [ RunTime:-1.071061s ]
INFO: [ view_parse ] --END-- [ RunTime:0.018001s ]
INFO: [ view_filter ] --START--
INFO: Run ContentReplace Behavior [ RunTime:-1.089062s ]
INFO: Run TokenBuild Behavior [ RunTime:-1.090062s ]
INFO: Run WriteHtmlCache Behavior [ RunTime:-1.091062s ]
INFO: Run ShowRuntime Behavior [ RunTime:-1.092062s ]
INFO: [ view_filter ] --END-- [ RunTime:0.003000s ]
INFO: [ view_end ] --START--
INFO: Run ShowPageTrace Behavior [ RunTime:-1.092062s ]
INFO: [ view_end ] --END-- [ RunTime:0.001000s ]

[ 2014-12-20T21:11:34+08:00 ] 127.0.0.1 /index.php?g=User&m=Index&a=add
INFO: [ app_begin ] --START--
INFO: Run ReadHtmlCache Behavior [ RunTime:0.001000s ]
INFO: [ app_begin ] --END-- [ RunTime:0.001000s ]
NOTIC: [2048] Declaration of IndexAction::insert() should be compatible with BaseAction::insert($name = '', $back = '/index') D:\Software\xampp\htdocs\pigcms\PigCms\Lib\Action\User\IndexAction.class.php 第 2 行.
SQL: SHOW COLUMNS FROM `tp_user_group` [ RunTime:0.007000s ]
SQL: SELECT * FROM `tp_user_group` WHERE ( `id` = 4 ) LIMIT 1   [ RunTime:0.001000s ]
SQL: SHOW COLUMNS FROM `tp_users` [ RunTime:0.007000s ]
SQL: SELECT * FROM `tp_users` WHERE ( `id` = 1 ) LIMIT 1   [ RunTime:0.001001s ]
SQL: SHOW COLUMNS FROM `tp_wxuser` [ RunTime:0.008000s ]
SQL: SELECT * FROM `tp_wxuser` WHERE ( `token` = null ) AND ( `uid` = 1 ) LIMIT 1   [ RunTime:0.001000s ]
SQL: SHOW COLUMNS FROM `tp_token_open` [ RunTime:0.007001s ]
SQL: SELECT `queryname` FROM `tp_token_open` WHERE ( `token` = null ) LIMIT 1   [ RunTime:0.001000s ]
NOTIC: [8] Undefined index: width D:\Software\xampp\htdocs\pigcms\PigCms\Lib\Action\UserAction.class.php 第 68 行.
INFO: [ view_template ] --START--
INFO: Run LocationTemplate Behavior [ RunTime:-1.050060s ]
INFO: [ view_template ] --END-- [ RunTime:0.004000s ]
INFO: [ view_parse ] --START--
NOTIC: [8] Use of undefined constant uid - assumed 'uid' D:\Software\xampp\htdocs\pigcms\Conf\logs\Cache\User\abcb2dc0cdf6cecdbc543733dfd2e7d4.php 第 51 行.
NOTIC: [8] Undefined variable: alert D:\Software\xampp\htdocs\pigcms\Conf\logs\Cache\User\abcb2dc0cdf6cecdbc543733dfd2e7d4.php 第 278 行.
INFO: Run ParseTemplate Behavior [ RunTime:-1.055060s ]
INFO: [ view_parse ] --END-- [ RunTime:0.052003s ]
INFO: [ view_filter ] --START--
INFO: Run ContentReplace Behavior [ RunTime:-1.106063s ]
INFO: Run TokenBuild Behavior [ RunTime:-1.107063s ]
INFO: Run WriteHtmlCache Behavior [ RunTime:-1.109063s ]
INFO: Run ShowRuntime Behavior [ RunTime:-1.110063s ]
INFO: [ view_filter ] --END-- [ RunTime:0.005000s ]
INFO: [ view_end ] --START--
INFO: Run ShowPageTrace Behavior [ RunTime:-1.111063s ]
INFO: [ view_end ] --END-- [ RunTime:0.002000s ]

