[ 2014-12-03T21:57:36+08:00 ] 127.0.0.1 /
INFO: [ app_begin ] --START--
INFO: Run ReadHtmlCache Behavior [ RunTime:0.001000s ]
INFO: [ app_begin ] --END-- [ RunTime:0.002000s ]
SQL: SHOW COLUMNS FROM `tp_links` [ RunTime:0.043003s ]
SQL: SELECT * FROM `tp_links` WHERE ( `status` = 1 )  [ RunTime:0.002000s ]
INFO: [ view_template ] --START--
INFO: Run LocationTemplate Behavior [ RunTime:-1.139065s ]
INFO: [ view_template ] --END-- [ RunTime:0.002000s ]
INFO: [ view_parse ] --START--
NOTIC: [8] Use of undefined constant uid - assumed 'uid' D:\Software\xampp\htdocs\pigcms\Conf\logs\Cache\Home\a423fc1ab037bbf3980b6781df39cf92.php 第 29 行.
NOTIC: [8] Undefined index: uid D:\Software\xampp\htdocs\pigcms\Conf\logs\Cache\Home\a423fc1ab037bbf3980b6781df39cf92.php 第 29 行.
INFO: Run ParseTemplate Behavior [ RunTime:-1.141065s ]
INFO: [ view_parse ] --END-- [ RunTime:0.080005s ]
INFO: [ view_filter ] --START--
INFO: Run ContentReplace Behavior [ RunTime:-1.221070s ]
INFO: Run TokenBuild Behavior [ RunTime:-1.222070s ]
INFO: Run WriteHtmlCache Behavior [ RunTime:-1.223070s ]
INFO: Run ShowRuntime Behavior [ RunTime:-1.224070s ]
INFO: [ view_filter ] --END-- [ RunTime:0.004000s ]
INFO: [ view_end ] --START--
INFO: Run ShowPageTrace Behavior [ RunTime:-1.225070s ]
INFO: [ view_end ] --END-- [ RunTime:0.001000s ]

[ 2014-12-03T21:57:49+08:00 ] 127.0.0.1 /index.php?g=Home&m=Index&a=fc
INFO: [ app_begin ] --START--
INFO: Run ReadHtmlCache Behavior [ RunTime:0.001000s ]
INFO: [ app_begin ] --END-- [ RunTime:0.001000s ]
SQL: SHOW COLUMNS FROM `tp_funintro` [ RunTime:0.047003s ]
SQL: SELECT * FROM `tp_funintro` WHERE id>0 ORDER BY id ASC LIMIT 1   [ RunTime:0.000000s ]
SQL: SELECT * FROM `tp_funintro` WHERE id>0  [ RunTime:0.001000s ]
INFO: [ view_template ] --START--
INFO: Run LocationTemplate Behavior [ RunTime:-1.089063s ]
INFO: [ view_template ] --END-- [ RunTime:0.002000s ]
INFO: [ view_parse ] --START--
NOTIC: [8] Use of undefined constant uid - assumed 'uid' D:\Software\xampp\htdocs\pigcms\Conf\logs\Cache\Home\7f3ee02f78fa65c70523aea08dcae382.php 第 31 行.
NOTIC: [8] Undefined index: uid D:\Software\xampp\htdocs\pigcms\Conf\logs\Cache\Home\7f3ee02f78fa65c70523aea08dcae382.php 第 31 行.
INFO: Run ParseTemplate Behavior [ RunTime:-1.091063s ]
INFO: [ view_parse ] --END-- [ RunTime:0.069004s ]
INFO: [ view_filter ] --START--
INFO: Run ContentReplace Behavior [ RunTime:-1.160067s ]
INFO: Run TokenBuild Behavior [ RunTime:-1.161067s ]
INFO: Run WriteHtmlCache Behavior [ RunTime:-1.162067s ]
INFO: Run ShowRuntime Behavior [ RunTime:-1.162067s ]
INFO: [ view_filter ] --END-- [ RunTime:0.003000s ]
INFO: [ view_end ] --START--
INFO: Run ShowPageTrace Behavior [ RunTime:-1.163067s ]
INFO: [ view_end ] --END-- [ RunTime:0.001000s ]

[ 2014-12-03T21:57:54+08:00 ] 127.0.0.1 /
INFO: [ app_begin ] --START--
INFO: Run ReadHtmlCache Behavior [ RunTime:0.000000s ]
INFO: [ app_begin ] --END-- [ RunTime:0.000000s ]
SQL: SHOW COLUMNS FROM `tp_links` [ RunTime:0.004000s ]
SQL: SELECT * FROM `tp_links` WHERE ( `status` = 1 )  [ RunTime:0.001000s ]
INFO: [ view_template ] --START--
INFO: Run LocationTemplate Behavior [ RunTime:-1.017058s ]
INFO: [ view_template ] --END-- [ RunTime:0.001001s ]
INFO: [ view_parse ] --START--
NOTIC: [8] Use of undefined constant uid - assumed 'uid' D:\Software\xampp\htdocs\pigcms\Conf\logs\Cache\Home\a423fc1ab037bbf3980b6781df39cf92.php 第 29 行.
NOTIC: [8] Undefined index: uid D:\Software\xampp\htdocs\pigcms\Conf\logs\Cache\Home\a423fc1ab037bbf3980b6781df39cf92.php 第 29 行.
INFO: Run ParseTemplate Behavior [ RunTime:-1.018059s ]
INFO: [ view_parse ] --END-- [ RunTime:0.013000s ]
INFO: [ view_filter ] --START--
INFO: Run ContentReplace Behavior [ RunTime:-1.031059s ]
INFO: Run TokenBuild Behavior [ RunTime:-1.032059s ]
INFO: Run WriteHtmlCache Behavior [ RunTime:-1.032059s ]
INFO: Run ShowRuntime Behavior [ RunTime:-1.033059s ]
INFO: [ view_filter ] --END-- [ RunTime:0.002000s ]
INFO: [ view_end ] --START--
INFO: Run ShowPageTrace Behavior [ RunTime:-1.033059s ]
INFO: [ view_end ] --END-- [ RunTime:0.001000s ]

[ 2014-12-03T21:59:50+08:00 ] 127.0.0.1 /index.php?g=Home&m=Index&a=price
INFO: [ app_begin ] --START--
INFO: Run ReadHtmlCache Behavior [ RunTime:0.001000s ]
INFO: [ app_begin ] --END-- [ RunTime:0.001000s ]
SQL: SHOW COLUMNS FROM `tp_user_group` [ RunTime:0.023001s ]
SQL: SELECT * FROM `tp_user_group` WHERE ( `status` = 1 ) ORDER BY id ASC  [ RunTime:0.029002s ]
SQL: SHOW COLUMNS FROM `tp_function` [ RunTime:0.019001s ]
SQL: SELECT * FROM `tp_function` WHERE ( `status` = 1 ) ORDER BY gid DESC  [ RunTime:0.001000s ]
INFO: [ view_template ] --START--
INFO: Run LocationTemplate Behavior [ RunTime:-1.096062s ]
INFO: [ view_template ] --END-- [ RunTime:0.008001s ]
INFO: [ view_parse ] --START--
NOTIC: [8] Use of undefined constant uid - assumed 'uid' D:\Software\xampp\htdocs\pigcms\Conf\logs\Cache\Home\7ae5786fac1f4b451ee42e6ab2caa3a7.php 第 31 行.
NOTIC: [8] Undefined index: uid D:\Software\xampp\htdocs\pigcms\Conf\logs\Cache\Home\7ae5786fac1f4b451ee42e6ab2caa3a7.php 第 31 行.
INFO: Run ParseTemplate Behavior [ RunTime:-1.104063s ]
INFO: [ view_parse ] --END-- [ RunTime:0.046002s ]
INFO: [ view_filter ] --START--
INFO: Run ContentReplace Behavior [ RunTime:-1.150065s ]
INFO: Run TokenBuild Behavior [ RunTime:-1.151066s ]
INFO: Run WriteHtmlCache Behavior [ RunTime:-1.152066s ]
INFO: Run ShowRuntime Behavior [ RunTime:-1.153066s ]
INFO: [ view_filter ] --END-- [ RunTime:0.004001s ]
INFO: [ view_end ] --START--
INFO: Run ShowPageTrace Behavior [ RunTime:-1.154066s ]
INFO: [ view_end ] --END-- [ RunTime:0.001000s ]

[ 2014-12-03T22:00:12+08:00 ] 127.0.0.1 /index.php?g=Home&m=Index&a=common
INFO: [ app_begin ] --START--
INFO: Run ReadHtmlCache Behavior [ RunTime:0.000000s ]
INFO: [ app_begin ] --END-- [ RunTime:0.000000s ]
SQL: SHOW COLUMNS FROM `tp_case` [ RunTime:0.016001s ]
SQL: SELECT * FROM `tp_case` WHERE ( `status` = 1 ) ORDER BY id DESC  [ RunTime:0.001000s ]
INFO: [ view_template ] --START--
INFO: Run LocationTemplate Behavior [ RunTime:-1.041060s ]
INFO: [ view_template ] --END-- [ RunTime:0.001000s ]
INFO: [ view_parse ] --START--
NOTIC: [8] Use of undefined constant uid - assumed 'uid' D:\Software\xampp\htdocs\pigcms\Conf\logs\Cache\Home\1202a9b5d973a831aa601c7e52c64857.php 第 31 行.
NOTIC: [8] Undefined index: uid D:\Software\xampp\htdocs\pigcms\Conf\logs\Cache\Home\1202a9b5d973a831aa601c7e52c64857.php 第 31 行.
INFO: Run ParseTemplate Behavior [ RunTime:-1.042060s ]
INFO: [ view_parse ] --END-- [ RunTime:0.032001s ]
INFO: [ view_filter ] --START--
INFO: Run ContentReplace Behavior [ RunTime:-1.074061s ]
INFO: Run TokenBuild Behavior [ RunTime:-1.075062s ]
INFO: Run WriteHtmlCache Behavior [ RunTime:-1.076062s ]
INFO: Run ShowRuntime Behavior [ RunTime:-1.076062s ]
INFO: [ view_filter ] --END-- [ RunTime:0.003001s ]
INFO: [ view_end ] --START--
INFO: Run ShowPageTrace Behavior [ RunTime:-1.077062s ]
INFO: [ view_end ] --END-- [ RunTime:0.001000s ]

[ 2014-12-03T22:00:16+08:00 ] 127.0.0.1 /index.php?g=Home&m=Index&a=login
INFO: [ app_begin ] --START--
INFO: Run ReadHtmlCache Behavior [ RunTime:0.001000s ]
INFO: [ app_begin ] --END-- [ RunTime:0.001000s ]
INFO: [ view_template ] --START--
INFO: Run LocationTemplate Behavior [ RunTime:-0.003000s ]
INFO: [ view_template ] --END-- [ RunTime:0.000000s ]
INFO: [ view_parse ] --START--
NOTIC: [8] Use of undefined constant uid - assumed 'uid' D:\Software\xampp\htdocs\pigcms\Conf\logs\Cache\Home\911a6ad059e4a4554e61d97297ac8f95.php 第 30 行.
NOTIC: [8] Undefined index: uid D:\Software\xampp\htdocs\pigcms\Conf\logs\Cache\Home\911a6ad059e4a4554e61d97297ac8f95.php 第 30 行.
INFO: Run ParseTemplate Behavior [ RunTime:-0.003000s ]
INFO: [ view_parse ] --END-- [ RunTime:0.023002s ]
INFO: [ view_filter ] --START--
INFO: Run ContentReplace Behavior [ RunTime:-0.026002s ]
INFO: Run TokenBuild Behavior [ RunTime:-0.026002s ]
INFO: Run WriteHtmlCache Behavior [ RunTime:-0.027002s ]
INFO: Run ShowRuntime Behavior [ RunTime:-0.027002s ]
INFO: [ view_filter ] --END-- [ RunTime:0.001000s ]
INFO: [ view_end ] --START--
INFO: Run ShowPageTrace Behavior [ RunTime:-0.027002s ]
INFO: [ view_end ] --END-- [ RunTime:0.001000s ]

[ 2014-12-03T22:00:20+08:00 ] 127.0.0.1 /index.php?g=Home&m=Index&a=help
INFO: [ app_begin ] --START--
INFO: Run ReadHtmlCache Behavior [ RunTime:0.000000s ]
INFO: [ app_begin ] --END-- [ RunTime:0.000000s ]
INFO: [ view_template ] --START--
INFO: Run LocationTemplate Behavior [ RunTime:-0.003000s ]
INFO: [ view_template ] --END-- [ RunTime:0.001000s ]
INFO: [ view_parse ] --START--
NOTIC: [8] Use of undefined constant uid - assumed 'uid' D:\Software\xampp\htdocs\pigcms\Conf\logs\Cache\Home\b8aaa418584ba01a686bddd364195ae9.php 第 31 行.
NOTIC: [8] Undefined index: uid D:\Software\xampp\htdocs\pigcms\Conf\logs\Cache\Home\b8aaa418584ba01a686bddd364195ae9.php 第 31 行.
NOTIC: [8] Undefined index: token D:\Software\xampp\htdocs\pigcms\Conf\logs\Cache\Home\b8aaa418584ba01a686bddd364195ae9.php 第 147 行.
NOTIC: [8] Undefined index: token D:\Software\xampp\htdocs\pigcms\Conf\logs\Cache\Home\b8aaa418584ba01a686bddd364195ae9.php 第 174 行.
NOTIC: [8] Undefined index: token D:\Software\xampp\htdocs\pigcms\Conf\logs\Cache\Home\b8aaa418584ba01a686bddd364195ae9.php 第 178 行.
INFO: Run ParseTemplate Behavior [ RunTime:-0.004000s ]
INFO: [ view_parse ] --END-- [ RunTime:0.060003s ]
INFO: [ view_filter ] --START--
INFO: Run ContentReplace Behavior [ RunTime:-0.064003s ]
INFO: Run TokenBuild Behavior [ RunTime:-0.064003s ]
INFO: Run WriteHtmlCache Behavior [ RunTime:-0.065004s ]
INFO: Run ShowRuntime Behavior [ RunTime:-0.065004s ]
INFO: [ view_filter ] --END-- [ RunTime:0.002001s ]
INFO: [ view_end ] --START--
INFO: Run ShowPageTrace Behavior [ RunTime:-0.066004s ]
INFO: [ view_end ] --END-- [ RunTime:0.000000s ]

[ 2014-12-03T22:00:49+08:00 ] 127.0.0.1 /
INFO: [ app_begin ] --START--
INFO: Run ReadHtmlCache Behavior [ RunTime:0.001000s ]
INFO: [ app_begin ] --END-- [ RunTime:0.001000s ]
SQL: SHOW COLUMNS FROM `tp_links` [ RunTime:0.003000s ]
SQL: SELECT * FROM `tp_links` WHERE ( `status` = 1 )  [ RunTime:0.001000s ]
INFO: [ view_template ] --START--
INFO: Run LocationTemplate Behavior [ RunTime:-1.033059s ]
INFO: [ view_template ] --END-- [ RunTime:0.001000s ]
INFO: [ view_parse ] --START--
NOTIC: [8] Use of undefined constant uid - assumed 'uid' D:\Software\xampp\htdocs\pigcms\Conf\logs\Cache\Home\a423fc1ab037bbf3980b6781df39cf92.php 第 29 行.
NOTIC: [8] Undefined index: uid D:\Software\xampp\htdocs\pigcms\Conf\logs\Cache\Home\a423fc1ab037bbf3980b6781df39cf92.php 第 29 行.
INFO: Run ParseTemplate Behavior [ RunTime:-1.034059s ]
INFO: [ view_parse ] --END-- [ RunTime:0.012001s ]
INFO: [ view_filter ] --START--
INFO: Run ContentReplace Behavior [ RunTime:-1.046060s ]
INFO: Run TokenBuild Behavior [ RunTime:-1.047060s ]
INFO: Run WriteHtmlCache Behavior [ RunTime:-1.048060s ]
INFO: Run ShowRuntime Behavior [ RunTime:-1.048060s ]
INFO: [ view_filter ] --END-- [ RunTime:0.003000s ]
INFO: [ view_end ] --START--
INFO: Run ShowPageTrace Behavior [ RunTime:-1.049060s ]
INFO: [ view_end ] --END-- [ RunTime:0.001000s ]

[ 2014-12-03T22:05:52+08:00 ] 127.0.0.1 /index.php?g=Home&m=Index&a=price
INFO: [ app_begin ] --START--
INFO: Run ReadHtmlCache Behavior [ RunTime:0.001000s ]
INFO: [ app_begin ] --END-- [ RunTime:0.001000s ]
SQL: SHOW COLUMNS FROM `tp_user_group` [ RunTime:0.004000s ]
SQL: SELECT * FROM `tp_user_group` WHERE ( `status` = 1 ) ORDER BY id ASC  [ RunTime:0.000000s ]
SQL: SHOW COLUMNS FROM `tp_function` [ RunTime:0.004000s ]
SQL: SELECT * FROM `tp_function` WHERE ( `status` = 1 ) ORDER BY gid DESC  [ RunTime:0.001000s ]
INFO: [ view_template ] --START--
INFO: Run LocationTemplate Behavior [ RunTime:-1.039059s ]
INFO: [ view_template ] --END-- [ RunTime:0.014001s ]
INFO: [ view_parse ] --START--
NOTIC: [8] Use of undefined constant uid - assumed 'uid' D:\Software\xampp\htdocs\pigcms\Conf\logs\Cache\Home\7ae5786fac1f4b451ee42e6ab2caa3a7.php 第 31 行.
NOTIC: [8] Undefined index: uid D:\Software\xampp\htdocs\pigcms\Conf\logs\Cache\Home\7ae5786fac1f4b451ee42e6ab2caa3a7.php 第 31 行.
INFO: Run ParseTemplate Behavior [ RunTime:-1.053060s ]
INFO: [ view_parse ] --END-- [ RunTime:0.027002s ]
INFO: [ view_filter ] --START--
INFO: Run ContentReplace Behavior [ RunTime:-1.080062s ]
INFO: Run TokenBuild Behavior [ RunTime:-1.081062s ]
INFO: Run WriteHtmlCache Behavior [ RunTime:-1.082062s ]
INFO: Run ShowRuntime Behavior [ RunTime:-1.082062s ]
INFO: [ view_filter ] --END-- [ RunTime:0.003000s ]
INFO: [ view_end ] --START--
INFO: Run ShowPageTrace Behavior [ RunTime:-1.083062s ]
INFO: [ view_end ] --END-- [ RunTime:0.000000s ]

[ 2014-12-03T22:06:22+08:00 ] 127.0.0.1 /index.php?g=Home&m=Index&a=login
INFO: [ app_begin ] --START--
INFO: Run ReadHtmlCache Behavior [ RunTime:0.000000s ]
INFO: [ app_begin ] --END-- [ RunTime:0.001000s ]
INFO: [ view_template ] --START--
INFO: Run LocationTemplate Behavior [ RunTime:-0.004000s ]
INFO: [ view_template ] --END-- [ RunTime:0.001000s ]
INFO: [ view_parse ] --START--
NOTIC: [8] Use of undefined constant uid - assumed 'uid' D:\Software\xampp\htdocs\pigcms\Conf\logs\Cache\Home\911a6ad059e4a4554e61d97297ac8f95.php 第 30 行.
NOTIC: [8] Undefined index: uid D:\Software\xampp\htdocs\pigcms\Conf\logs\Cache\Home\911a6ad059e4a4554e61d97297ac8f95.php 第 30 行.
INFO: Run ParseTemplate Behavior [ RunTime:-0.004000s ]
INFO: [ view_parse ] --END-- [ RunTime:0.012001s ]
INFO: [ view_filter ] --START--
INFO: Run ContentReplace Behavior [ RunTime:-0.016001s ]
INFO: Run TokenBuild Behavior [ RunTime:-0.016001s ]
INFO: Run WriteHtmlCache Behavior [ RunTime:-0.017001s ]
INFO: Run ShowRuntime Behavior [ RunTime:-0.017001s ]
INFO: [ view_filter ] --END-- [ RunTime:0.002000s ]
INFO: [ view_end ] --START--
INFO: Run ShowPageTrace Behavior [ RunTime:-0.018001s ]
INFO: [ view_end ] --END-- [ RunTime:0.001000s ]

[ 2014-12-03T22:06:38+08:00 ] 127.0.0.1 /index.php?m=Index&a=login
INFO: [ app_begin ] --START--
INFO: Run ReadHtmlCache Behavior [ RunTime:0.001000s ]
INFO: [ app_begin ] --END-- [ RunTime:0.001000s ]
INFO: [ view_template ] --START--
INFO: Run LocationTemplate Behavior [ RunTime:-0.003000s ]
INFO: [ view_template ] --END-- [ RunTime:0.000000s ]
INFO: [ view_parse ] --START--
NOTIC: [8] Use of undefined constant uid - assumed 'uid' D:\Software\xampp\htdocs\pigcms\Conf\logs\Cache\Home\911a6ad059e4a4554e61d97297ac8f95.php 第 30 行.
NOTIC: [8] Undefined index: uid D:\Software\xampp\htdocs\pigcms\Conf\logs\Cache\Home\911a6ad059e4a4554e61d97297ac8f95.php 第 30 行.
INFO: Run ParseTemplate Behavior [ RunTime:-0.003000s ]
INFO: [ view_parse ] --END-- [ RunTime:0.012001s ]
INFO: [ view_filter ] --START--
INFO: Run ContentReplace Behavior [ RunTime:-0.015001s ]
INFO: Run TokenBuild Behavior [ RunTime:-0.015001s ]
INFO: Run WriteHtmlCache Behavior [ RunTime:-0.016001s ]
INFO: Run ShowRuntime Behavior [ RunTime:-0.016001s ]
INFO: [ view_filter ] --END-- [ RunTime:0.002000s ]
INFO: [ view_end ] --START--
INFO: Run ShowPageTrace Behavior [ RunTime:-0.017001s ]
INFO: [ view_end ] --END-- [ RunTime:0.001000s ]

[ 2014-12-03T22:06:46+08:00 ] 127.0.0.1 /index.php?m=Users&a=checklogin
INFO: [ app_begin ] --START--
INFO: Run ReadHtmlCache Behavior [ RunTime:0.001000s ]
INFO: [ app_begin ] --END-- [ RunTime:0.001000s ]
SQL: SHOW COLUMNS FROM `tp_users` [ RunTime:0.006000s ]
SQL: SELECT * FROM `tp_users` WHERE ( `username` = 'admin' ) LIMIT 1   [ RunTime:0.000000s ]
SQL: SHOW COLUMNS FROM `tp_user_group` [ RunTime:0.004000s ]
SQL: SELECT * FROM `tp_user_group` WHERE ( `id` = 4 ) LIMIT 1   [ RunTime:0.000000s ]
SQL: UPDATE `tp_users` SET `diynum`='0',`connectnum`='0',`activitynum`='0' WHERE ( `id` = 1 ) [ RunTime:0.043003s ]
SQL: UPDATE `tp_users` SET `lasttime`='1417615606',`lastloginmonth`='12',`lastip`='127.0.0.1' WHERE ( `id` = 1 ) [ RunTime:0.000000s ]
INFO: [ view_template ] --START--
INFO: Run LocationTemplate Behavior [ RunTime:-1.085062s ]
INFO: [ view_template ] --END-- [ RunTime:0.000000s ]
INFO: [ view_parse ] --START--
INFO: Run ParseTemplate Behavior [ RunTime:-1.085062s ]
INFO: [ view_parse ] --END-- [ RunTime:0.007000s ]
INFO: [ view_filter ] --START--
INFO: Run ContentReplace Behavior [ RunTime:-1.092062s ]
INFO: Run TokenBuild Behavior [ RunTime:-1.093062s ]
INFO: Run WriteHtmlCache Behavior [ RunTime:-1.093062s ]
INFO: Run ShowRuntime Behavior [ RunTime:-1.094062s ]
INFO: [ view_filter ] --END-- [ RunTime:0.002000s ]
INFO: [ view_end ] --START--
INFO: Run ShowPageTrace Behavior [ RunTime:-1.094062s ]
INFO: [ view_end ] --END-- [ RunTime:0.001000s ]

[ 2014-12-03T22:06:48+08:00 ] 127.0.0.1 /index.php?g=User&m=Index&a=index
INFO: [ app_begin ] --START--
INFO: Run ReadHtmlCache Behavior [ RunTime:0.001000s ]
INFO: [ app_begin ] --END-- [ RunTime:0.001000s ]
NOTIC: [2048] Declaration of IndexAction::insert() should be compatible with BaseAction::insert($name = '', $back = '/index') D:\Software\xampp\htdocs\pigcms\PigCms\Lib\Action\User\IndexAction.class.php 第 2 行.
SQL: SHOW COLUMNS FROM `tp_user_group` [ RunTime:0.005001s ]
SQL: SELECT * FROM `tp_user_group` WHERE ( `id` = 4 ) LIMIT 1   [ RunTime:0.000000s ]
SQL: SHOW COLUMNS FROM `tp_users` [ RunTime:0.006000s ]
SQL: SELECT * FROM `tp_users` WHERE ( `id` = 1 ) LIMIT 1   [ RunTime:0.000000s ]
SQL: SHOW COLUMNS FROM `tp_wxuser` [ RunTime:0.007001s ]
SQL: SELECT * FROM `tp_wxuser` WHERE ( `token` = null ) AND ( `uid` = 1 ) LIMIT 1   [ RunTime:0.001000s ]
SQL: SHOW COLUMNS FROM `tp_token_open` [ RunTime:0.005000s ]
SQL: SELECT `queryname` FROM `tp_token_open` WHERE ( `token` = null ) LIMIT 1   [ RunTime:0.001000s ]
NOTIC: [8] Undefined index: width D:\Software\xampp\htdocs\pigcms\PigCms\Lib\Action\UserAction.class.php 第 68 行.
SQL: SHOW COLUMNS FROM `tp_user_group` [ RunTime:0.003000s ]
SQL: SELECT * FROM `tp_user_group`  [ RunTime:0.000000s ]
SQL: SELECT COUNT(*) AS tp_count FROM `tp_wxuser` WHERE ( `uid` = 1 ) LIMIT 1   [ RunTime:0.012001s ]
SQL: SELECT * FROM `tp_wxuser` WHERE ( `uid` = 1 ) LIMIT 0,100   [ RunTime:0.001000s ]
NOTIC: [8] Undefined variable: apiinfo D:\Software\xampp\htdocs\pigcms\PigCms\Lib\Action\User\IndexAction.class.php 第 33 行.
SQL: SHOW COLUMNS FROM `tp_diymen_set` [ RunTime:0.012001s ]
SQL: SELECT * FROM `tp_diymen_set` WHERE ( `token` = 'xlrvqn1417349582' ) LIMIT 1   [ RunTime:0.000000s ]
INFO: [ view_template ] --START--
INFO: Run LocationTemplate Behavior [ RunTime:-1.131065s ]
INFO: [ view_template ] --END-- [ RunTime:0.022001s ]
INFO: [ view_parse ] --START--
NOTIC: [8] Use of undefined constant uid - assumed 'uid' D:\Software\xampp\htdocs\pigcms\Conf\logs\Cache\User\56f7804e54d354c9c14b7fc522e75478.php 第 51 行.
NOTIC: [8] Use of undefined constant Common - assumed 'Common' D:\Software\xampp\htdocs\pigcms\Conf\logs\Cache\User\56f7804e54d354c9c14b7fc522e75478.php 第 113 行.
NOTIC: [8] Undefined variable: alert D:\Software\xampp\htdocs\pigcms\Conf\logs\Cache\User\56f7804e54d354c9c14b7fc522e75478.php 第 210 行.
INFO: Run ParseTemplate Behavior [ RunTime:-1.153066s ]
INFO: [ view_parse ] --END-- [ RunTime:0.061003s ]
INFO: [ view_filter ] --START--
INFO: Run ContentReplace Behavior [ RunTime:-1.214069s ]
INFO: Run TokenBuild Behavior [ RunTime:-1.214069s ]
INFO: Run WriteHtmlCache Behavior [ RunTime:-1.215069s ]
INFO: Run ShowRuntime Behavior [ RunTime:-1.216070s ]
INFO: [ view_filter ] --END-- [ RunTime:0.002001s ]
INFO: [ view_end ] --START--
INFO: Run ShowPageTrace Behavior [ RunTime:-1.216070s ]
INFO: [ view_end ] --END-- [ RunTime:0.001000s ]

[ 2014-12-03T22:08:02+08:00 ] 127.0.0.1 /index.php?g=User&m=Index&a=add
INFO: [ app_begin ] --START--
INFO: Run ReadHtmlCache Behavior [ RunTime:0.001000s ]
INFO: [ app_begin ] --END-- [ RunTime:0.001000s ]
NOTIC: [2048] Declaration of IndexAction::insert() should be compatible with BaseAction::insert($name = '', $back = '/index') D:\Software\xampp\htdocs\pigcms\PigCms\Lib\Action\User\IndexAction.class.php 第 2 行.
SQL: SHOW COLUMNS FROM `tp_user_group` [ RunTime:0.005001s ]
SQL: SELECT * FROM `tp_user_group` WHERE ( `id` = 4 ) LIMIT 1   [ RunTime:0.000000s ]
SQL: SHOW COLUMNS FROM `tp_users` [ RunTime:0.006000s ]
SQL: SELECT * FROM `tp_users` WHERE ( `id` = 1 ) LIMIT 1   [ RunTime:0.000000s ]
SQL: SHOW COLUMNS FROM `tp_wxuser` [ RunTime:0.007000s ]
SQL: SELECT * FROM `tp_wxuser` WHERE ( `token` = null ) AND ( `uid` = 1 ) LIMIT 1   [ RunTime:0.000000s ]
SQL: SHOW COLUMNS FROM `tp_token_open` [ RunTime:0.005001s ]
SQL: SELECT `queryname` FROM `tp_token_open` WHERE ( `token` = null ) LIMIT 1   [ RunTime:0.001000s ]
NOTIC: [8] Undefined index: width D:\Software\xampp\htdocs\pigcms\PigCms\Lib\Action\UserAction.class.php 第 68 行.
INFO: [ view_template ] --START--
INFO: Run LocationTemplate Behavior [ RunTime:-1.043060s ]
INFO: [ view_template ] --END-- [ RunTime:0.016001s ]
INFO: [ view_parse ] --START--
NOTIC: [8] Use of undefined constant uid - assumed 'uid' D:\Software\xampp\htdocs\pigcms\Conf\logs\Cache\User\abcb2dc0cdf6cecdbc543733dfd2e7d4.php 第 51 行.
NOTIC: [8] Undefined variable: alert D:\Software\xampp\htdocs\pigcms\Conf\logs\Cache\User\abcb2dc0cdf6cecdbc543733dfd2e7d4.php 第 232 行.
INFO: Run ParseTemplate Behavior [ RunTime:-1.059061s ]
INFO: [ view_parse ] --END-- [ RunTime:0.031002s ]
INFO: [ view_filter ] --START--
INFO: Run ContentReplace Behavior [ RunTime:-1.090063s ]
INFO: Run TokenBuild Behavior [ RunTime:-1.090063s ]
INFO: Run WriteHtmlCache Behavior [ RunTime:-1.091063s ]
INFO: Run ShowRuntime Behavior [ RunTime:-1.092063s ]
INFO: [ view_filter ] --END-- [ RunTime:0.002000s ]
INFO: [ view_end ] --START--
INFO: Run ShowPageTrace Behavior [ RunTime:-1.092063s ]
INFO: [ view_end ] --END-- [ RunTime:0.001000s ]

[ 2014-12-03T22:36:52+08:00 ] 127.0.0.1 /index.php?g=User&m=Index&a=index
INFO: [ app_begin ] --START--
INFO: Run ReadHtmlCache Behavior [ RunTime:0.001000s ]
INFO: [ app_begin ] --END-- [ RunTime:0.001000s ]
NOTIC: [2048] Declaration of IndexAction::insert() should be compatible with BaseAction::insert($name = '', $back = '/index') D:\Software\xampp\htdocs\pigcms\PigCms\Lib\Action\User\IndexAction.class.php 第 2 行.
SQL: SHOW COLUMNS FROM `tp_user_group` [ RunTime:0.004000s ]
SQL: SELECT * FROM `tp_user_group` WHERE ( `id` = 4 ) LIMIT 1   [ RunTime:0.000000s ]
SQL: SHOW COLUMNS FROM `tp_users` [ RunTime:0.006000s ]
SQL: SELECT * FROM `tp_users` WHERE ( `id` = 1 ) LIMIT 1   [ RunTime:0.001000s ]
SQL: SHOW COLUMNS FROM `tp_wxuser` [ RunTime:0.006001s ]
SQL: SELECT * FROM `tp_wxuser` WHERE ( `token` = null ) AND ( `uid` = 1 ) LIMIT 1   [ RunTime:0.000000s ]
SQL: SHOW COLUMNS FROM `tp_token_open` [ RunTime:0.006000s ]
SQL: SELECT `queryname` FROM `tp_token_open` WHERE ( `token` = null ) LIMIT 1   [ RunTime:0.000000s ]
NOTIC: [8] Undefined index: width D:\Software\xampp\htdocs\pigcms\PigCms\Lib\Action\UserAction.class.php 第 68 行.
SQL: SHOW COLUMNS FROM `tp_user_group` [ RunTime:0.004000s ]
SQL: SELECT * FROM `tp_user_group`  [ RunTime:0.000000s ]
SQL: SELECT COUNT(*) AS tp_count FROM `tp_wxuser` WHERE ( `uid` = 1 ) LIMIT 1   [ RunTime:0.000000s ]
SQL: SELECT * FROM `tp_wxuser` WHERE ( `uid` = 1 ) LIMIT 0,100   [ RunTime:0.000000s ]
NOTIC: [8] Undefined variable: apiinfo D:\Software\xampp\htdocs\pigcms\PigCms\Lib\Action\User\IndexAction.class.php 第 33 行.
SQL: SHOW COLUMNS FROM `tp_diymen_set` [ RunTime:0.005000s ]
SQL: SELECT * FROM `tp_diymen_set` WHERE ( `token` = 'xlrvqn1417349582' ) LIMIT 1   [ RunTime:0.000000s ]
INFO: [ view_template ] --START--
INFO: Run LocationTemplate Behavior [ RunTime:-1.086062s ]
INFO: [ view_template ] --END-- [ RunTime:0.001000s ]
INFO: [ view_parse ] --START--
NOTIC: [8] Use of undefined constant uid - assumed 'uid' D:\Software\xampp\htdocs\pigcms\Conf\logs\Cache\User\56f7804e54d354c9c14b7fc522e75478.php 第 51 行.
NOTIC: [8] Use of undefined constant Common - assumed 'Common' D:\Software\xampp\htdocs\pigcms\Conf\logs\Cache\User\56f7804e54d354c9c14b7fc522e75478.php 第 113 行.
NOTIC: [8] Undefined variable: alert D:\Software\xampp\htdocs\pigcms\Conf\logs\Cache\User\56f7804e54d354c9c14b7fc522e75478.php 第 210 行.
INFO: Run ParseTemplate Behavior [ RunTime:-1.087062s ]
INFO: [ view_parse ] --END-- [ RunTime:0.028001s ]
INFO: [ view_filter ] --START--
INFO: Run ContentReplace Behavior [ RunTime:-1.115063s ]
INFO: Run TokenBuild Behavior [ RunTime:-1.116064s ]
INFO: Run WriteHtmlCache Behavior [ RunTime:-1.117064s ]
INFO: Run ShowRuntime Behavior [ RunTime:-1.117064s ]
INFO: [ view_filter ] --END-- [ RunTime:0.003001s ]
INFO: [ view_end ] --START--
INFO: Run ShowPageTrace Behavior [ RunTime:-1.118064s ]
INFO: [ view_end ] --END-- [ RunTime:0.001000s ]

[ 2014-12-03T22:36:59+08:00 ] 127.0.0.1 /index.php?g=User&m=Index&a=add
INFO: [ app_begin ] --START--
INFO: Run ReadHtmlCache Behavior [ RunTime:0.001000s ]
INFO: [ app_begin ] --END-- [ RunTime:0.001000s ]
NOTIC: [2048] Declaration of IndexAction::insert() should be compatible with BaseAction::insert($name = '', $back = '/index') D:\Software\xampp\htdocs\pigcms\PigCms\Lib\Action\User\IndexAction.class.php 第 2 行.
SQL: SHOW COLUMNS FROM `tp_user_group` [ RunTime:0.006000s ]
SQL: SELECT * FROM `tp_user_group` WHERE ( `id` = 4 ) LIMIT 1   [ RunTime:0.001000s ]
SQL: SHOW COLUMNS FROM `tp_users` [ RunTime:0.005001s ]
SQL: SELECT * FROM `tp_users` WHERE ( `id` = 1 ) LIMIT 1   [ RunTime:0.001000s ]
SQL: SHOW COLUMNS FROM `tp_wxuser` [ RunTime:0.006000s ]
SQL: SELECT * FROM `tp_wxuser` WHERE ( `token` = null ) AND ( `uid` = 1 ) LIMIT 1   [ RunTime:0.001000s ]
SQL: SHOW COLUMNS FROM `tp_token_open` [ RunTime:0.004000s ]
SQL: SELECT `queryname` FROM `tp_token_open` WHERE ( `token` = null ) LIMIT 1   [ RunTime:0.000000s ]
NOTIC: [8] Undefined index: width D:\Software\xampp\htdocs\pigcms\PigCms\Lib\Action\UserAction.class.php 第 68 行.
INFO: [ view_template ] --START--
INFO: Run LocationTemplate Behavior [ RunTime:-1.044059s ]
INFO: [ view_template ] --END-- [ RunTime:0.001000s ]
INFO: [ view_parse ] --START--
NOTIC: [8] Use of undefined constant uid - assumed 'uid' D:\Software\xampp\htdocs\pigcms\Conf\logs\Cache\User\abcb2dc0cdf6cecdbc543733dfd2e7d4.php 第 51 行.
NOTIC: [8] Undefined variable: alert D:\Software\xampp\htdocs\pigcms\Conf\logs\Cache\User\abcb2dc0cdf6cecdbc543733dfd2e7d4.php 第 232 行.
INFO: Run ParseTemplate Behavior [ RunTime:-1.045059s ]
INFO: [ view_parse ] --END-- [ RunTime:0.013001s ]
INFO: [ view_filter ] --START--
INFO: Run ContentReplace Behavior [ RunTime:-1.058060s ]
INFO: Run TokenBuild Behavior [ RunTime:-1.059060s ]
INFO: Run WriteHtmlCache Behavior [ RunTime:-1.059060s ]
INFO: Run ShowRuntime Behavior [ RunTime:-1.060060s ]
INFO: [ view_filter ] --END-- [ RunTime:0.002000s ]
INFO: [ view_end ] --START--
INFO: Run ShowPageTrace Behavior [ RunTime:-1.060060s ]
INFO: [ view_end ] --END-- [ RunTime:0.001000s ]

[ 2014-12-03T22:50:21+08:00 ] 127.0.0.1 /index.php?g=User&m=Index&a=insert
INFO: [ app_begin ] --START--
INFO: Run ReadHtmlCache Behavior [ RunTime:0.002001s ]
INFO: [ app_begin ] --END-- [ RunTime:0.002001s ]
NOTIC: [2048] Declaration of IndexAction::insert() should be compatible with BaseAction::insert($name = '', $back = '/index') D:\Software\xampp\htdocs\pigcms\PigCms\Lib\Action\User\IndexAction.class.php 第 2 行.
SQL: SHOW COLUMNS FROM `tp_user_group` [ RunTime:0.009000s ]
SQL: SELECT * FROM `tp_user_group` WHERE ( `id` = 4 ) LIMIT 1   [ RunTime:0.000000s ]
SQL: SHOW COLUMNS FROM `tp_users` [ RunTime:0.006001s ]
SQL: SELECT * FROM `tp_users` WHERE ( `id` = 1 ) LIMIT 1   [ RunTime:0.001000s ]
SQL: SHOW COLUMNS FROM `tp_wxuser` [ RunTime:0.006000s ]
SQL: SELECT * FROM `tp_wxuser` WHERE ( `token` = null ) AND ( `uid` = 1 ) LIMIT 1   [ RunTime:0.001000s ]
SQL: SHOW COLUMNS FROM `tp_token_open` [ RunTime:0.004001s ]
SQL: SELECT `queryname` FROM `tp_token_open` WHERE ( `token` = null ) LIMIT 1   [ RunTime:0.000000s ]
NOTIC: [8] Undefined index: width D:\Software\xampp\htdocs\pigcms\PigCms\Lib\Action\UserAction.class.php 第 68 行.
SQL: SELECT `wechat_card_num` FROM `tp_user_group` WHERE ( `id` = 4 ) LIMIT 1   [ RunTime:0.001000s ]
SQL: SELECT * FROM `tp_users` WHERE ( `id` = 1 ) LIMIT 1   [ RunTime:0.000000s ]
SQL: SHOW COLUMNS FROM `tp_wxuser` [ RunTime:0.005000s ]
SQL: SELECT * FROM `tp_wxuser` WHERE ( `token` = 'mfqofh1417617418' ) LIMIT 1   [ RunTime:0.000000s ]
NOTIC: [8] Undefined offset: 3 D:\Software\xampp\htdocs\pigcms\Lib\Core\Model.class.php 第 868 行.
NOTIC: [8] Undefined offset: 3 D:\Software\xampp\htdocs\pigcms\Lib\Core\Model.class.php 第 868 行.
NOTIC: [8] Undefined offset: 3 D:\Software\xampp\htdocs\pigcms\Lib\Core\Model.class.php 第 868 行.
NOTIC: [8] Undefined offset: 3 D:\Software\xampp\htdocs\pigcms\Lib\Core\Model.class.php 第 868 行.
NOTIC: [8] Undefined offset: 3 D:\Software\xampp\htdocs\pigcms\Lib\Core\Model.class.php 第 868 行.
NOTIC: [8] Undefined offset: 3 D:\Software\xampp\htdocs\pigcms\Lib\Core\Model.class.php 第 868 行.
SQL: INSERT INTO `tp_wxuser` (`wxname`,`wxid`,`weixin`,`appid`,`appsecret`,`winxintype`,`headerpic`,`token`,`province`,`city`,`qq`,`wxfans`,`pigsecret`,`uid`,`tpltypeid`,`tpllistid`,`tplcontentid`,`tpltypename`,`tpllistname`,`tplcontentname`,`createtime`,`updatetime`,`typeid`,`typename`) VALUES ('阿斯蒂芬','代发','水电费','','','1','./tpl/User/default/common/images/portrait.jpg','mfqofh1417617418','p','c','1417617418@yourdomain.com','0','Dg2bF8iegufysmKP92qc','1','1','1','1','ty_index','yl_list','ktv_content','1417618221','1417618221','8','服务') [ RunTime:0.000000s ]
SQL: UPDATE `tp_users` SET `wechat_card_num`=wechat_card_num+1 WHERE ( `id` = 1 ) [ RunTime:0.001000s ]
SQL: SHOW COLUMNS FROM `tp_token_open` [ RunTime:0.003000s ]
SQL: SHOW COLUMNS FROM `tp_function` [ RunTime:0.004001s ]
SQL: SELECT `funname`,`gid`,`isserve` FROM `tp_function` WHERE `gid` <= 4  [ RunTime:0.016001s ]
NOTIC: [8] Undefined variable: queryname D:\Software\xampp\htdocs\pigcms\PigCms\Lib\Action\User\IndexAction.class.php 第 251 行.
SQL: INSERT INTO `tp_token_open` (`uid`,`token`,`queryname`) VALUES ('1','mfqofh1417617418','tianqi,qiushi,jishuan,langdu,jiankang,kuaidi,xiaohua,changtoushi,peiliao,liaotian,mengjian,yuyinfanyi,huoche,gongjiao,shenfenzheng,shouji,yinle,fujin,lottery,taobao,userinfo,fanyi,api,suanming,baike,caipiao,choujiang,shouye,adma,huiyuanka,host_kev,geci,,diyform,dx,shop,etuan,diymen_set,gua2,panorama,wedding,vote,estate,album,GoldenEgg,LuckyFruit,message,car,wall,shake,forum,medical,message,share,hotel,school,Zhaopianwall,Vcard,advanceTpl,,Dati,Yuyue,wifi') [ RunTime:0.001000s ]
SQL: SHOW COLUMNS FROM `tp_diymen_set` [ RunTime:0.003000s ]
SQL: INSERT INTO `tp_diymen_set` (`appid`,`token`,`appsecret`) VALUES ('','mfqofh1417617418','') [ RunTime:0.000000s ]
INFO: [ view_template ] --START--
INFO: Run LocationTemplate Behavior [ RunTime:-1.107063s ]
INFO: [ view_template ] --END-- [ RunTime:0.001000s ]
INFO: [ view_parse ] --START--
INFO: Run ParseTemplate Behavior [ RunTime:-1.108063s ]
INFO: [ view_parse ] --END-- [ RunTime:0.018001s ]
INFO: [ view_filter ] --START--
INFO: Run ContentReplace Behavior [ RunTime:-1.126064s ]
INFO: Run TokenBuild Behavior [ RunTime:-1.127064s ]
INFO: Run WriteHtmlCache Behavior [ RunTime:-1.128064s ]
INFO: Run ShowRuntime Behavior [ RunTime:-1.129064s ]
INFO: [ view_filter ] --END-- [ RunTime:0.003000s ]
INFO: [ view_end ] --START--
INFO: Run ShowPageTrace Behavior [ RunTime:-1.130064s ]
INFO: [ view_end ] --END-- [ RunTime:0.000000s ]

[ 2014-12-03T22:50:23+08:00 ] 127.0.0.1 /index.php?g=User&m=Index&a=index
INFO: [ app_begin ] --START--
INFO: Run ReadHtmlCache Behavior [ RunTime:0.001000s ]
INFO: [ app_begin ] --END-- [ RunTime:0.001000s ]
NOTIC: [2048] Declaration of IndexAction::insert() should be compatible with BaseAction::insert($name = '', $back = '/index') D:\Software\xampp\htdocs\pigcms\PigCms\Lib\Action\User\IndexAction.class.php 第 2 行.
SQL: SHOW COLUMNS FROM `tp_user_group` [ RunTime:0.005001s ]
SQL: SELECT * FROM `tp_user_group` WHERE ( `id` = 4 ) LIMIT 1   [ RunTime:0.000000s ]
SQL: SHOW COLUMNS FROM `tp_users` [ RunTime:0.021001s ]
SQL: SELECT * FROM `tp_users` WHERE ( `id` = 1 ) LIMIT 1   [ RunTime:0.001000s ]
SQL: SHOW COLUMNS FROM `tp_wxuser` [ RunTime:0.007000s ]
SQL: SELECT * FROM `tp_wxuser` WHERE ( `token` = null ) AND ( `uid` = 1 ) LIMIT 1   [ RunTime:0.018001s ]
SQL: SHOW COLUMNS FROM `tp_token_open` [ RunTime:0.005001s ]
SQL: SELECT `queryname` FROM `tp_token_open` WHERE ( `token` = null ) LIMIT 1   [ RunTime:0.001000s ]
NOTIC: [8] Undefined index: width D:\Software\xampp\htdocs\pigcms\PigCms\Lib\Action\UserAction.class.php 第 68 行.
SQL: SHOW COLUMNS FROM `tp_user_group` [ RunTime:0.005000s ]
SQL: SELECT * FROM `tp_user_group`  [ RunTime:0.001000s ]
SQL: SELECT COUNT(*) AS tp_count FROM `tp_wxuser` WHERE ( `uid` = 1 ) LIMIT 1   [ RunTime:0.000000s ]
SQL: SELECT * FROM `tp_wxuser` WHERE ( `uid` = 1 ) LIMIT 0,100   [ RunTime:0.001000s ]
NOTIC: [8] Undefined variable: apiinfo D:\Software\xampp\htdocs\pigcms\PigCms\Lib\Action\User\IndexAction.class.php 第 33 行.
SQL: SHOW COLUMNS FROM `tp_diymen_set` [ RunTime:0.005001s ]
SQL: SELECT * FROM `tp_diymen_set` WHERE ( `token` = 'xlrvqn1417349582' ) LIMIT 1   [ RunTime:0.000000s ]
NOTIC: [8] Undefined variable: apiinfo D:\Software\xampp\htdocs\pigcms\PigCms\Lib\Action\User\IndexAction.class.php 第 33 行.
SQL: SELECT * FROM `tp_diymen_set` WHERE ( `token` = 'mfqofh1417617418' ) LIMIT 1   [ RunTime:0.000000s ]
INFO: [ view_template ] --START--
INFO: Run LocationTemplate Behavior [ RunTime:-1.107064s ]
INFO: [ view_template ] --END-- [ RunTime:0.001000s ]
INFO: [ view_parse ] --START--
NOTIC: [8] Use of undefined constant uid - assumed 'uid' D:\Software\xampp\htdocs\pigcms\Conf\logs\Cache\User\56f7804e54d354c9c14b7fc522e75478.php 第 51 行.
NOTIC: [8] Use of undefined constant Common - assumed 'Common' D:\Software\xampp\htdocs\pigcms\Conf\logs\Cache\User\56f7804e54d354c9c14b7fc522e75478.php 第 113 行.
NOTIC: [8] Undefined variable: alert D:\Software\xampp\htdocs\pigcms\Conf\logs\Cache\User\56f7804e54d354c9c14b7fc522e75478.php 第 210 行.
INFO: Run ParseTemplate Behavior [ RunTime:-1.109064s ]
INFO: [ view_parse ] --END-- [ RunTime:0.020001s ]
INFO: [ view_filter ] --START--
INFO: Run ContentReplace Behavior [ RunTime:-1.129065s ]
INFO: Run TokenBuild Behavior [ RunTime:-1.130065s ]
INFO: Run WriteHtmlCache Behavior [ RunTime:-1.130065s ]
INFO: Run ShowRuntime Behavior [ RunTime:-1.131065s ]
INFO: [ view_filter ] --END-- [ RunTime:0.003000s ]
INFO: [ view_end ] --START--
INFO: Run ShowPageTrace Behavior [ RunTime:-1.132065s ]
INFO: [ view_end ] --END-- [ RunTime:0.001000s ]

[ 2014-12-03T22:56:32+08:00 ] 127.0.0.1 /index.php?g=User&m=Index&a=add
INFO: [ app_begin ] --START--
INFO: Run ReadHtmlCache Behavior [ RunTime:0.000000s ]
INFO: [ app_begin ] --END-- [ RunTime:0.000000s ]
NOTIC: [2048] Declaration of IndexAction::insert() should be compatible with BaseAction::insert($name = '', $back = '/index') D:\Software\xampp\htdocs\pigcms\PigCms\Lib\Action\User\IndexAction.class.php 第 2 行.
SQL: SHOW COLUMNS FROM `tp_user_group` [ RunTime:0.008000s ]
SQL: SELECT * FROM `tp_user_group` WHERE ( `id` = 4 ) LIMIT 1   [ RunTime:0.001000s ]
SQL: SHOW COLUMNS FROM `tp_users` [ RunTime:0.009001s ]
SQL: SELECT * FROM `tp_users` WHERE ( `id` = 1 ) LIMIT 1   [ RunTime:0.001000s ]
SQL: SHOW COLUMNS FROM `tp_wxuser` [ RunTime:0.009001s ]
SQL: SELECT * FROM `tp_wxuser` WHERE ( `token` = null ) AND ( `uid` = 1 ) LIMIT 1   [ RunTime:0.001000s ]
SQL: SHOW COLUMNS FROM `tp_token_open` [ RunTime:0.007000s ]
SQL: SELECT `queryname` FROM `tp_token_open` WHERE ( `token` = null ) LIMIT 1   [ RunTime:0.000000s ]
NOTIC: [8] Undefined index: width D:\Software\xampp\htdocs\pigcms\PigCms\Lib\Action\UserAction.class.php 第 68 行.
INFO: [ view_template ] --START--
INFO: Run LocationTemplate Behavior [ RunTime:-1.056060s ]
INFO: [ view_template ] --END-- [ RunTime:0.002000s ]
INFO: [ view_parse ] --START--
NOTIC: [8] Use of undefined constant uid - assumed 'uid' D:\Software\xampp\htdocs\pigcms\Conf\logs\Cache\User\abcb2dc0cdf6cecdbc543733dfd2e7d4.php 第 51 行.
NOTIC: [8] Undefined variable: alert D:\Software\xampp\htdocs\pigcms\Conf\logs\Cache\User\abcb2dc0cdf6cecdbc543733dfd2e7d4.php 第 232 行.
INFO: Run ParseTemplate Behavior [ RunTime:-1.059060s ]
INFO: [ view_parse ] --END-- [ RunTime:0.019001s ]
INFO: [ view_filter ] --START--
INFO: Run ContentReplace Behavior [ RunTime:-1.078061s ]
INFO: Run TokenBuild Behavior [ RunTime:-1.079062s ]
INFO: Run WriteHtmlCache Behavior [ RunTime:-1.079062s ]
INFO: Run ShowRuntime Behavior [ RunTime:-1.080062s ]
INFO: [ view_filter ] --END-- [ RunTime:0.004001s ]
INFO: [ view_end ] --START--
INFO: Run ShowPageTrace Behavior [ RunTime:-1.081062s ]
INFO: [ view_end ] --END-- [ RunTime:0.001000s ]

[ 2014-12-03T22:56:40+08:00 ] 127.0.0.1 /index.php?g=User&m=Index&a=insert
INFO: [ app_begin ] --START--
INFO: Run ReadHtmlCache Behavior [ RunTime:0.001000s ]
INFO: [ app_begin ] --END-- [ RunTime:0.001000s ]
NOTIC: [2048] Declaration of IndexAction::insert() should be compatible with BaseAction::insert($name = '', $back = '/index') D:\Software\xampp\htdocs\pigcms\PigCms\Lib\Action\User\IndexAction.class.php 第 2 行.
SQL: SHOW COLUMNS FROM `tp_user_group` [ RunTime:0.007000s ]
SQL: SELECT * FROM `tp_user_group` WHERE ( `id` = 4 ) LIMIT 1   [ RunTime:0.001000s ]
SQL: SHOW COLUMNS FROM `tp_users` [ RunTime:0.008001s ]
SQL: SELECT * FROM `tp_users` WHERE ( `id` = 1 ) LIMIT 1   [ RunTime:0.001000s ]
SQL: SHOW COLUMNS FROM `tp_wxuser` [ RunTime:0.009000s ]
SQL: SELECT * FROM `tp_wxuser` WHERE ( `token` = null ) AND ( `uid` = 1 ) LIMIT 1   [ RunTime:0.002000s ]
SQL: SHOW COLUMNS FROM `tp_token_open` [ RunTime:0.007001s ]
SQL: SELECT `queryname` FROM `tp_token_open` WHERE ( `token` = null ) LIMIT 1   [ RunTime:0.001000s ]
NOTIC: [8] Undefined index: width D:\Software\xampp\htdocs\pigcms\PigCms\Lib\Action\UserAction.class.php 第 68 行.
SQL: SELECT `wechat_card_num` FROM `tp_user_group` WHERE ( `id` = 4 ) LIMIT 1   [ RunTime:0.000000s ]
SQL: SELECT * FROM `tp_users` WHERE ( `id` = 1 ) LIMIT 1   [ RunTime:0.001000s ]
SQL: SHOW COLUMNS FROM `tp_wxuser` [ RunTime:0.009001s ]
SQL: SELECT * FROM `tp_wxuser` WHERE ( `token` = 'hcayyh1417618592' ) LIMIT 1   [ RunTime:0.001000s ]
NOTIC: [8] Undefined offset: 3 D:\Software\xampp\htdocs\pigcms\Lib\Core\Model.class.php 第 868 行.
NOTIC: [8] Undefined offset: 3 D:\Software\xampp\htdocs\pigcms\Lib\Core\Model.class.php 第 868 行.
NOTIC: [8] Undefined offset: 3 D:\Software\xampp\htdocs\pigcms\Lib\Core\Model.class.php 第 868 行.
NOTIC: [8] Undefined offset: 3 D:\Software\xampp\htdocs\pigcms\Lib\Core\Model.class.php 第 868 行.
NOTIC: [8] Undefined offset: 3 D:\Software\xampp\htdocs\pigcms\Lib\Core\Model.class.php 第 868 行.
NOTIC: [8] Undefined offset: 3 D:\Software\xampp\htdocs\pigcms\Lib\Core\Model.class.php 第 868 行.
SQL: INSERT INTO `tp_wxuser` (`wxname`,`wxid`,`weixin`,`appid`,`appsecret`,`winxintype`,`headerpic`,`token`,`province`,`city`,`qq`,`wxfans`,`pigsecret`,`uid`,`tpltypeid`,`tpllistid`,`tplcontentid`,`tpltypename`,`tpllistname`,`tplcontentname`,`createtime`,`updatetime`,`typeid`,`typename`) VALUES ('特','让他','让他','','','1','./tpl/User/default/common/images/portrait.jpg','hcayyh1417618592','p','c','1417618592@yourdomain.com','0','pBhpbuKxPJLEu37cxjKL','1','1','1','1','ty_index','yl_list','ktv_content','1417618600','1417618600','8','服务') [ RunTime:0.000000s ]
SQL: UPDATE `tp_users` SET `wechat_card_num`=wechat_card_num+1 WHERE ( `id` = 1 ) [ RunTime:0.001000s ]
SQL: SHOW COLUMNS FROM `tp_token_open` [ RunTime:0.006000s ]
SQL: SHOW COLUMNS FROM `tp_function` [ RunTime:0.008001s ]
SQL: SELECT `funname`,`gid`,`isserve` FROM `tp_function` WHERE `gid` <= 4  [ RunTime:0.001000s ]
NOTIC: [8] Undefined variable: queryname D:\Software\xampp\htdocs\pigcms\PigCms\Lib\Action\User\IndexAction.class.php 第 251 行.
SQL: INSERT INTO `tp_token_open` (`uid`,`token`,`queryname`) VALUES ('1','hcayyh1417618592','tianqi,qiushi,jishuan,langdu,jiankang,kuaidi,xiaohua,changtoushi,peiliao,liaotian,mengjian,yuyinfanyi,huoche,gongjiao,shenfenzheng,shouji,yinle,fujin,lottery,taobao,userinfo,fanyi,api,suanming,baike,caipiao,choujiang,shouye,adma,huiyuanka,host_kev,geci,,diyform,dx,shop,etuan,diymen_set,gua2,panorama,wedding,vote,estate,album,GoldenEgg,LuckyFruit,message,car,wall,shake,forum,medical,message,share,hotel,school,Zhaopianwall,Vcard,advanceTpl,,Dati,Yuyue,wifi') [ RunTime:0.001000s ]
SQL: SHOW COLUMNS FROM `tp_diymen_set` [ RunTime:0.008000s ]
SQL: INSERT INTO `tp_diymen_set` (`appid`,`token`,`appsecret`) VALUES ('','hcayyh1417618592','') [ RunTime:0.001001s ]
INFO: [ view_template ] --START--
INFO: Run LocationTemplate Behavior [ RunTime:-1.124065s ]
INFO: [ view_template ] --END-- [ RunTime:0.003000s ]
INFO: [ view_parse ] --START--
INFO: Run ParseTemplate Behavior [ RunTime:-1.127065s ]
INFO: [ view_parse ] --END-- [ RunTime:0.010000s ]
INFO: [ view_filter ] --START--
INFO: Run ContentReplace Behavior [ RunTime:-1.137065s ]
INFO: Run TokenBuild Behavior [ RunTime:-1.138065s ]
INFO: Run WriteHtmlCache Behavior [ RunTime:-1.140065s ]
INFO: Run ShowRuntime Behavior [ RunTime:-1.141066s ]
INFO: [ view_filter ] --END-- [ RunTime:0.005001s ]
INFO: [ view_end ] --START--
INFO: Run ShowPageTrace Behavior [ RunTime:-1.143066s ]
INFO: [ view_end ] --END-- [ RunTime:0.001000s ]

[ 2014-12-03T22:56:43+08:00 ] 127.0.0.1 /index.php?g=User&m=Index&a=index
INFO: [ app_begin ] --START--
INFO: Run ReadHtmlCache Behavior [ RunTime:0.001001s ]
INFO: [ app_begin ] --END-- [ RunTime:0.001001s ]
NOTIC: [2048] Declaration of IndexAction::insert() should be compatible with BaseAction::insert($name = '', $back = '/index') D:\Software\xampp\htdocs\pigcms\PigCms\Lib\Action\User\IndexAction.class.php 第 2 行.
SQL: SHOW COLUMNS FROM `tp_user_group` [ RunTime:0.004000s ]
SQL: SELECT * FROM `tp_user_group` WHERE ( `id` = 4 ) LIMIT 1   [ RunTime:0.000000s ]
SQL: SHOW COLUMNS FROM `tp_users` [ RunTime:0.081004s ]
SQL: SELECT * FROM `tp_users` WHERE ( `id` = 1 ) LIMIT 1   [ RunTime:0.001000s ]
SQL: SHOW COLUMNS FROM `tp_wxuser` [ RunTime:0.010000s ]
SQL: SELECT * FROM `tp_wxuser` WHERE ( `token` = null ) AND ( `uid` = 1 ) LIMIT 1   [ RunTime:0.001000s ]
SQL: SHOW COLUMNS FROM `tp_token_open` [ RunTime:0.008001s ]
SQL: SELECT `queryname` FROM `tp_token_open` WHERE ( `token` = null ) LIMIT 1   [ RunTime:0.001000s ]
NOTIC: [8] Undefined index: width D:\Software\xampp\htdocs\pigcms\PigCms\Lib\Action\UserAction.class.php 第 68 行.
SQL: SHOW COLUMNS FROM `tp_user_group` [ RunTime:0.008000s ]
SQL: SELECT * FROM `tp_user_group`  [ RunTime:0.001000s ]
SQL: SELECT COUNT(*) AS tp_count FROM `tp_wxuser` WHERE ( `uid` = 1 ) LIMIT 1   [ RunTime:0.001001s ]
SQL: SELECT * FROM `tp_wxuser` WHERE ( `uid` = 1 ) LIMIT 0,100   [ RunTime:0.001000s ]
NOTIC: [8] Undefined variable: apiinfo D:\Software\xampp\htdocs\pigcms\PigCms\Lib\Action\User\IndexAction.class.php 第 33 行.
SQL: SHOW COLUMNS FROM `tp_diymen_set` [ RunTime:0.004000s ]
SQL: SELECT * FROM `tp_diymen_set` WHERE ( `token` = 'xlrvqn1417349582' ) LIMIT 1   [ RunTime:0.000000s ]
NOTIC: [8] Undefined variable: apiinfo D:\Software\xampp\htdocs\pigcms\PigCms\Lib\Action\User\IndexAction.class.php 第 33 行.
SQL: SELECT * FROM `tp_diymen_set` WHERE ( `token` = 'mfqofh1417617418' ) LIMIT 1   [ RunTime:0.000000s ]
NOTIC: [8] Undefined variable: apiinfo D:\Software\xampp\htdocs\pigcms\PigCms\Lib\Action\User\IndexAction.class.php 第 33 行.
SQL: SELECT * FROM `tp_diymen_set` WHERE ( `token` = 'hcayyh1417618592' ) LIMIT 1   [ RunTime:0.000000s ]
INFO: [ view_template ] --START--
INFO: Run LocationTemplate Behavior [ RunTime:-1.144065s ]
INFO: [ view_template ] --END-- [ RunTime:0.002000s ]
INFO: [ view_parse ] --START--
NOTIC: [8] Use of undefined constant uid - assumed 'uid' D:\Software\xampp\htdocs\pigcms\Conf\logs\Cache\User\56f7804e54d354c9c14b7fc522e75478.php 第 51 行.
NOTIC: [8] Use of undefined constant Common - assumed 'Common' D:\Software\xampp\htdocs\pigcms\Conf\logs\Cache\User\56f7804e54d354c9c14b7fc522e75478.php 第 113 行.
NOTIC: [8] Undefined variable: alert D:\Software\xampp\htdocs\pigcms\Conf\logs\Cache\User\56f7804e54d354c9c14b7fc522e75478.php 第 210 行.
INFO: Run ParseTemplate Behavior [ RunTime:-1.146065s ]
INFO: [ view_parse ] --END-- [ RunTime:0.019001s ]
INFO: [ view_filter ] --START--
INFO: Run ContentReplace Behavior [ RunTime:-1.165066s ]
INFO: Run TokenBuild Behavior [ RunTime:-1.166066s ]
INFO: Run WriteHtmlCache Behavior [ RunTime:-1.168066s ]
INFO: Run ShowRuntime Behavior [ RunTime:-1.168066s ]
INFO: [ view_filter ] --END-- [ RunTime:0.004000s ]
INFO: [ view_end ] --START--
INFO: Run ShowPageTrace Behavior [ RunTime:-1.169066s ]
INFO: [ view_end ] --END-- [ RunTime:0.001000s ]

[ 2014-12-03T22:57:46+08:00 ] 127.0.0.1 /index.php?g=User&m=Index&a=add
INFO: [ app_begin ] --START--
INFO: Run ReadHtmlCache Behavior [ RunTime:0.001000s ]
INFO: [ app_begin ] --END-- [ RunTime:0.001000s ]
NOTIC: [2048] Declaration of IndexAction::insert() should be compatible with BaseAction::insert($name = '', $back = '/index') D:\Software\xampp\htdocs\pigcms\PigCms\Lib\Action\User\IndexAction.class.php 第 2 行.
SQL: SHOW COLUMNS FROM `tp_user_group` [ RunTime:0.009001s ]
SQL: SELECT * FROM `tp_user_group` WHERE ( `id` = 4 ) LIMIT 1   [ RunTime:0.001000s ]
SQL: SHOW COLUMNS FROM `tp_users` [ RunTime:0.007000s ]
SQL: SELECT * FROM `tp_users` WHERE ( `id` = 1 ) LIMIT 1   [ RunTime:0.001000s ]
SQL: SHOW COLUMNS FROM `tp_wxuser` [ RunTime:0.009001s ]
SQL: SELECT * FROM `tp_wxuser` WHERE ( `token` = null ) AND ( `uid` = 1 ) LIMIT 1   [ RunTime:0.002000s ]
SQL: SHOW COLUMNS FROM `tp_token_open` [ RunTime:0.008000s ]
SQL: SELECT `queryname` FROM `tp_token_open` WHERE ( `token` = null ) LIMIT 1   [ RunTime:0.000000s ]
NOTIC: [8] Undefined index: width D:\Software\xampp\htdocs\pigcms\PigCms\Lib\Action\UserAction.class.php 第 68 行.
INFO: [ view_template ] --START--
INFO: Run LocationTemplate Behavior [ RunTime:-1.065061s ]
INFO: [ view_template ] --END-- [ RunTime:0.002000s ]
INFO: [ view_parse ] --START--
NOTIC: [8] Use of undefined constant uid - assumed 'uid' D:\Software\xampp\htdocs\pigcms\Conf\logs\Cache\User\abcb2dc0cdf6cecdbc543733dfd2e7d4.php 第 51 行.
NOTIC: [8] Undefined variable: alert D:\Software\xampp\htdocs\pigcms\Conf\logs\Cache\User\abcb2dc0cdf6cecdbc543733dfd2e7d4.php 第 232 行.
INFO: Run ParseTemplate Behavior [ RunTime:-1.067061s ]
INFO: [ view_parse ] --END-- [ RunTime:0.015001s ]
INFO: [ view_filter ] --START--
INFO: Run ContentReplace Behavior [ RunTime:-1.082062s ]
INFO: Run TokenBuild Behavior [ RunTime:-1.083062s ]
INFO: Run WriteHtmlCache Behavior [ RunTime:-1.084062s ]
INFO: Run ShowRuntime Behavior [ RunTime:-1.084062s ]
INFO: [ view_filter ] --END-- [ RunTime:0.003000s ]
INFO: [ view_end ] --START--
INFO: Run ShowPageTrace Behavior [ RunTime:-1.085062s ]
INFO: [ view_end ] --END-- [ RunTime:0.001000s ]

[ 2014-12-03T23:01:02+08:00 ] 127.0.0.1 /
INFO: [ app_begin ] --START--
INFO: Run ReadHtmlCache Behavior [ RunTime:0.001000s ]
INFO: [ app_begin ] --END-- [ RunTime:0.001000s ]
SQL: SHOW COLUMNS FROM `tp_links` [ RunTime:0.009001s ]
SQL: SELECT * FROM `tp_links` WHERE ( `status` = 1 )  [ RunTime:0.000000s ]
INFO: [ view_template ] --START--
INFO: Run LocationTemplate Behavior [ RunTime:-1.059061s ]
INFO: [ view_template ] --END-- [ RunTime:0.003000s ]
INFO: [ view_parse ] --START--
NOTIC: [8] Use of undefined constant uid - assumed 'uid' D:\Software\xampp\htdocs\pigcms\Conf\logs\Cache\Home\a423fc1ab037bbf3980b6781df39cf92.php 第 29 行.
INFO: Run ParseTemplate Behavior [ RunTime:-1.061061s ]
INFO: [ view_parse ] --END-- [ RunTime:0.045002s ]
INFO: [ view_filter ] --START--
INFO: Run ContentReplace Behavior [ RunTime:-1.106063s ]
INFO: Run TokenBuild Behavior [ RunTime:-1.107064s ]
INFO: Run WriteHtmlCache Behavior [ RunTime:-1.108064s ]
INFO: Run ShowRuntime Behavior [ RunTime:-1.109064s ]
INFO: [ view_filter ] --END-- [ RunTime:0.004001s ]
INFO: [ view_end ] --START--
INFO: Run ShowPageTrace Behavior [ RunTime:-1.110064s ]
INFO: [ view_end ] --END-- [ RunTime:0.001000s ]

[ 2014-12-03T23:01:04+08:00 ] 127.0.0.1 /index.php?g=User&m=Index&a=index
INFO: [ app_begin ] --START--
INFO: Run ReadHtmlCache Behavior [ RunTime:0.001000s ]
INFO: [ app_begin ] --END-- [ RunTime:0.001000s ]
NOTIC: [2048] Declaration of IndexAction::insert() should be compatible with BaseAction::insert($name = '', $back = '/index') D:\Software\xampp\htdocs\pigcms\PigCms\Lib\Action\User\IndexAction.class.php 第 2 行.
SQL: SHOW COLUMNS FROM `tp_user_group` [ RunTime:0.007001s ]
SQL: SELECT * FROM `tp_user_group` WHERE ( `id` = 4 ) LIMIT 1   [ RunTime:0.000000s ]
SQL: SHOW COLUMNS FROM `tp_users` [ RunTime:0.007000s ]
SQL: SELECT * FROM `tp_users` WHERE ( `id` = 1 ) LIMIT 1   [ RunTime:0.001000s ]
SQL: SHOW COLUMNS FROM `tp_wxuser` [ RunTime:0.009001s ]
SQL: SELECT * FROM `tp_wxuser` WHERE ( `token` = null ) AND ( `uid` = 1 ) LIMIT 1   [ RunTime:0.001000s ]
SQL: SHOW COLUMNS FROM `tp_token_open` [ RunTime:0.005000s ]
SQL: SELECT `queryname` FROM `tp_token_open` WHERE ( `token` = null ) LIMIT 1   [ RunTime:0.000000s ]
NOTIC: [8] Undefined index: width D:\Software\xampp\htdocs\pigcms\PigCms\Lib\Action\UserAction.class.php 第 68 行.
SQL: SHOW COLUMNS FROM `tp_user_group` [ RunTime:0.004000s ]
SQL: SELECT * FROM `tp_user_group`  [ RunTime:0.001000s ]
SQL: SELECT COUNT(*) AS tp_count FROM `tp_wxuser` WHERE ( `uid` = 1 ) LIMIT 1   [ RunTime:0.000000s ]
SQL: SELECT * FROM `tp_wxuser` WHERE ( `uid` = 1 ) LIMIT 0,100   [ RunTime:0.001000s ]
NOTIC: [8] Undefined variable: apiinfo D:\Software\xampp\htdocs\pigcms\PigCms\Lib\Action\User\IndexAction.class.php 第 33 行.
SQL: SHOW COLUMNS FROM `tp_diymen_set` [ RunTime:0.004000s ]
SQL: SELECT * FROM `tp_diymen_set` WHERE ( `token` = 'xlrvqn1417349582' ) LIMIT 1   [ RunTime:0.000000s ]
NOTIC: [8] Undefined variable: apiinfo D:\Software\xampp\htdocs\pigcms\PigCms\Lib\Action\User\IndexAction.class.php 第 33 行.
SQL: SELECT * FROM `tp_diymen_set` WHERE ( `token` = 'mfqofh1417617418' ) LIMIT 1   [ RunTime:0.000000s ]
NOTIC: [8] Undefined variable: apiinfo D:\Software\xampp\htdocs\pigcms\PigCms\Lib\Action\User\IndexAction.class.php 第 33 行.
SQL: SELECT * FROM `tp_diymen_set` WHERE ( `token` = 'hcayyh1417618592' ) LIMIT 1   [ RunTime:0.000000s ]
INFO: [ view_template ] --START--
INFO: Run LocationTemplate Behavior [ RunTime:-1.076062s ]
INFO: [ view_template ] --END-- [ RunTime:0.001000s ]
INFO: [ view_parse ] --START--
NOTIC: [8] Use of undefined constant uid - assumed 'uid' D:\Software\xampp\htdocs\pigcms\Conf\logs\Cache\User\56f7804e54d354c9c14b7fc522e75478.php 第 51 行.
NOTIC: [8] Use of undefined constant Common - assumed 'Common' D:\Software\xampp\htdocs\pigcms\Conf\logs\Cache\User\56f7804e54d354c9c14b7fc522e75478.php 第 113 行.
NOTIC: [8] Undefined variable: alert D:\Software\xampp\htdocs\pigcms\Conf\logs\Cache\User\56f7804e54d354c9c14b7fc522e75478.php 第 210 行.
INFO: Run ParseTemplate Behavior [ RunTime:-1.077062s ]
INFO: [ view_parse ] --END-- [ RunTime:0.016001s ]
INFO: [ view_filter ] --START--
INFO: Run ContentReplace Behavior [ RunTime:-1.093063s ]
INFO: Run TokenBuild Behavior [ RunTime:-1.094063s ]
INFO: Run WriteHtmlCache Behavior [ RunTime:-1.095063s ]
INFO: Run ShowRuntime Behavior [ RunTime:-1.096063s ]
INFO: [ view_filter ] --END-- [ RunTime:0.003000s ]
INFO: [ view_end ] --START--
INFO: Run ShowPageTrace Behavior [ RunTime:-1.096063s ]
INFO: [ view_end ] --END-- [ RunTime:0.001000s ]

[ 2014-12-03T23:01:10+08:00 ] 127.0.0.1 /index.php?g=User&m=Index&a=index
INFO: [ app_begin ] --START--
INFO: Run ReadHtmlCache Behavior [ RunTime:0.001000s ]
INFO: [ app_begin ] --END-- [ RunTime:0.001000s ]
NOTIC: [2048] Declaration of IndexAction::insert() should be compatible with BaseAction::insert($name = '', $back = '/index') D:\Software\xampp\htdocs\pigcms\PigCms\Lib\Action\User\IndexAction.class.php 第 2 行.
SQL: SHOW COLUMNS FROM `tp_user_group` [ RunTime:0.004000s ]
SQL: SELECT * FROM `tp_user_group` WHERE ( `id` = 4 ) LIMIT 1   [ RunTime:0.001000s ]
SQL: SHOW COLUMNS FROM `tp_users` [ RunTime:0.004000s ]
SQL: SELECT * FROM `tp_users` WHERE ( `id` = 1 ) LIMIT 1   [ RunTime:0.001000s ]
SQL: SHOW COLUMNS FROM `tp_wxuser` [ RunTime:0.005001s ]
SQL: SELECT * FROM `tp_wxuser` WHERE ( `token` = null ) AND ( `uid` = 1 ) LIMIT 1   [ RunTime:0.001000s ]
SQL: SHOW COLUMNS FROM `tp_token_open` [ RunTime:0.003000s ]
SQL: SELECT `queryname` FROM `tp_token_open` WHERE ( `token` = null ) LIMIT 1   [ RunTime:0.001000s ]
NOTIC: [8] Undefined index: width D:\Software\xampp\htdocs\pigcms\PigCms\Lib\Action\UserAction.class.php 第 68 行.
SQL: SHOW COLUMNS FROM `tp_user_group` [ RunTime:0.004000s ]
SQL: SELECT * FROM `tp_user_group`  [ RunTime:0.001000s ]
SQL: SELECT COUNT(*) AS tp_count FROM `tp_wxuser` WHERE ( `uid` = 1 ) LIMIT 1   [ RunTime:0.000000s ]
SQL: SELECT * FROM `tp_wxuser` WHERE ( `uid` = 1 ) LIMIT 0,100   [ RunTime:0.001000s ]
NOTIC: [8] Undefined variable: apiinfo D:\Software\xampp\htdocs\pigcms\PigCms\Lib\Action\User\IndexAction.class.php 第 33 行.
SQL: SHOW COLUMNS FROM `tp_diymen_set` [ RunTime:0.004001s ]
SQL: SELECT * FROM `tp_diymen_set` WHERE ( `token` = 'xlrvqn1417349582' ) LIMIT 1   [ RunTime:0.000000s ]
NOTIC: [8] Undefined variable: apiinfo D:\Software\xampp\htdocs\pigcms\PigCms\Lib\Action\User\IndexAction.class.php 第 33 行.
SQL: SELECT * FROM `tp_diymen_set` WHERE ( `token` = 'mfqofh1417617418' ) LIMIT 1   [ RunTime:0.000000s ]
NOTIC: [8] Undefined variable: apiinfo D:\Software\xampp\htdocs\pigcms\PigCms\Lib\Action\User\IndexAction.class.php 第 33 行.
SQL: SELECT * FROM `tp_diymen_set` WHERE ( `token` = 'hcayyh1417618592' ) LIMIT 1   [ RunTime:0.000000s ]
INFO: [ view_template ] --START--
INFO: Run LocationTemplate Behavior [ RunTime:-1.048060s ]
INFO: [ view_template ] --END-- [ RunTime:0.002000s ]
INFO: [ view_parse ] --START--
NOTIC: [8] Use of undefined constant uid - assumed 'uid' D:\Software\xampp\htdocs\pigcms\Conf\logs\Cache\User\56f7804e54d354c9c14b7fc522e75478.php 第 51 行.
NOTIC: [8] Use of undefined constant Common - assumed 'Common' D:\Software\xampp\htdocs\pigcms\Conf\logs\Cache\User\56f7804e54d354c9c14b7fc522e75478.php 第 113 行.
NOTIC: [8] Undefined variable: alert D:\Software\xampp\htdocs\pigcms\Conf\logs\Cache\User\56f7804e54d354c9c14b7fc522e75478.php 第 210 行.
INFO: Run ParseTemplate Behavior [ RunTime:-1.050060s ]
INFO: [ view_parse ] --END-- [ RunTime:0.016001s ]
INFO: [ view_filter ] --START--
INFO: Run ContentReplace Behavior [ RunTime:-1.067061s ]
INFO: Run TokenBuild Behavior [ RunTime:-1.067061s ]
INFO: Run WriteHtmlCache Behavior [ RunTime:-1.068061s ]
INFO: Run ShowRuntime Behavior [ RunTime:-1.069061s ]
INFO: [ view_filter ] --END-- [ RunTime:0.002000s ]
INFO: [ view_end ] --START--
INFO: Run ShowPageTrace Behavior [ RunTime:-1.070061s ]
INFO: [ view_end ] --END-- [ RunTime:0.001000s ]

[ 2014-12-03T23:01:12+08:00 ] 127.0.0.1 /index.php?g=User&m=Index&a=add
INFO: [ app_begin ] --START--
INFO: Run ReadHtmlCache Behavior [ RunTime:0.001000s ]
INFO: [ app_begin ] --END-- [ RunTime:0.001000s ]
NOTIC: [2048] Declaration of IndexAction::insert() should be compatible with BaseAction::insert($name = '', $back = '/index') D:\Software\xampp\htdocs\pigcms\PigCms\Lib\Action\User\IndexAction.class.php 第 2 行.
SQL: SHOW COLUMNS FROM `tp_user_group` [ RunTime:0.007001s ]
SQL: SELECT * FROM `tp_user_group` WHERE ( `id` = 4 ) LIMIT 1   [ RunTime:0.001000s ]
SQL: SHOW COLUMNS FROM `tp_users` [ RunTime:0.009000s ]
SQL: SELECT * FROM `tp_users` WHERE ( `id` = 1 ) LIMIT 1   [ RunTime:0.001000s ]
SQL: SHOW COLUMNS FROM `tp_wxuser` [ RunTime:0.022002s ]
SQL: SELECT * FROM `tp_wxuser` WHERE ( `token` = null ) AND ( `uid` = 1 ) LIMIT 1   [ RunTime:0.001000s ]
SQL: SHOW COLUMNS FROM `tp_token_open` [ RunTime:0.003000s ]
SQL: SELECT `queryname` FROM `tp_token_open` WHERE ( `token` = null ) LIMIT 1   [ RunTime:0.000000s ]
NOTIC: [8] Undefined index: width D:\Software\xampp\htdocs\pigcms\PigCms\Lib\Action\UserAction.class.php 第 68 行.
INFO: [ view_template ] --START--
INFO: Run LocationTemplate Behavior [ RunTime:-1.060061s ]
INFO: [ view_template ] --END-- [ RunTime:0.001000s ]
INFO: [ view_parse ] --START--
NOTIC: [8] Use of undefined constant uid - assumed 'uid' D:\Software\xampp\htdocs\pigcms\Conf\logs\Cache\User\abcb2dc0cdf6cecdbc543733dfd2e7d4.php 第 51 行.
NOTIC: [8] Undefined variable: alert D:\Software\xampp\htdocs\pigcms\Conf\logs\Cache\User\abcb2dc0cdf6cecdbc543733dfd2e7d4.php 第 232 行.
INFO: Run ParseTemplate Behavior [ RunTime:-1.062061s ]
INFO: [ view_parse ] --END-- [ RunTime:0.014001s ]
INFO: [ view_filter ] --START--
INFO: Run ContentReplace Behavior [ RunTime:-1.076062s ]
INFO: Run TokenBuild Behavior [ RunTime:-1.077062s ]
INFO: Run WriteHtmlCache Behavior [ RunTime:-1.078062s ]
INFO: Run ShowRuntime Behavior [ RunTime:-1.078062s ]
INFO: [ view_filter ] --END-- [ RunTime:0.003000s ]
INFO: [ view_end ] --START--
INFO: Run ShowPageTrace Behavior [ RunTime:-1.079062s ]
INFO: [ view_end ] --END-- [ RunTime:0.001000s ]

[ 2014-12-03T23:01:23+08:00 ] 127.0.0.1 /index.php?g=User&m=Index&a=index
INFO: [ app_begin ] --START--
INFO: Run ReadHtmlCache Behavior [ RunTime:0.001000s ]
INFO: [ app_begin ] --END-- [ RunTime:0.001000s ]
NOTIC: [2048] Declaration of IndexAction::insert() should be compatible with BaseAction::insert($name = '', $back = '/index') D:\Software\xampp\htdocs\pigcms\PigCms\Lib\Action\User\IndexAction.class.php 第 2 行.
SQL: SHOW COLUMNS FROM `tp_user_group` [ RunTime:0.007000s ]
SQL: SELECT * FROM `tp_user_group` WHERE ( `id` = 4 ) LIMIT 1   [ RunTime:0.001000s ]
SQL: SHOW COLUMNS FROM `tp_users` [ RunTime:0.008000s ]
SQL: SELECT * FROM `tp_users` WHERE ( `id` = 1 ) LIMIT 1   [ RunTime:0.001000s ]
SQL: SHOW COLUMNS FROM `tp_wxuser` [ RunTime:0.007000s ]
SQL: SELECT * FROM `tp_wxuser` WHERE ( `token` = null ) AND ( `uid` = 1 ) LIMIT 1   [ RunTime:0.001000s ]
SQL: SHOW COLUMNS FROM `tp_token_open` [ RunTime:0.005000s ]
SQL: SELECT `queryname` FROM `tp_token_open` WHERE ( `token` = null ) LIMIT 1   [ RunTime:0.000000s ]
NOTIC: [8] Undefined index: width D:\Software\xampp\htdocs\pigcms\PigCms\Lib\Action\UserAction.class.php 第 68 行.
SQL: SHOW COLUMNS FROM `tp_user_group` [ RunTime:0.006000s ]
SQL: SELECT * FROM `tp_user_group`  [ RunTime:0.001000s ]
SQL: SELECT COUNT(*) AS tp_count FROM `tp_wxuser` WHERE ( `uid` = 1 ) LIMIT 1   [ RunTime:0.000000s ]
SQL: SELECT * FROM `tp_wxuser` WHERE ( `uid` = 1 ) LIMIT 0,100   [ RunTime:0.001000s ]
NOTIC: [8] Undefined variable: apiinfo D:\Software\xampp\htdocs\pigcms\PigCms\Lib\Action\User\IndexAction.class.php 第 33 行.
SQL: SHOW COLUMNS FROM `tp_diymen_set` [ RunTime:0.003000s ]
SQL: SELECT * FROM `tp_diymen_set` WHERE ( `token` = 'xlrvqn1417349582' ) LIMIT 1   [ RunTime:0.000000s ]
NOTIC: [8] Undefined variable: apiinfo D:\Software\xampp\htdocs\pigcms\PigCms\Lib\Action\User\IndexAction.class.php 第 33 行.
SQL: SELECT * FROM `tp_diymen_set` WHERE ( `token` = 'mfqofh1417617418' ) LIMIT 1   [ RunTime:0.000000s ]
NOTIC: [8] Undefined variable: apiinfo D:\Software\xampp\htdocs\pigcms\PigCms\Lib\Action\User\IndexAction.class.php 第 33 行.
SQL: SELECT * FROM `tp_diymen_set` WHERE ( `token` = 'hcayyh1417618592' ) LIMIT 1   [ RunTime:0.000000s ]
INFO: [ view_template ] --START--
INFO: Run LocationTemplate Behavior [ RunTime:-1.074061s ]
INFO: [ view_template ] --END-- [ RunTime:0.001001s ]
INFO: [ view_parse ] --START--
NOTIC: [8] Use of undefined constant uid - assumed 'uid' D:\Software\xampp\htdocs\pigcms\Conf\logs\Cache\User\56f7804e54d354c9c14b7fc522e75478.php 第 51 行.
NOTIC: [8] Use of undefined constant Common - assumed 'Common' D:\Software\xampp\htdocs\pigcms\Conf\logs\Cache\User\56f7804e54d354c9c14b7fc522e75478.php 第 113 行.
NOTIC: [8] Undefined variable: alert D:\Software\xampp\htdocs\pigcms\Conf\logs\Cache\User\56f7804e54d354c9c14b7fc522e75478.php 第 210 行.
INFO: Run ParseTemplate Behavior [ RunTime:-1.075062s ]
INFO: [ view_parse ] --END-- [ RunTime:0.016000s ]
INFO: [ view_filter ] --START--
INFO: Run ContentReplace Behavior [ RunTime:-1.091062s ]
INFO: Run TokenBuild Behavior [ RunTime:-1.092062s ]
INFO: Run WriteHtmlCache Behavior [ RunTime:-1.092062s ]
INFO: Run ShowRuntime Behavior [ RunTime:-1.093063s ]
INFO: [ view_filter ] --END-- [ RunTime:0.002001s ]
INFO: [ view_end ] --START--
INFO: Run ShowPageTrace Behavior [ RunTime:-1.093063s ]
INFO: [ view_end ] --END-- [ RunTime:0.001000s ]

[ 2014-12-03T23:01:31+08:00 ] 127.0.0.1 /index.php?g=User&m=Index&a=del&id=2
INFO: [ app_begin ] --START--
INFO: Run ReadHtmlCache Behavior [ RunTime:0.000000s ]
INFO: [ app_begin ] --END-- [ RunTime:0.000000s ]
NOTIC: [2048] Declaration of IndexAction::insert() should be compatible with BaseAction::insert($name = '', $back = '/index') D:\Software\xampp\htdocs\pigcms\PigCms\Lib\Action\User\IndexAction.class.php 第 2 行.
SQL: SHOW COLUMNS FROM `tp_user_group` [ RunTime:0.007000s ]
SQL: SELECT * FROM `tp_user_group` WHERE ( `id` = 4 ) LIMIT 1   [ RunTime:0.000000s ]
SQL: SHOW COLUMNS FROM `tp_users` [ RunTime:0.009001s ]
SQL: SELECT * FROM `tp_users` WHERE ( `id` = 1 ) LIMIT 1   [ RunTime:0.001000s ]
SQL: SHOW COLUMNS FROM `tp_wxuser` [ RunTime:0.009000s ]
SQL: SELECT * FROM `tp_wxuser` WHERE ( `token` = null ) AND ( `uid` = 1 ) LIMIT 1   [ RunTime:0.001000s ]
SQL: SHOW COLUMNS FROM `tp_token_open` [ RunTime:0.006001s ]
SQL: SELECT `queryname` FROM `tp_token_open` WHERE ( `token` = null ) LIMIT 1   [ RunTime:0.000000s ]
NOTIC: [8] Undefined index: width D:\Software\xampp\htdocs\pigcms\PigCms\Lib\Action\UserAction.class.php 第 68 行.
SQL: SELECT * FROM `tp_wxuser` WHERE ( `id` = 2 ) LIMIT 1   [ RunTime:0.001000s ]
SQL: SELECT * FROM `tp_users` WHERE ( `id` = 1 ) LIMIT 1   [ RunTime:0.000000s ]
SQL: SHOW COLUMNS FROM `tp_wxuser` [ RunTime:0.006000s ]
SQL: DELETE FROM `tp_wxuser` WHERE ( `id` = 2 ) AND ( `uid` = 1 ) [ RunTime:0.018001s ]
INFO: [ view_template ] --START--
INFO: Run LocationTemplate Behavior [ RunTime:-1.088062s ]
INFO: [ view_template ] --END-- [ RunTime:0.001000s ]
INFO: [ view_parse ] --START--
INFO: Run ParseTemplate Behavior [ RunTime:-1.089062s ]
INFO: [ view_parse ] --END-- [ RunTime:0.009001s ]
INFO: [ view_filter ] --START--
INFO: Run ContentReplace Behavior [ RunTime:-1.098063s ]
INFO: Run TokenBuild Behavior [ RunTime:-1.099063s ]
INFO: Run WriteHtmlCache Behavior [ RunTime:-1.099063s ]
INFO: Run ShowRuntime Behavior [ RunTime:-1.100063s ]
INFO: [ view_filter ] --END-- [ RunTime:0.002000s ]
INFO: [ view_end ] --START--
INFO: Run ShowPageTrace Behavior [ RunTime:-1.100063s ]
INFO: [ view_end ] --END-- [ RunTime:0.001000s ]

[ 2014-12-03T23:01:33+08:00 ] 127.0.0.1 /index.php?g=User&m=Index&a=index
INFO: [ app_begin ] --START--
INFO: Run ReadHtmlCache Behavior [ RunTime:0.001000s ]
INFO: [ app_begin ] --END-- [ RunTime:0.001000s ]
NOTIC: [2048] Declaration of IndexAction::insert() should be compatible with BaseAction::insert($name = '', $back = '/index') D:\Software\xampp\htdocs\pigcms\PigCms\Lib\Action\User\IndexAction.class.php 第 2 行.
SQL: SHOW COLUMNS FROM `tp_user_group` [ RunTime:0.007000s ]
SQL: SELECT * FROM `tp_user_group` WHERE ( `id` = 4 ) LIMIT 1   [ RunTime:0.001000s ]
SQL: SHOW COLUMNS FROM `tp_users` [ RunTime:0.009001s ]
SQL: SELECT * FROM `tp_users` WHERE ( `id` = 1 ) LIMIT 1   [ RunTime:0.001000s ]
SQL: SHOW COLUMNS FROM `tp_wxuser` [ RunTime:0.009000s ]
SQL: SELECT * FROM `tp_wxuser` WHERE ( `token` = null ) AND ( `uid` = 1 ) LIMIT 1   [ RunTime:0.001000s ]
SQL: SHOW COLUMNS FROM `tp_token_open` [ RunTime:0.006000s ]
SQL: SELECT `queryname` FROM `tp_token_open` WHERE ( `token` = null ) LIMIT 1   [ RunTime:0.001000s ]
NOTIC: [8] Undefined index: width D:\Software\xampp\htdocs\pigcms\PigCms\Lib\Action\UserAction.class.php 第 68 行.
SQL: SHOW COLUMNS FROM `tp_user_group` [ RunTime:0.007001s ]
SQL: SELECT * FROM `tp_user_group`  [ RunTime:0.000000s ]
SQL: SELECT COUNT(*) AS tp_count FROM `tp_wxuser` WHERE ( `uid` = 1 ) LIMIT 1   [ RunTime:0.000000s ]
SQL: SELECT * FROM `tp_wxuser` WHERE ( `uid` = 1 ) LIMIT 0,100   [ RunTime:0.001000s ]
NOTIC: [8] Undefined variable: apiinfo D:\Software\xampp\htdocs\pigcms\PigCms\Lib\Action\User\IndexAction.class.php 第 33 行.
SQL: SHOW COLUMNS FROM `tp_diymen_set` [ RunTime:0.005000s ]
SQL: SELECT * FROM `tp_diymen_set` WHERE ( `token` = 'xlrvqn1417349582' ) LIMIT 1   [ RunTime:0.000000s ]
NOTIC: [8] Undefined variable: apiinfo D:\Software\xampp\htdocs\pigcms\PigCms\Lib\Action\User\IndexAction.class.php 第 33 行.
SQL: SELECT * FROM `tp_diymen_set` WHERE ( `token` = 'hcayyh1417618592' ) LIMIT 1   [ RunTime:0.001000s ]
INFO: [ view_template ] --START--
INFO: Run LocationTemplate Behavior [ RunTime:-1.081062s ]
INFO: [ view_template ] --END-- [ RunTime:0.001000s ]
INFO: [ view_parse ] --START--
NOTIC: [8] Use of undefined constant uid - assumed 'uid' D:\Software\xampp\htdocs\pigcms\Conf\logs\Cache\User\56f7804e54d354c9c14b7fc522e75478.php 第 51 行.
NOTIC: [8] Use of undefined constant Common - assumed 'Common' D:\Software\xampp\htdocs\pigcms\Conf\logs\Cache\User\56f7804e54d354c9c14b7fc522e75478.php 第 113 行.
NOTIC: [8] Undefined variable: alert D:\Software\xampp\htdocs\pigcms\Conf\logs\Cache\User\56f7804e54d354c9c14b7fc522e75478.php 第 210 行.
INFO: Run ParseTemplate Behavior [ RunTime:-1.082062s ]
INFO: [ view_parse ] --END-- [ RunTime:0.019001s ]
INFO: [ view_filter ] --START--
INFO: Run ContentReplace Behavior [ RunTime:-1.101063s ]
INFO: Run TokenBuild Behavior [ RunTime:-1.102063s ]
INFO: Run WriteHtmlCache Behavior [ RunTime:-1.102063s ]
INFO: Run ShowRuntime Behavior [ RunTime:-1.103064s ]
INFO: [ view_filter ] --END-- [ RunTime:0.003001s ]
INFO: [ view_end ] --START--
INFO: Run ShowPageTrace Behavior [ RunTime:-1.104064s ]
INFO: [ view_end ] --END-- [ RunTime:0.000000s ]

[ 2014-12-03T23:01:35+08:00 ] 127.0.0.1 /index.php?g=User&m=Index&a=add
INFO: [ app_begin ] --START--
INFO: Run ReadHtmlCache Behavior [ RunTime:0.001000s ]
INFO: [ app_begin ] --END-- [ RunTime:0.001000s ]
NOTIC: [2048] Declaration of IndexAction::insert() should be compatible with BaseAction::insert($name = '', $back = '/index') D:\Software\xampp\htdocs\pigcms\PigCms\Lib\Action\User\IndexAction.class.php 第 2 行.
SQL: SHOW COLUMNS FROM `tp_user_group` [ RunTime:0.008000s ]
SQL: SELECT * FROM `tp_user_group` WHERE ( `id` = 4 ) LIMIT 1   [ RunTime:0.001000s ]
SQL: SHOW COLUMNS FROM `tp_users` [ RunTime:0.008001s ]
SQL: SELECT * FROM `tp_users` WHERE ( `id` = 1 ) LIMIT 1   [ RunTime:0.001000s ]
SQL: SHOW COLUMNS FROM `tp_wxuser` [ RunTime:0.052003s ]
SQL: SELECT * FROM `tp_wxuser` WHERE ( `token` = null ) AND ( `uid` = 1 ) LIMIT 1   [ RunTime:0.002000s ]
SQL: SHOW COLUMNS FROM `tp_token_open` [ RunTime:0.006000s ]
SQL: SELECT `queryname` FROM `tp_token_open` WHERE ( `token` = null ) LIMIT 1   [ RunTime:0.001000s ]
NOTIC: [8] Undefined index: width D:\Software\xampp\htdocs\pigcms\PigCms\Lib\Action\UserAction.class.php 第 68 行.
INFO: [ view_template ] --START--
INFO: Run LocationTemplate Behavior [ RunTime:-1.105063s ]
INFO: [ view_template ] --END-- [ RunTime:0.002000s ]
INFO: [ view_parse ] --START--
NOTIC: [8] Use of undefined constant uid - assumed 'uid' D:\Software\xampp\htdocs\pigcms\Conf\logs\Cache\User\abcb2dc0cdf6cecdbc543733dfd2e7d4.php 第 51 行.
NOTIC: [8] Undefined variable: alert D:\Software\xampp\htdocs\pigcms\Conf\logs\Cache\User\abcb2dc0cdf6cecdbc543733dfd2e7d4.php 第 232 行.
INFO: Run ParseTemplate Behavior [ RunTime:-1.107063s ]
INFO: [ view_parse ] --END-- [ RunTime:0.028002s ]
INFO: [ view_filter ] --START--
INFO: Run ContentReplace Behavior [ RunTime:-1.135065s ]
INFO: Run TokenBuild Behavior [ RunTime:-1.135065s ]
INFO: Run WriteHtmlCache Behavior [ RunTime:-1.136065s ]
INFO: Run ShowRuntime Behavior [ RunTime:-1.136065s ]
INFO: [ view_filter ] --END-- [ RunTime:0.002000s ]
INFO: [ view_end ] --START--
INFO: Run ShowPageTrace Behavior [ RunTime:-1.137065s ]
INFO: [ view_end ] --END-- [ RunTime:0.001000s ]

[ 2014-12-03T23:01:46+08:00 ] 127.0.0.1 /index.php?g=User&m=Index&a=index
INFO: [ app_begin ] --START--
INFO: Run ReadHtmlCache Behavior [ RunTime:0.001000s ]
INFO: [ app_begin ] --END-- [ RunTime:0.001000s ]
NOTIC: [2048] Declaration of IndexAction::insert() should be compatible with BaseAction::insert($name = '', $back = '/index') D:\Software\xampp\htdocs\pigcms\PigCms\Lib\Action\User\IndexAction.class.php 第 2 行.
SQL: SHOW COLUMNS FROM `tp_user_group` [ RunTime:0.004000s ]
SQL: SELECT * FROM `tp_user_group` WHERE ( `id` = 4 ) LIMIT 1   [ RunTime:0.001000s ]
SQL: SHOW COLUMNS FROM `tp_users` [ RunTime:0.004000s ]
SQL: SELECT * FROM `tp_users` WHERE ( `id` = 1 ) LIMIT 1   [ RunTime:0.001000s ]
SQL: SHOW COLUMNS FROM `tp_wxuser` [ RunTime:0.005000s ]
SQL: SELECT * FROM `tp_wxuser` WHERE ( `token` = null ) AND ( `uid` = 1 ) LIMIT 1   [ RunTime:0.000000s ]
SQL: SHOW COLUMNS FROM `tp_token_open` [ RunTime:0.004000s ]
SQL: SELECT `queryname` FROM `tp_token_open` WHERE ( `token` = null ) LIMIT 1   [ RunTime:0.000000s ]
NOTIC: [8] Undefined index: width D:\Software\xampp\htdocs\pigcms\PigCms\Lib\Action\UserAction.class.php 第 68 行.
SQL: SHOW COLUMNS FROM `tp_user_group` [ RunTime:0.003000s ]
SQL: SELECT * FROM `tp_user_group`  [ RunTime:0.000000s ]
SQL: SELECT COUNT(*) AS tp_count FROM `tp_wxuser` WHERE ( `uid` = 1 ) LIMIT 1   [ RunTime:0.001001s ]
SQL: SELECT * FROM `tp_wxuser` WHERE ( `uid` = 1 ) LIMIT 0,100   [ RunTime:0.001000s ]
NOTIC: [8] Undefined variable: apiinfo D:\Software\xampp\htdocs\pigcms\PigCms\Lib\Action\User\IndexAction.class.php 第 33 行.
SQL: SHOW COLUMNS FROM `tp_diymen_set` [ RunTime:0.003000s ]
SQL: SELECT * FROM `tp_diymen_set` WHERE ( `token` = 'xlrvqn1417349582' ) LIMIT 1   [ RunTime:0.000000s ]
NOTIC: [8] Undefined variable: apiinfo D:\Software\xampp\htdocs\pigcms\PigCms\Lib\Action\User\IndexAction.class.php 第 33 行.
SQL: SELECT * FROM `tp_diymen_set` WHERE ( `token` = 'hcayyh1417618592' ) LIMIT 1   [ RunTime:0.000000s ]
INFO: [ view_template ] --START--
INFO: Run LocationTemplate Behavior [ RunTime:-1.067061s ]
INFO: [ view_template ] --END-- [ RunTime:0.002000s ]
INFO: [ view_parse ] --START--
NOTIC: [8] Use of undefined constant uid - assumed 'uid' D:\Software\xampp\htdocs\pigcms\Conf\logs\Cache\User\56f7804e54d354c9c14b7fc522e75478.php 第 51 行.
NOTIC: [8] Use of undefined constant Common - assumed 'Common' D:\Software\xampp\htdocs\pigcms\Conf\logs\Cache\User\56f7804e54d354c9c14b7fc522e75478.php 第 113 行.
NOTIC: [8] Undefined variable: alert D:\Software\xampp\htdocs\pigcms\Conf\logs\Cache\User\56f7804e54d354c9c14b7fc522e75478.php 第 210 行.
INFO: Run ParseTemplate Behavior [ RunTime:-1.068061s ]
INFO: [ view_parse ] --END-- [ RunTime:0.016001s ]
INFO: [ view_filter ] --START--
INFO: Run ContentReplace Behavior [ RunTime:-1.085062s ]
INFO: Run TokenBuild Behavior [ RunTime:-1.085062s ]
INFO: Run WriteHtmlCache Behavior [ RunTime:-1.086062s ]
INFO: Run ShowRuntime Behavior [ RunTime:-1.086062s ]
INFO: [ view_filter ] --END-- [ RunTime:0.002000s ]
INFO: [ view_end ] --START--
INFO: Run ShowPageTrace Behavior [ RunTime:-1.087062s ]
INFO: [ view_end ] --END-- [ RunTime:0.001000s ]

[ 2014-12-03T23:01:54+08:00 ] 127.0.0.1 /index.php?g=User&m=Index&a=add
INFO: [ app_begin ] --START--
INFO: Run ReadHtmlCache Behavior [ RunTime:0.001000s ]
INFO: [ app_begin ] --END-- [ RunTime:0.001000s ]
NOTIC: [2048] Declaration of IndexAction::insert() should be compatible with BaseAction::insert($name = '', $back = '/index') D:\Software\xampp\htdocs\pigcms\PigCms\Lib\Action\User\IndexAction.class.php 第 2 行.
SQL: SHOW COLUMNS FROM `tp_user_group` [ RunTime:0.007000s ]
SQL: SELECT * FROM `tp_user_group` WHERE ( `id` = 4 ) LIMIT 1   [ RunTime:0.001000s ]
SQL: SHOW COLUMNS FROM `tp_users` [ RunTime:0.008001s ]
SQL: SELECT * FROM `tp_users` WHERE ( `id` = 1 ) LIMIT 1   [ RunTime:0.001000s ]
SQL: SHOW COLUMNS FROM `tp_wxuser` [ RunTime:0.009000s ]
SQL: SELECT * FROM `tp_wxuser` WHERE ( `token` = null ) AND ( `uid` = 1 ) LIMIT 1   [ RunTime:0.001001s ]
SQL: SHOW COLUMNS FROM `tp_token_open` [ RunTime:0.005000s ]
SQL: SELECT `queryname` FROM `tp_token_open` WHERE ( `token` = null ) LIMIT 1   [ RunTime:0.001000s ]
NOTIC: [8] Undefined index: width D:\Software\xampp\htdocs\pigcms\PigCms\Lib\Action\UserAction.class.php 第 68 行.
INFO: [ view_template ] --START--
INFO: Run LocationTemplate Behavior [ RunTime:-1.059061s ]
INFO: [ view_template ] --END-- [ RunTime:0.002000s ]
INFO: [ view_parse ] --START--
NOTIC: [8] Use of undefined constant uid - assumed 'uid' D:\Software\xampp\htdocs\pigcms\Conf\logs\Cache\User\abcb2dc0cdf6cecdbc543733dfd2e7d4.php 第 51 行.
NOTIC: [8] Undefined variable: alert D:\Software\xampp\htdocs\pigcms\Conf\logs\Cache\User\abcb2dc0cdf6cecdbc543733dfd2e7d4.php 第 232 行.
INFO: Run ParseTemplate Behavior [ RunTime:-1.061061s ]
INFO: [ view_parse ] --END-- [ RunTime:0.024001s ]
INFO: [ view_filter ] --START--
INFO: Run ContentReplace Behavior [ RunTime:-1.085062s ]
INFO: Run TokenBuild Behavior [ RunTime:-1.086062s ]
INFO: Run WriteHtmlCache Behavior [ RunTime:-1.086062s ]
INFO: Run ShowRuntime Behavior [ RunTime:-1.087062s ]
INFO: [ view_filter ] --END-- [ RunTime:0.002000s ]
INFO: [ view_end ] --START--
INFO: Run ShowPageTrace Behavior [ RunTime:-1.087062s ]
INFO: [ view_end ] --END-- [ RunTime:0.001001s ]

[ 2014-12-03T23:02:05+08:00 ] 127.0.0.1 /index.php?g=User&m=Index&a=index
INFO: [ app_begin ] --START--
INFO: Run ReadHtmlCache Behavior [ RunTime:0.001000s ]
INFO: [ app_begin ] --END-- [ RunTime:0.001000s ]
NOTIC: [2048] Declaration of IndexAction::insert() should be compatible with BaseAction::insert($name = '', $back = '/index') D:\Software\xampp\htdocs\pigcms\PigCms\Lib\Action\User\IndexAction.class.php 第 2 行.
SQL: SHOW COLUMNS FROM `tp_user_group` [ RunTime:0.004001s ]
SQL: SELECT * FROM `tp_user_group` WHERE ( `id` = 4 ) LIMIT 1   [ RunTime:0.001000s ]
SQL: SHOW COLUMNS FROM `tp_users` [ RunTime:0.004000s ]
SQL: SELECT * FROM `tp_users` WHERE ( `id` = 1 ) LIMIT 1   [ RunTime:0.000000s ]
SQL: SHOW COLUMNS FROM `tp_wxuser` [ RunTime:0.005000s ]
SQL: SELECT * FROM `tp_wxuser` WHERE ( `token` = null ) AND ( `uid` = 1 ) LIMIT 1   [ RunTime:0.000000s ]
SQL: SHOW COLUMNS FROM `tp_token_open` [ RunTime:0.004001s ]
SQL: SELECT `queryname` FROM `tp_token_open` WHERE ( `token` = null ) LIMIT 1   [ RunTime:0.000000s ]
NOTIC: [8] Undefined index: width D:\Software\xampp\htdocs\pigcms\PigCms\Lib\Action\UserAction.class.php 第 68 行.
SQL: SHOW COLUMNS FROM `tp_user_group` [ RunTime:0.004000s ]
SQL: SELECT * FROM `tp_user_group`  [ RunTime:0.000000s ]
SQL: SELECT COUNT(*) AS tp_count FROM `tp_wxuser` WHERE ( `uid` = 1 ) LIMIT 1   [ RunTime:0.001000s ]
SQL: SELECT * FROM `tp_wxuser` WHERE ( `uid` = 1 ) LIMIT 0,100   [ RunTime:0.001000s ]
NOTIC: [8] Undefined variable: apiinfo D:\Software\xampp\htdocs\pigcms\PigCms\Lib\Action\User\IndexAction.class.php 第 33 行.
SQL: SHOW COLUMNS FROM `tp_diymen_set` [ RunTime:0.004000s ]
SQL: SELECT * FROM `tp_diymen_set` WHERE ( `token` = 'xlrvqn1417349582' ) LIMIT 1   [ RunTime:0.001000s ]
NOTIC: [8] Undefined variable: apiinfo D:\Software\xampp\htdocs\pigcms\PigCms\Lib\Action\User\IndexAction.class.php 第 33 行.
SQL: SELECT * FROM `tp_diymen_set` WHERE ( `token` = 'hcayyh1417618592' ) LIMIT 1   [ RunTime:0.000000s ]
INFO: [ view_template ] --START--
INFO: Run LocationTemplate Behavior [ RunTime:-1.058060s ]
INFO: [ view_template ] --END-- [ RunTime:0.002001s ]
INFO: [ view_parse ] --START--
NOTIC: [8] Use of undefined constant uid - assumed 'uid' D:\Software\xampp\htdocs\pigcms\Conf\logs\Cache\User\56f7804e54d354c9c14b7fc522e75478.php 第 51 行.
NOTIC: [8] Use of undefined constant Common - assumed 'Common' D:\Software\xampp\htdocs\pigcms\Conf\logs\Cache\User\56f7804e54d354c9c14b7fc522e75478.php 第 113 行.
NOTIC: [8] Undefined variable: alert D:\Software\xampp\htdocs\pigcms\Conf\logs\Cache\User\56f7804e54d354c9c14b7fc522e75478.php 第 210 行.
INFO: Run ParseTemplate Behavior [ RunTime:-1.060061s ]
INFO: [ view_parse ] --END-- [ RunTime:0.017001s ]
INFO: [ view_filter ] --START--
INFO: Run ContentReplace Behavior [ RunTime:-1.077062s ]
INFO: Run TokenBuild Behavior [ RunTime:-1.078062s ]
INFO: Run WriteHtmlCache Behavior [ RunTime:-1.079062s ]
INFO: Run ShowRuntime Behavior [ RunTime:-1.079062s ]
INFO: [ view_filter ] --END-- [ RunTime:0.003000s ]
INFO: [ view_end ] --START--
INFO: Run ShowPageTrace Behavior [ RunTime:-1.080062s ]
INFO: [ view_end ] --END-- [ RunTime:0.000000s ]

[ 2014-12-03T23:02:12+08:00 ] 127.0.0.1 /index.php?g=User&m=Index&a=add
INFO: [ app_begin ] --START--
INFO: Run ReadHtmlCache Behavior [ RunTime:0.000000s ]
INFO: [ app_begin ] --END-- [ RunTime:0.000000s ]
NOTIC: [2048] Declaration of IndexAction::insert() should be compatible with BaseAction::insert($name = '', $back = '/index') D:\Software\xampp\htdocs\pigcms\PigCms\Lib\Action\User\IndexAction.class.php 第 2 行.
SQL: SHOW COLUMNS FROM `tp_user_group` [ RunTime:0.005001s ]
SQL: SELECT * FROM `tp_user_group` WHERE ( `id` = 4 ) LIMIT 1   [ RunTime:0.000000s ]
SQL: SHOW COLUMNS FROM `tp_users` [ RunTime:0.004000s ]
SQL: SELECT * FROM `tp_users` WHERE ( `id` = 1 ) LIMIT 1   [ RunTime:0.000000s ]
SQL: SHOW COLUMNS FROM `tp_wxuser` [ RunTime:0.005000s ]
SQL: SELECT * FROM `tp_wxuser` WHERE ( `token` = null ) AND ( `uid` = 1 ) LIMIT 1   [ RunTime:0.000000s ]
SQL: SHOW COLUMNS FROM `tp_token_open` [ RunTime:0.004000s ]
SQL: SELECT `queryname` FROM `tp_token_open` WHERE ( `token` = null ) LIMIT 1   [ RunTime:0.001001s ]
NOTIC: [8] Undefined index: width D:\Software\xampp\htdocs\pigcms\PigCms\Lib\Action\UserAction.class.php 第 68 行.
INFO: [ view_template ] --START--
INFO: Run LocationTemplate Behavior [ RunTime:-1.054061s ]
INFO: [ view_template ] --END-- [ RunTime:0.001000s ]
INFO: [ view_parse ] --START--
NOTIC: [8] Use of undefined constant uid - assumed 'uid' D:\Software\xampp\htdocs\pigcms\Conf\logs\Cache\User\abcb2dc0cdf6cecdbc543733dfd2e7d4.php 第 51 行.
NOTIC: [8] Undefined variable: alert D:\Software\xampp\htdocs\pigcms\Conf\logs\Cache\User\abcb2dc0cdf6cecdbc543733dfd2e7d4.php 第 232 行.
INFO: Run ParseTemplate Behavior [ RunTime:-1.055061s ]
INFO: [ view_parse ] --END-- [ RunTime:0.015000s ]
INFO: [ view_filter ] --START--
INFO: Run ContentReplace Behavior [ RunTime:-1.070061s ]
INFO: Run TokenBuild Behavior [ RunTime:-1.071062s ]
INFO: Run WriteHtmlCache Behavior [ RunTime:-1.072062s ]
INFO: Run ShowRuntime Behavior [ RunTime:-1.072062s ]
INFO: [ view_filter ] --END-- [ RunTime:0.003001s ]
INFO: [ view_end ] --START--
INFO: Run ShowPageTrace Behavior [ RunTime:-1.073062s ]
INFO: [ view_end ] --END-- [ RunTime:0.000000s ]

[ 2014-12-03T23:02:22+08:00 ] 127.0.0.1 /index.php?g=User&m=Index&a=index
INFO: [ app_begin ] --START--
INFO: Run ReadHtmlCache Behavior [ RunTime:0.000000s ]
INFO: [ app_begin ] --END-- [ RunTime:0.000000s ]
NOTIC: [2048] Declaration of IndexAction::insert() should be compatible with BaseAction::insert($name = '', $back = '/index') D:\Software\xampp\htdocs\pigcms\PigCms\Lib\Action\User\IndexAction.class.php 第 2 行.
SQL: SHOW COLUMNS FROM `tp_user_group` [ RunTime:0.007001s ]
SQL: SELECT * FROM `tp_user_group` WHERE ( `id` = 4 ) LIMIT 1   [ RunTime:0.001000s ]
SQL: SHOW COLUMNS FROM `tp_users` [ RunTime:0.008000s ]
SQL: SELECT * FROM `tp_users` WHERE ( `id` = 1 ) LIMIT 1   [ RunTime:0.001000s ]
SQL: SHOW COLUMNS FROM `tp_wxuser` [ RunTime:0.008001s ]
SQL: SELECT * FROM `tp_wxuser` WHERE ( `token` = null ) AND ( `uid` = 1 ) LIMIT 1   [ RunTime:0.001000s ]
SQL: SHOW COLUMNS FROM `tp_token_open` [ RunTime:0.005000s ]
SQL: SELECT `queryname` FROM `tp_token_open` WHERE ( `token` = null ) LIMIT 1   [ RunTime:0.000000s ]
NOTIC: [8] Undefined index: width D:\Software\xampp\htdocs\pigcms\PigCms\Lib\Action\UserAction.class.php 第 68 行.
SQL: SHOW COLUMNS FROM `tp_user_group` [ RunTime:0.006001s ]
SQL: SELECT * FROM `tp_user_group`  [ RunTime:0.001000s ]
SQL: SELECT COUNT(*) AS tp_count FROM `tp_wxuser` WHERE ( `uid` = 1 ) LIMIT 1   [ RunTime:0.001000s ]
SQL: SELECT * FROM `tp_wxuser` WHERE ( `uid` = 1 ) LIMIT 0,100   [ RunTime:0.001000s ]
NOTIC: [8] Undefined variable: apiinfo D:\Software\xampp\htdocs\pigcms\PigCms\Lib\Action\User\IndexAction.class.php 第 33 行.
SQL: SHOW COLUMNS FROM `tp_diymen_set` [ RunTime:0.005000s ]
SQL: SELECT * FROM `tp_diymen_set` WHERE ( `token` = 'xlrvqn1417349582' ) LIMIT 1   [ RunTime:0.000000s ]
NOTIC: [8] Undefined variable: apiinfo D:\Software\xampp\htdocs\pigcms\PigCms\Lib\Action\User\IndexAction.class.php 第 33 行.
SQL: SELECT * FROM `tp_diymen_set` WHERE ( `token` = 'hcayyh1417618592' ) LIMIT 1   [ RunTime:0.001000s ]
INFO: [ view_template ] --START--
INFO: Run LocationTemplate Behavior [ RunTime:-1.067061s ]
INFO: [ view_template ] --END-- [ RunTime:0.002001s ]
INFO: [ view_parse ] --START--
NOTIC: [8] Use of undefined constant uid - assumed 'uid' D:\Software\xampp\htdocs\pigcms\Conf\logs\Cache\User\56f7804e54d354c9c14b7fc522e75478.php 第 51 行.
NOTIC: [8] Use of undefined constant Common - assumed 'Common' D:\Software\xampp\htdocs\pigcms\Conf\logs\Cache\User\56f7804e54d354c9c14b7fc522e75478.php 第 113 行.
NOTIC: [8] Undefined variable: alert D:\Software\xampp\htdocs\pigcms\Conf\logs\Cache\User\56f7804e54d354c9c14b7fc522e75478.php 第 210 行.
INFO: Run ParseTemplate Behavior [ RunTime:-1.069062s ]
INFO: [ view_parse ] --END-- [ RunTime:0.027001s ]
INFO: [ view_filter ] --START--
INFO: Run ContentReplace Behavior [ RunTime:-1.096063s ]
INFO: Run TokenBuild Behavior [ RunTime:-1.096063s ]
INFO: Run WriteHtmlCache Behavior [ RunTime:-1.097063s ]
INFO: Run ShowRuntime Behavior [ RunTime:-1.097063s ]
INFO: [ view_filter ] --END-- [ RunTime:0.002000s ]
INFO: [ view_end ] --START--
INFO: Run ShowPageTrace Behavior [ RunTime:-1.098063s ]
INFO: [ view_end ] --END-- [ RunTime:0.001000s ]

