[ 2014-10-03T11:04:13+08:00 ] 127.0.0.1 /
INFO: [ app_begin ] --START--
INFO: Run ReadHtmlCache Behavior [ RunTime:0.002000s ]
INFO: [ app_begin ] --END-- [ RunTime:0.002000s ]
SQL: SHOW COLUMNS FROM `tp_links` [ RunTime:0.007001s ]
SQL: SELECT * FROM `tp_links` WHERE ( `status` = 1 )  [ RunTime:0.000000s ]
INFO: [ view_template ] --START--
INFO: Run LocationTemplate Behavior [ RunTime:-1.041060s ]
INFO: [ view_template ] --END-- [ RunTime:0.004000s ]
INFO: [ view_parse ] --START--
NOTIC: [8] Use of undefined constant uid - assumed 'uid' D:\Software\xampp\htdocs\pigcms\Conf\logs\Cache\Home\e3fa5732cdf1eed66baea3fb881f4cd5.php 第 54 行.
NOTIC: [8] Undefined index: uid D:\Software\xampp\htdocs\pigcms\Conf\logs\Cache\Home\e3fa5732cdf1eed66baea3fb881f4cd5.php 第 54 行.
INFO: Run ParseTemplate Behavior [ RunTime:-1.045060s ]
INFO: [ view_parse ] --END-- [ RunTime:0.030002s ]
INFO: [ view_filter ] --START--
INFO: Run ContentReplace Behavior [ RunTime:-1.075062s ]
INFO: Run TokenBuild Behavior [ RunTime:-1.077062s ]
INFO: Run WriteHtmlCache Behavior [ RunTime:-1.078062s ]
INFO: Run ShowRuntime Behavior [ RunTime:-1.079062s ]
INFO: [ view_filter ] --END-- [ RunTime:0.005000s ]
INFO: [ view_end ] --START--
INFO: Run ShowPageTrace Behavior [ RunTime:-1.080062s ]
INFO: [ view_end ] --END-- [ RunTime:0.001000s ]

[ 2014-10-03T11:04:22+08:00 ] 127.0.0.1 /index.php?g=System&m=Admin&a=index
INFO: [ app_begin ] --START--
INFO: Run ReadHtmlCache Behavior [ RunTime:0.001000s ]
INFO: [ app_begin ] --END-- [ RunTime:0.001000s ]
INFO: [ view_template ] --START--
INFO: Run LocationTemplate Behavior [ RunTime:-0.002000s ]
INFO: [ view_template ] --END-- [ RunTime:0.001000s ]
INFO: [ view_parse ] --START--
NOTIC: [8] Undefined variable: f_siteName D:\Software\xampp\htdocs\pigcms\Conf\logs\Cache\System\0ac5617eb2d3cba46a940e61fff06d9f.php 第 6 行.
INFO: Run ParseTemplate Behavior [ RunTime:-0.003000s ]
INFO: [ view_parse ] --END-- [ RunTime:0.010001s ]
INFO: [ view_filter ] --START--
INFO: Run ContentReplace Behavior [ RunTime:-0.013001s ]
INFO: Run TokenBuild Behavior [ RunTime:-0.014001s ]
INFO: Run WriteHtmlCache Behavior [ RunTime:-0.015001s ]
INFO: Run ShowRuntime Behavior [ RunTime:-0.016001s ]
INFO: [ view_filter ] --END-- [ RunTime:0.004000s ]
INFO: [ view_end ] --START--
INFO: Run ShowPageTrace Behavior [ RunTime:-0.017001s ]
INFO: [ view_end ] --END-- [ RunTime:0.001000s ]

[ 2014-10-03T11:04:22+08:00 ] 127.0.0.1 /index.php?g=System&m=Admin&a=verify
INFO: [ app_begin ] --START--
INFO: Run ReadHtmlCache Behavior [ RunTime:0.001000s ]
INFO: [ app_begin ] --END-- [ RunTime:0.001000s ]

[ 2014-10-03T11:04:29+08:00 ] 127.0.0.1 /index.php?g=System&m=System&a=index
INFO: [ app_begin ] --START--
INFO: Run ReadHtmlCache Behavior [ RunTime:0.000000s ]
INFO: [ app_begin ] --END-- [ RunTime:0.001000s ]
SQL: SHOW COLUMNS FROM `tp_node` [ RunTime:0.007000s ]
SQL: SELECT * FROM `tp_node` WHERE ( `level` = null ) AND ( `pid` = 2 ) AND ( `status` = 1 ) AND ( `display` > 0 ) ORDER BY `sort` asc  [ RunTime:0.001000s ]
SQL: CREATE TABLE IF NOT EXISTS `tp_system_info` (`lastsqlupdate` INT( 10 ) NOT NULL ,`version` VARCHAR( 10 ) NOT NULL) ENGINE = MYISAM CHARACTER SET utf8 [ RunTime:0.000000s ]
NOTIC: [2] mysql_num_rows() expects parameter 1 to be resource, boolean given D:\Software\xampp\htdocs\pigcms\Lib\Driver\Db\DbMysql.class.php 第 110 行.
NOTIC: [2] mysql_free_result() expects parameter 1 to be resource, boolean given D:\Software\xampp\htdocs\pigcms\Lib\Driver\Db\DbMysql.class.php 第 82 行.
SQL: CREATE TABLE IF NOT EXISTS `tp_update_record` (
  `id` int(11) NOT NULL AUTO_INCREMENT,
  `msg` varchar(600) NOT NULL DEFAULT '',
  `type` varchar(20) NOT NULL DEFAULT '',
  `time` int(10) NOT NULL DEFAULT '0',
  PRIMARY KEY (`id`)
) ENGINE=MYISAM DEFAULT CHARSET=utf8 [ RunTime:0.002000s ]
NOTIC: [2] mysql_num_rows() expects parameter 1 to be resource, boolean given D:\Software\xampp\htdocs\pigcms\Lib\Driver\Db\DbMysql.class.php 第 110 行.
NOTIC: [2] mysql_free_result() expects parameter 1 to be resource, boolean given D:\Software\xampp\htdocs\pigcms\Lib\Driver\Db\DbMysql.class.php 第 82 行.
SQL: SHOW COLUMNS FROM `tp_node` [ RunTime:0.006000s ]
SQL: SELECT * FROM `tp_node` WHERE ( `display` = 1 ) AND ( `status` = 1 ) ORDER BY `sort` asc  [ RunTime:0.001000s ]
INFO: [ view_template ] --START--
INFO: Run LocationTemplate Behavior [ RunTime:-1.035059s ]
INFO: [ view_template ] --END-- [ RunTime:0.003000s ]
INFO: [ view_parse ] --START--
INFO: Run ParseTemplate Behavior [ RunTime:-1.038059s ]
INFO: [ view_parse ] --END-- [ RunTime:0.014001s ]
INFO: [ view_filter ] --START--
INFO: Run ContentReplace Behavior [ RunTime:-1.052060s ]
INFO: Run TokenBuild Behavior [ RunTime:-1.053060s ]
INFO: Run WriteHtmlCache Behavior [ RunTime:-1.053060s ]
INFO: Run ShowRuntime Behavior [ RunTime:-1.054060s ]
INFO: [ view_filter ] --END-- [ RunTime:0.003000s ]
INFO: [ view_end ] --START--
INFO: Run ShowPageTrace Behavior [ RunTime:-1.055060s ]
INFO: [ view_end ] --END-- [ RunTime:0.001000s ]

[ 2014-10-03T11:04:30+08:00 ] 127.0.0.1 /index.php?g=System&m=System&a=menu
INFO: [ app_begin ] --START--
INFO: Run ReadHtmlCache Behavior [ RunTime:0.001000s ]
INFO: [ app_begin ] --END-- [ RunTime:0.001000s ]
SQL: SHOW COLUMNS FROM `tp_node` [ RunTime:0.006000s ]
SQL: SELECT * FROM `tp_node` WHERE ( `level` = null ) AND ( `pid` = 2 ) AND ( `status` = 1 ) AND ( `display` > 0 ) ORDER BY `sort` asc  [ RunTime:0.000000s ]
SQL: CREATE TABLE IF NOT EXISTS `tp_system_info` (`lastsqlupdate` INT( 10 ) NOT NULL ,`version` VARCHAR( 10 ) NOT NULL) ENGINE = MYISAM CHARACTER SET utf8 [ RunTime:0.001000s ]
NOTIC: [2] mysql_num_rows() expects parameter 1 to be resource, boolean given D:\Software\xampp\htdocs\pigcms\Lib\Driver\Db\DbMysql.class.php 第 110 行.
NOTIC: [2] mysql_free_result() expects parameter 1 to be resource, boolean given D:\Software\xampp\htdocs\pigcms\Lib\Driver\Db\DbMysql.class.php 第 82 行.
SQL: CREATE TABLE IF NOT EXISTS `tp_update_record` (
  `id` int(11) NOT NULL AUTO_INCREMENT,
  `msg` varchar(600) NOT NULL DEFAULT '',
  `type` varchar(20) NOT NULL DEFAULT '',
  `time` int(10) NOT NULL DEFAULT '0',
  PRIMARY KEY (`id`)
) ENGINE=MYISAM DEFAULT CHARSET=utf8 [ RunTime:0.000000s ]
NOTIC: [2] mysql_num_rows() expects parameter 1 to be resource, boolean given D:\Software\xampp\htdocs\pigcms\Lib\Driver\Db\DbMysql.class.php 第 110 行.
NOTIC: [2] mysql_free_result() expects parameter 1 to be resource, boolean given D:\Software\xampp\htdocs\pigcms\Lib\Driver\Db\DbMysql.class.php 第 82 行.
SQL: SHOW COLUMNS FROM `tp_node` [ RunTime:0.006001s ]
SQL: SELECT * FROM `tp_node` WHERE ( `display` = 2 ) AND ( `status` = 1 ) AND ( `pid` = 2 ) AND ( `level` = 2 ) ORDER BY `sort` asc  [ RunTime:0.001000s ]
INFO: [ view_template ] --START--
INFO: Run LocationTemplate Behavior [ RunTime:-1.046060s ]
INFO: [ view_template ] --END-- [ RunTime:0.003000s ]
INFO: [ view_parse ] --START--
INFO: Run ParseTemplate Behavior [ RunTime:-1.049060s ]
INFO: [ view_parse ] --END-- [ RunTime:0.021001s ]
INFO: [ view_filter ] --START--
INFO: Run ContentReplace Behavior [ RunTime:-1.070061s ]
INFO: Run TokenBuild Behavior [ RunTime:-1.071061s ]
INFO: Run WriteHtmlCache Behavior [ RunTime:-1.072061s ]
INFO: Run ShowRuntime Behavior [ RunTime:-1.072061s ]
INFO: [ view_filter ] --END-- [ RunTime:0.003000s ]
INFO: [ view_end ] --START--
INFO: Run ShowPageTrace Behavior [ RunTime:-1.073061s ]
INFO: [ view_end ] --END-- [ RunTime:0.001001s ]

[ 2014-10-03T11:04:31+08:00 ] 127.0.0.1 /index.php?g=System&m=System&a=main
INFO: [ app_begin ] --START--
INFO: Run ReadHtmlCache Behavior [ RunTime:0.001000s ]
INFO: [ app_begin ] --END-- [ RunTime:0.001000s ]
SQL: SHOW COLUMNS FROM `tp_node` [ RunTime:0.007000s ]
SQL: SELECT * FROM `tp_node` WHERE ( `level` = null ) AND ( `pid` = 2 ) AND ( `status` = 1 ) AND ( `display` > 0 ) ORDER BY `sort` asc  [ RunTime:0.000000s ]
SQL: CREATE TABLE IF NOT EXISTS `tp_system_info` (`lastsqlupdate` INT( 10 ) NOT NULL ,`version` VARCHAR( 10 ) NOT NULL) ENGINE = MYISAM CHARACTER SET utf8 [ RunTime:0.001001s ]
NOTIC: [2] mysql_num_rows() expects parameter 1 to be resource, boolean given D:\Software\xampp\htdocs\pigcms\Lib\Driver\Db\DbMysql.class.php 第 110 行.
NOTIC: [2] mysql_free_result() expects parameter 1 to be resource, boolean given D:\Software\xampp\htdocs\pigcms\Lib\Driver\Db\DbMysql.class.php 第 82 行.
SQL: CREATE TABLE IF NOT EXISTS `tp_update_record` (
  `id` int(11) NOT NULL AUTO_INCREMENT,
  `msg` varchar(600) NOT NULL DEFAULT '',
  `type` varchar(20) NOT NULL DEFAULT '',
  `time` int(10) NOT NULL DEFAULT '0',
  PRIMARY KEY (`id`)
) ENGINE=MYISAM DEFAULT CHARSET=utf8 [ RunTime:0.000000s ]
NOTIC: [2] mysql_num_rows() expects parameter 1 to be resource, boolean given D:\Software\xampp\htdocs\pigcms\Lib\Driver\Db\DbMysql.class.php 第 110 行.
NOTIC: [2] mysql_free_result() expects parameter 1 to be resource, boolean given D:\Software\xampp\htdocs\pigcms\Lib\Driver\Db\DbMysql.class.php 第 82 行.
SQL: SHOW COLUMNS FROM `tp_system_info` [ RunTime:0.006000s ]
SQL: SELECT * FROM `tp_system_info` ORDER BY lastsqlupdate DESC LIMIT 1   [ RunTime:0.000000s ]
INFO: [ view_template ] --START--
INFO: Run LocationTemplate Behavior [ RunTime:-2.106121s ]
INFO: [ view_template ] --END-- [ RunTime:0.003000s ]
INFO: [ view_parse ] --START--
NOTIC: [8] Use of undefined constant SERVER_SOFTWARE - assumed 'SERVER_SOFTWARE' D:\Software\xampp\htdocs\pigcms\Conf\logs\Cache\System\70671f3fb4cc556d45e03bff5207b695.php 第 16 行.
NOTIC: [8] Use of undefined constant version - assumed 'version' D:\Software\xampp\htdocs\pigcms\Conf\logs\Cache\System\70671f3fb4cc556d45e03bff5207b695.php 第 20 行.
NOTIC: [8] Array to string conversion D:\Software\xampp\htdocs\pigcms\Conf\logs\Cache\System\70671f3fb4cc556d45e03bff5207b695.php 第 20 行.
INFO: Run ParseTemplate Behavior [ RunTime:-2.109121s ]
INFO: [ view_parse ] --END-- [ RunTime:0.020001s ]
INFO: [ view_filter ] --START--
INFO: Run ContentReplace Behavior [ RunTime:-2.129122s ]
INFO: Run TokenBuild Behavior [ RunTime:-2.131122s ]
INFO: Run WriteHtmlCache Behavior [ RunTime:-2.132122s ]
INFO: Run ShowRuntime Behavior [ RunTime:-2.133122s ]
INFO: [ view_filter ] --END-- [ RunTime:0.005001s ]
INFO: [ view_end ] --START--
INFO: Run ShowPageTrace Behavior [ RunTime:-2.134123s ]
INFO: [ view_end ] --END-- [ RunTime:0.002000s ]

[ 2014-10-03T11:04:36+08:00 ] 127.0.0.1 /index.php?g=System&m=System&a=menu&pid=2&level=2&title=%E7%AB%99%E7%82%B9%E7%AE%A1%E7%90%86
INFO: [ app_begin ] --START--
INFO: Run ReadHtmlCache Behavior [ RunTime:0.001000s ]
INFO: [ app_begin ] --END-- [ RunTime:0.001000s ]
SQL: SHOW COLUMNS FROM `tp_node` [ RunTime:0.007000s ]
SQL: SELECT * FROM `tp_node` WHERE ( `level` = 2 ) AND ( `pid` = 2 ) AND ( `status` = 1 ) AND ( `display` > 0 ) ORDER BY `sort` asc  [ RunTime:0.001000s ]
SQL: CREATE TABLE IF NOT EXISTS `tp_system_info` (`lastsqlupdate` INT( 10 ) NOT NULL ,`version` VARCHAR( 10 ) NOT NULL) ENGINE = MYISAM CHARACTER SET utf8 [ RunTime:0.001000s ]
NOTIC: [2] mysql_num_rows() expects parameter 1 to be resource, boolean given D:\Software\xampp\htdocs\pigcms\Lib\Driver\Db\DbMysql.class.php 第 110 行.
NOTIC: [2] mysql_free_result() expects parameter 1 to be resource, boolean given D:\Software\xampp\htdocs\pigcms\Lib\Driver\Db\DbMysql.class.php 第 82 行.
SQL: CREATE TABLE IF NOT EXISTS `tp_update_record` (
  `id` int(11) NOT NULL AUTO_INCREMENT,
  `msg` varchar(600) NOT NULL DEFAULT '',
  `type` varchar(20) NOT NULL DEFAULT '',
  `time` int(10) NOT NULL DEFAULT '0',
  PRIMARY KEY (`id`)
) ENGINE=MYISAM DEFAULT CHARSET=utf8 [ RunTime:0.001000s ]
NOTIC: [2] mysql_num_rows() expects parameter 1 to be resource, boolean given D:\Software\xampp\htdocs\pigcms\Lib\Driver\Db\DbMysql.class.php 第 110 行.
INFO: [ view_template ] --START--
INFO: Run LocationTemplate Behavior [ RunTime:-1.026059s ]
INFO: [ view_template ] --END-- [ RunTime:0.002000s ]
INFO: [ view_parse ] --START--
INFO: Run ParseTemplate Behavior [ RunTime:-1.028059s ]
INFO: [ view_parse ] --END-- [ RunTime:0.014001s ]
INFO: [ view_filter ] --START--
INFO: Run ContentReplace Behavior [ RunTime:-1.042060s ]
INFO: Run TokenBuild Behavior [ RunTime:-1.042060s ]
INFO: Run WriteHtmlCache Behavior [ RunTime:-1.043060s ]
INFO: Run ShowRuntime Behavior [ RunTime:-1.044060s ]
INFO: [ view_filter ] --END-- [ RunTime:0.002000s ]
INFO: [ view_end ] --START--
INFO: Run ShowPageTrace Behavior [ RunTime:-1.044060s ]
INFO: [ view_end ] --END-- [ RunTime:0.002000s ]

[ 2014-10-03T11:04:41+08:00 ] 127.0.0.1 /index.php?g=System&m=Site&a=index&pid=6&level=3
INFO: [ app_begin ] --START--
INFO: Run ReadHtmlCache Behavior [ RunTime:0.001000s ]
INFO: [ app_begin ] --END-- [ RunTime:0.001000s ]
NOTIC: [2048] Declaration of SiteAction::insert() should be compatible with BaseAction::insert($name = '', $back = '/index') D:\Software\xampp\htdocs\pigcms\PigCms\Lib\Action\System\SiteAction.class.php 第 2 行.
SQL: SHOW COLUMNS FROM `tp_node` [ RunTime:0.006000s ]
SQL: SELECT * FROM `tp_node` WHERE ( `level` = 3 ) AND ( `pid` = 6 ) AND ( `status` = 1 ) AND ( `display` > 0 ) ORDER BY `sort` asc  [ RunTime:0.001000s ]
SQL: SHOW COLUMNS FROM `tp_user_group` [ RunTime:0.007000s ]
SQL: SELECT * FROM `tp_user_group` ORDER BY id ASC  [ RunTime:0.001001s ]
INFO: [ view_template ] --START--
INFO: Run LocationTemplate Behavior [ RunTime:-1.044060s ]
INFO: [ view_template ] --END-- [ RunTime:0.002000s ]
INFO: [ view_parse ] --START--
NOTIC: [8] Undefined variable: token D:\Software\xampp\htdocs\pigcms\Conf\logs\Cache\System\290787b61e1d188e50b8f6a79194f6f3.php 第 41 行.
NOTIC: [8] Use of undefined constant checked - assumed 'checked' D:\Software\xampp\htdocs\pigcms\Conf\logs\Cache\System\290787b61e1d188e50b8f6a79194f6f3.php 第 65 行.
NOTIC: [8] Use of undefined constant checked - assumed 'checked' D:\Software\xampp\htdocs\pigcms\Conf\logs\Cache\System\290787b61e1d188e50b8f6a79194f6f3.php 第 69 行.
INFO: Run ParseTemplate Behavior [ RunTime:-1.046060s ]
INFO: [ view_parse ] --END-- [ RunTime:0.022001s ]
INFO: [ view_filter ] --START--
INFO: Run ContentReplace Behavior [ RunTime:-1.068061s ]
INFO: Run TokenBuild Behavior [ RunTime:-1.068061s ]
INFO: Run WriteHtmlCache Behavior [ RunTime:-1.069061s ]
INFO: Run ShowRuntime Behavior [ RunTime:-1.070061s ]
INFO: [ view_filter ] --END-- [ RunTime:0.003000s ]
INFO: [ view_end ] --START--
INFO: Run ShowPageTrace Behavior [ RunTime:-1.071061s ]
INFO: [ view_end ] --END-- [ RunTime:0.001000s ]

[ 2014-10-03T11:04:44+08:00 ] 127.0.0.1 /index.php?g=System&m=Site&a=qianmoban&pid=6&level=3
INFO: [ app_begin ] --START--
INFO: Run ReadHtmlCache Behavior [ RunTime:0.001000s ]
INFO: [ app_begin ] --END-- [ RunTime:0.002000s ]
NOTIC: [2048] Declaration of SiteAction::insert() should be compatible with BaseAction::insert($name = '', $back = '/index') D:\Software\xampp\htdocs\pigcms\PigCms\Lib\Action\System\SiteAction.class.php 第 2 行.
SQL: SHOW COLUMNS FROM `tp_node` [ RunTime:0.006000s ]
SQL: SELECT * FROM `tp_node` WHERE ( `level` = 3 ) AND ( `pid` = 6 ) AND ( `status` = 1 ) AND ( `display` > 0 ) ORDER BY `sort` asc  [ RunTime:0.002001s ]
INFO: [ view_template ] --START--
INFO: Run LocationTemplate Behavior [ RunTime:-1.047060s ]
INFO: [ view_template ] --END-- [ RunTime:0.003000s ]
INFO: [ view_parse ] --START--
INFO: Run ParseTemplate Behavior [ RunTime:-1.050060s ]
INFO: [ view_parse ] --END-- [ RunTime:0.021001s ]
INFO: [ view_filter ] --START--
INFO: Run ContentReplace Behavior [ RunTime:-1.071061s ]
INFO: Run TokenBuild Behavior [ RunTime:-1.072061s ]
INFO: Run WriteHtmlCache Behavior [ RunTime:-1.074061s ]
INFO: Run ShowRuntime Behavior [ RunTime:-1.075061s ]
INFO: [ view_filter ] --END-- [ RunTime:0.005000s ]
INFO: [ view_end ] --START--
INFO: Run ShowPageTrace Behavior [ RunTime:-1.076061s ]
INFO: [ view_end ] --END-- [ RunTime:0.001000s ]

[ 2014-10-03T11:04:50+08:00 ] 127.0.0.1 /index.php?g=System&m=Site&a=qianmoban_up
INFO: [ app_begin ] --START--
INFO: Run ReadHtmlCache Behavior [ RunTime:0.002000s ]
INFO: [ app_begin ] --END-- [ RunTime:0.003000s ]
NOTIC: [2048] Declaration of SiteAction::insert() should be compatible with BaseAction::insert($name = '', $back = '/index') D:\Software\xampp\htdocs\pigcms\PigCms\Lib\Action\System\SiteAction.class.php 第 2 行.
SQL: SHOW COLUMNS FROM `tp_node` [ RunTime:0.006000s ]
SQL: SELECT * FROM `tp_node` WHERE ( `level` = null ) AND ( `pid` = 2 ) AND ( `status` = 1 ) AND ( `display` > 0 ) ORDER BY `sort` asc  [ RunTime:0.001000s ]
INFO: [ view_template ] --START--
INFO: Run LocationTemplate Behavior [ RunTime:-1.044059s ]
INFO: [ view_template ] --END-- [ RunTime:0.002000s ]
INFO: [ view_parse ] --START--
INFO: Run ParseTemplate Behavior [ RunTime:-1.046059s ]
INFO: [ view_parse ] --END-- [ RunTime:0.068004s ]
INFO: [ view_filter ] --START--
INFO: Run ContentReplace Behavior [ RunTime:-1.114063s ]
INFO: Run TokenBuild Behavior [ RunTime:-1.116064s ]
INFO: Run WriteHtmlCache Behavior [ RunTime:-1.117064s ]
INFO: Run ShowRuntime Behavior [ RunTime:-1.117064s ]
INFO: [ view_filter ] --END-- [ RunTime:0.004001s ]
INFO: [ view_end ] --START--
INFO: Run ShowPageTrace Behavior [ RunTime:-1.119064s ]
INFO: [ view_end ] --END-- [ RunTime:0.001000s ]

[ 2014-10-03T11:04:52+08:00 ] 127.0.0.1 /index.php?g=System&m=Site&a=qianmoban
INFO: [ app_begin ] --START--
INFO: Run ReadHtmlCache Behavior [ RunTime:0.001000s ]
INFO: [ app_begin ] --END-- [ RunTime:0.001000s ]
NOTIC: [2048] Declaration of SiteAction::insert() should be compatible with BaseAction::insert($name = '', $back = '/index') D:\Software\xampp\htdocs\pigcms\PigCms\Lib\Action\System\SiteAction.class.php 第 2 行.
SQL: SHOW COLUMNS FROM `tp_node` [ RunTime:0.004000s ]
SQL: SELECT * FROM `tp_node` WHERE ( `level` = null ) AND ( `pid` = 2 ) AND ( `status` = 1 ) AND ( `display` > 0 ) ORDER BY `sort` asc  [ RunTime:0.000000s ]
INFO: [ view_template ] --START--
INFO: Run LocationTemplate Behavior [ RunTime:-1.019058s ]
INFO: [ view_template ] --END-- [ RunTime:0.002001s ]
INFO: [ view_parse ] --START--
INFO: Run ParseTemplate Behavior [ RunTime:-1.021059s ]
INFO: [ view_parse ] --END-- [ RunTime:0.010000s ]
INFO: [ view_filter ] --START--
INFO: Run ContentReplace Behavior [ RunTime:-1.031059s ]
INFO: Run TokenBuild Behavior [ RunTime:-1.032059s ]
INFO: Run WriteHtmlCache Behavior [ RunTime:-1.033059s ]
INFO: Run ShowRuntime Behavior [ RunTime:-1.033059s ]
INFO: [ view_filter ] --END-- [ RunTime:0.003000s ]
INFO: [ view_end ] --START--
INFO: Run ShowPageTrace Behavior [ RunTime:-1.034059s ]
INFO: [ view_end ] --END-- [ RunTime:0.001000s ]

[ 2014-10-03T11:04:54+08:00 ] 127.0.0.1 /
INFO: [ app_begin ] --START--
INFO: Run ReadHtmlCache Behavior [ RunTime:0.000000s ]
INFO: [ app_begin ] --END-- [ RunTime:0.000000s ]
SQL: SHOW COLUMNS FROM `tp_links` [ RunTime:0.006000s ]
SQL: SELECT * FROM `tp_links` WHERE ( `status` = 1 )  [ RunTime:0.000000s ]
INFO: [ view_template ] --START--
INFO: Run LocationTemplate Behavior [ RunTime:-1.020058s ]
INFO: [ view_template ] --END-- [ RunTime:0.003000s ]
INFO: [ view_parse ] --START--
NOTIC: [8] Use of undefined constant uid - assumed 'uid' D:\Software\xampp\htdocs\pigcms\Conf\logs\Cache\Home\74dac7a6ff91433f1797e3db1acaceae.php 第 48 行.
NOTIC: [8] Undefined index: uid D:\Software\xampp\htdocs\pigcms\Conf\logs\Cache\Home\74dac7a6ff91433f1797e3db1acaceae.php 第 48 行.
INFO: Run ParseTemplate Behavior [ RunTime:-1.023058s ]
INFO: [ view_parse ] --END-- [ RunTime:0.029002s ]
INFO: [ view_filter ] --START--
INFO: Run ContentReplace Behavior [ RunTime:-1.052060s ]
INFO: Run TokenBuild Behavior [ RunTime:-1.054060s ]
INFO: Run WriteHtmlCache Behavior [ RunTime:-1.055060s ]
INFO: Run ShowRuntime Behavior [ RunTime:-1.056060s ]
INFO: [ view_filter ] --END-- [ RunTime:0.005000s ]
INFO: [ view_end ] --START--
INFO: Run ShowPageTrace Behavior [ RunTime:-1.057060s ]
INFO: [ view_end ] --END-- [ RunTime:0.002000s ]

[ 2014-10-03T11:05:47+08:00 ] 127.0.0.1 /index.php
INFO: [ app_begin ] --START--
INFO: Run ReadHtmlCache Behavior [ RunTime:0.001001s ]
INFO: [ app_begin ] --END-- [ RunTime:0.001001s ]
SQL: SHOW COLUMNS FROM `tp_links` [ RunTime:0.006000s ]
SQL: SELECT * FROM `tp_links` WHERE ( `status` = 1 )  [ RunTime:0.000000s ]
INFO: [ view_template ] --START--
INFO: Run LocationTemplate Behavior [ RunTime:-1.021058s ]
INFO: [ view_template ] --END-- [ RunTime:0.003000s ]
INFO: [ view_parse ] --START--
NOTIC: [8] Use of undefined constant uid - assumed 'uid' D:\Software\xampp\htdocs\pigcms\Conf\logs\Cache\Home\74dac7a6ff91433f1797e3db1acaceae.php 第 48 行.
NOTIC: [8] Undefined index: uid D:\Software\xampp\htdocs\pigcms\Conf\logs\Cache\Home\74dac7a6ff91433f1797e3db1acaceae.php 第 48 行.
INFO: Run ParseTemplate Behavior [ RunTime:-1.024058s ]
INFO: [ view_parse ] --END-- [ RunTime:0.023001s ]
INFO: [ view_filter ] --START--
INFO: Run ContentReplace Behavior [ RunTime:-1.047059s ]
INFO: Run TokenBuild Behavior [ RunTime:-1.048059s ]
INFO: Run WriteHtmlCache Behavior [ RunTime:-1.048059s ]
INFO: Run ShowRuntime Behavior [ RunTime:-1.049060s ]
INFO: [ view_filter ] --END-- [ RunTime:0.003001s ]
INFO: [ view_end ] --START--
INFO: Run ShowPageTrace Behavior [ RunTime:-1.050060s ]
INFO: [ view_end ] --END-- [ RunTime:0.000000s ]

[ 2014-10-03T11:07:05+08:00 ] 127.0.0.1 /index.php?g=System&m=Site&a=qianmoban_up
INFO: [ app_begin ] --START--
INFO: Run ReadHtmlCache Behavior [ RunTime:0.000000s ]
INFO: [ app_begin ] --END-- [ RunTime:0.001000s ]
NOTIC: [2048] Declaration of SiteAction::insert() should be compatible with BaseAction::insert($name = '', $back = '/index') D:\Software\xampp\htdocs\pigcms\PigCms\Lib\Action\System\SiteAction.class.php 第 2 行.
SQL: SHOW COLUMNS FROM `tp_node` [ RunTime:0.007000s ]
SQL: SELECT * FROM `tp_node` WHERE ( `level` = null ) AND ( `pid` = 2 ) AND ( `status` = 1 ) AND ( `display` > 0 ) ORDER BY `sort` asc  [ RunTime:0.000000s ]
INFO: [ view_template ] --START--
INFO: Run LocationTemplate Behavior [ RunTime:-1.029058s ]
INFO: [ view_template ] --END-- [ RunTime:0.001001s ]
INFO: [ view_parse ] --START--
INFO: Run ParseTemplate Behavior [ RunTime:-1.031059s ]
INFO: [ view_parse ] --END-- [ RunTime:0.014000s ]
INFO: [ view_filter ] --START--
INFO: Run ContentReplace Behavior [ RunTime:-1.045059s ]
INFO: Run TokenBuild Behavior [ RunTime:-1.046059s ]
INFO: Run WriteHtmlCache Behavior [ RunTime:-1.046059s ]
INFO: Run ShowRuntime Behavior [ RunTime:-1.047060s ]
INFO: [ view_filter ] --END-- [ RunTime:0.003001s ]
INFO: [ view_end ] --START--
INFO: Run ShowPageTrace Behavior [ RunTime:-1.048060s ]
INFO: [ view_end ] --END-- [ RunTime:0.001000s ]

[ 2014-10-03T11:07:07+08:00 ] 127.0.0.1 /index.php?g=System&m=Site&a=qianmoban
INFO: [ app_begin ] --START--
INFO: Run ReadHtmlCache Behavior [ RunTime:0.001000s ]
INFO: [ app_begin ] --END-- [ RunTime:0.001000s ]
NOTIC: [2048] Declaration of SiteAction::insert() should be compatible with BaseAction::insert($name = '', $back = '/index') D:\Software\xampp\htdocs\pigcms\PigCms\Lib\Action\System\SiteAction.class.php 第 2 行.
SQL: SHOW COLUMNS FROM `tp_node` [ RunTime:0.007000s ]
SQL: SELECT * FROM `tp_node` WHERE ( `level` = null ) AND ( `pid` = 2 ) AND ( `status` = 1 ) AND ( `display` > 0 ) ORDER BY `sort` asc  [ RunTime:0.001000s ]
INFO: [ view_template ] --START--
INFO: Run LocationTemplate Behavior [ RunTime:-1.023058s ]
INFO: [ view_template ] --END-- [ RunTime:0.003001s ]
INFO: [ view_parse ] --START--
INFO: Run ParseTemplate Behavior [ RunTime:-1.026059s ]
INFO: [ view_parse ] --END-- [ RunTime:0.017001s ]
INFO: [ view_filter ] --START--
INFO: Run ContentReplace Behavior [ RunTime:-1.043060s ]
INFO: Run TokenBuild Behavior [ RunTime:-1.044060s ]
INFO: Run WriteHtmlCache Behavior [ RunTime:-1.044060s ]
INFO: Run ShowRuntime Behavior [ RunTime:-1.045060s ]
INFO: [ view_filter ] --END-- [ RunTime:0.003000s ]
INFO: [ view_end ] --START--
INFO: Run ShowPageTrace Behavior [ RunTime:-1.046060s ]
INFO: [ view_end ] --END-- [ RunTime:0.001000s ]

[ 2014-10-03T11:07:08+08:00 ] 127.0.0.1 /index.php
INFO: [ app_begin ] --START--
INFO: Run ReadHtmlCache Behavior [ RunTime:0.001000s ]
INFO: [ app_begin ] --END-- [ RunTime:0.001000s ]
SQL: SHOW COLUMNS FROM `tp_links` [ RunTime:0.006000s ]
SQL: SELECT * FROM `tp_links` WHERE ( `status` = 1 )  [ RunTime:0.000000s ]
INFO: [ view_template ] --START--
INFO: Run LocationTemplate Behavior [ RunTime:-1.040060s ]
INFO: [ view_template ] --END-- [ RunTime:0.003000s ]
INFO: [ view_parse ] --START--
NOTIC: [8] Use of undefined constant uid - assumed 'uid' D:\Software\xampp\htdocs\pigcms\Conf\logs\Cache\Home\921d53177c151344e729eca7c171fe97.php 第 31 行.
NOTIC: [8] Undefined index: uid D:\Software\xampp\htdocs\pigcms\Conf\logs\Cache\Home\921d53177c151344e729eca7c171fe97.php 第 31 行.
INFO: Run ParseTemplate Behavior [ RunTime:-1.043060s ]
INFO: [ view_parse ] --END-- [ RunTime:0.023001s ]
INFO: [ view_filter ] --START--
INFO: Run ContentReplace Behavior [ RunTime:-1.066061s ]
INFO: Run TokenBuild Behavior [ RunTime:-1.067061s ]
INFO: Run WriteHtmlCache Behavior [ RunTime:-1.068062s ]
INFO: Run ShowRuntime Behavior [ RunTime:-1.069062s ]
INFO: [ view_filter ] --END-- [ RunTime:0.004001s ]
INFO: [ view_end ] --START--
INFO: Run ShowPageTrace Behavior [ RunTime:-1.070062s ]
INFO: [ view_end ] --END-- [ RunTime:0.001000s ]

[ 2014-10-03T11:07:13+08:00 ] 127.0.0.1 /index.php?g=Home&m=Index&a=about
INFO: [ app_begin ] --START--
INFO: Run ReadHtmlCache Behavior [ RunTime:0.002000s ]
INFO: [ app_begin ] --END-- [ RunTime:0.002000s ]
INFO: [ view_template ] --START--
INFO: Run LocationTemplate Behavior [ RunTime:-0.004000s ]
INFO: [ view_template ] --END-- [ RunTime:0.001000s ]
INFO: [ view_parse ] --START--
NOTIC: [8] Use of undefined constant uid - assumed 'uid' D:\Software\xampp\htdocs\pigcms\Conf\logs\Cache\Home\e7d61e041e9387b0e1a6f735393bd64f.php 第 31 行.
NOTIC: [8] Undefined index: uid D:\Software\xampp\htdocs\pigcms\Conf\logs\Cache\Home\e7d61e041e9387b0e1a6f735393bd64f.php 第 31 行.
INFO: Run ParseTemplate Behavior [ RunTime:-0.005000s ]
INFO: [ view_parse ] --END-- [ RunTime:0.012001s ]
INFO: [ view_filter ] --START--
INFO: Run ContentReplace Behavior [ RunTime:-0.017001s ]
INFO: Run TokenBuild Behavior [ RunTime:-0.018001s ]
INFO: Run WriteHtmlCache Behavior [ RunTime:-0.018001s ]
INFO: Run ShowRuntime Behavior [ RunTime:-0.019001s ]
INFO: [ view_filter ] --END-- [ RunTime:0.002000s ]
INFO: [ view_end ] --START--
INFO: Run ShowPageTrace Behavior [ RunTime:-0.019001s ]
INFO: [ view_end ] --END-- [ RunTime:0.001000s ]

[ 2014-10-03T11:07:16+08:00 ] 127.0.0.1 /index.php?g=Home&m=Index&a=price
INFO: [ app_begin ] --START--
INFO: Run ReadHtmlCache Behavior [ RunTime:0.001000s ]
INFO: [ app_begin ] --END-- [ RunTime:0.001000s ]
SQL: SHOW COLUMNS FROM `tp_user_group` [ RunTime:0.007000s ]
SQL: SELECT * FROM `tp_user_group` WHERE ( `status` = 1 ) ORDER BY id ASC  [ RunTime:0.001001s ]
SQL: SHOW COLUMNS FROM `tp_function` [ RunTime:0.008000s ]
SQL: SELECT * FROM `tp_function` WHERE ( `status` = 1 ) ORDER BY gid DESC  [ RunTime:0.002000s ]
INFO: [ view_template ] --START--
INFO: Run LocationTemplate Behavior [ RunTime:-1.041059s ]
INFO: [ view_template ] --END-- [ RunTime:0.003000s ]
INFO: [ view_parse ] --START--
NOTIC: [8] Use of undefined constant uid - assumed 'uid' D:\Software\xampp\htdocs\pigcms\Conf\logs\Cache\Home\26c3c1c9e0bfd747004fee7dc9a32882.php 第 31 行.
NOTIC: [8] Undefined index: uid D:\Software\xampp\htdocs\pigcms\Conf\logs\Cache\Home\26c3c1c9e0bfd747004fee7dc9a32882.php 第 31 行.
NOTIC: [8] Use of undefined constant g - assumed 'g' D:\Software\xampp\htdocs\pigcms\Conf\logs\Cache\Home\26c3c1c9e0bfd747004fee7dc9a32882.php 第 127 行.
NOTIC: [8] Use of undefined constant g - assumed 'g' D:\Software\xampp\htdocs\pigcms\Conf\logs\Cache\Home\26c3c1c9e0bfd747004fee7dc9a32882.php 第 127 行.
NOTIC: [8] Use of undefined constant g - assumed 'g' D:\Software\xampp\htdocs\pigcms\Conf\logs\Cache\Home\26c3c1c9e0bfd747004fee7dc9a32882.php 第 127 行.
NOTIC: [8] Use of undefined constant g - assumed 'g' D:\Software\xampp\htdocs\pigcms\Conf\logs\Cache\Home\26c3c1c9e0bfd747004fee7dc9a32882.php 第 127 行.
INFO: Run ParseTemplate Behavior [ RunTime:-1.044059s ]
INFO: [ view_parse ] --END-- [ RunTime:0.046003s ]
INFO: [ view_filter ] --START--
INFO: Run ContentReplace Behavior [ RunTime:-1.090062s ]
INFO: Run TokenBuild Behavior [ RunTime:-1.091062s ]
INFO: Run WriteHtmlCache Behavior [ RunTime:-1.093062s ]
INFO: Run ShowRuntime Behavior [ RunTime:-1.094062s ]
INFO: [ view_filter ] --END-- [ RunTime:0.005000s ]
INFO: [ view_end ] --START--
INFO: Run ShowPageTrace Behavior [ RunTime:-1.095062s ]
INFO: [ view_end ] --END-- [ RunTime:0.002000s ]

[ 2014-10-03T11:07:30+08:00 ] 127.0.0.1 /index.php?g=Home&m=Index&a=common
INFO: [ app_begin ] --START--
INFO: Run ReadHtmlCache Behavior [ RunTime:0.000000s ]
INFO: [ app_begin ] --END-- [ RunTime:0.000000s ]
SQL: SHOW COLUMNS FROM `tp_case` [ RunTime:0.007000s ]
SQL: SELECT * FROM `tp_case` WHERE ( `status` = 1 ) ORDER BY id DESC  [ RunTime:0.000000s ]
INFO: [ view_template ] --START--
INFO: Run LocationTemplate Behavior [ RunTime:-1.021058s ]
INFO: [ view_template ] --END-- [ RunTime:0.003000s ]
INFO: [ view_parse ] --START--
NOTIC: [8] Use of undefined constant uid - assumed 'uid' D:\Software\xampp\htdocs\pigcms\Conf\logs\Cache\Home\767738387552b9f5bb687f89f645c406.php 第 31 行.
NOTIC: [8] Undefined index: uid D:\Software\xampp\htdocs\pigcms\Conf\logs\Cache\Home\767738387552b9f5bb687f89f645c406.php 第 31 行.
INFO: Run ParseTemplate Behavior [ RunTime:-1.024058s ]
INFO: [ view_parse ] --END-- [ RunTime:0.026002s ]
INFO: [ view_filter ] --START--
INFO: Run ContentReplace Behavior [ RunTime:-1.050060s ]
INFO: Run TokenBuild Behavior [ RunTime:-1.052060s ]
INFO: Run WriteHtmlCache Behavior [ RunTime:-1.053060s ]
INFO: Run ShowRuntime Behavior [ RunTime:-1.054060s ]
INFO: [ view_filter ] --END-- [ RunTime:0.006000s ]
INFO: [ view_end ] --START--
INFO: Run ShowPageTrace Behavior [ RunTime:-1.056060s ]
INFO: [ view_end ] --END-- [ RunTime:0.001000s ]

[ 2014-10-03T11:08:21+08:00 ] 127.0.0.1 /index.php?g=System&m=Site&a=index&pid=6&level=3
INFO: [ app_begin ] --START--
INFO: Run ReadHtmlCache Behavior [ RunTime:0.000000s ]
INFO: [ app_begin ] --END-- [ RunTime:0.000000s ]
NOTIC: [2048] Declaration of SiteAction::insert() should be compatible with BaseAction::insert($name = '', $back = '/index') D:\Software\xampp\htdocs\pigcms\PigCms\Lib\Action\System\SiteAction.class.php 第 2 行.
SQL: SHOW COLUMNS FROM `tp_node` [ RunTime:0.007001s ]
SQL: SELECT * FROM `tp_node` WHERE ( `level` = 3 ) AND ( `pid` = 6 ) AND ( `status` = 1 ) AND ( `display` > 0 ) ORDER BY `sort` asc  [ RunTime:0.001000s ]
SQL: SHOW COLUMNS FROM `tp_user_group` [ RunTime:0.008000s ]
SQL: SELECT * FROM `tp_user_group` ORDER BY id ASC  [ RunTime:0.001000s ]
INFO: [ view_template ] --START--
INFO: Run LocationTemplate Behavior [ RunTime:-1.034059s ]
INFO: [ view_template ] --END-- [ RunTime:0.001000s ]
INFO: [ view_parse ] --START--
NOTIC: [8] Undefined variable: token D:\Software\xampp\htdocs\pigcms\Conf\logs\Cache\System\290787b61e1d188e50b8f6a79194f6f3.php 第 41 行.
NOTIC: [8] Use of undefined constant checked - assumed 'checked' D:\Software\xampp\htdocs\pigcms\Conf\logs\Cache\System\290787b61e1d188e50b8f6a79194f6f3.php 第 65 行.
NOTIC: [8] Use of undefined constant checked - assumed 'checked' D:\Software\xampp\htdocs\pigcms\Conf\logs\Cache\System\290787b61e1d188e50b8f6a79194f6f3.php 第 69 行.
INFO: Run ParseTemplate Behavior [ RunTime:-1.036059s ]
INFO: [ view_parse ] --END-- [ RunTime:0.025002s ]
INFO: [ view_filter ] --START--
INFO: Run ContentReplace Behavior [ RunTime:-1.061061s ]
INFO: Run TokenBuild Behavior [ RunTime:-1.063061s ]
INFO: Run WriteHtmlCache Behavior [ RunTime:-1.064061s ]
INFO: Run ShowRuntime Behavior [ RunTime:-1.064061s ]
INFO: [ view_filter ] --END-- [ RunTime:0.004000s ]
INFO: [ view_end ] --START--
INFO: Run ShowPageTrace Behavior [ RunTime:-1.065061s ]
INFO: [ view_end ] --END-- [ RunTime:0.001000s ]

[ 2014-10-03T11:08:26+08:00 ] 127.0.0.1 /index.php?g=User&m=Upyun&a=upload&token=&width=190
INFO: [ app_begin ] --START--
INFO: Run ReadHtmlCache Behavior [ RunTime:0.001000s ]
INFO: [ app_begin ] --END-- [ RunTime:0.001000s ]
SQL: SHOW COLUMNS FROM `tp_user_group` [ RunTime:0.004000s ]
SQL: SELECT * FROM `tp_user_group` WHERE ( `id` = null ) LIMIT 1   [ RunTime:0.001000s ]
SQL: SHOW COLUMNS FROM `tp_users` [ RunTime:0.004001s ]
NOTIC: [8] Undefined index: uid D:\Software\xampp\htdocs\pigcms\PigCms\Lib\Action\UserAction.class.php 第 13 行.
SQL: SELECT * FROM `tp_users` WHERE ( `id` = null ) LIMIT 1   [ RunTime:0.000000s ]
SQL: SHOW COLUMNS FROM `tp_wxuser` [ RunTime:0.006000s ]
SQL: SELECT * FROM `tp_wxuser` WHERE ( `token` = null ) AND ( `uid` = null ) LIMIT 1   [ RunTime:0.001000s ]
SQL: SHOW COLUMNS FROM `tp_token_open` [ RunTime:0.005000s ]
SQL: SELECT `queryname` FROM `tp_token_open` WHERE ( `token` = null ) LIMIT 1   [ RunTime:0.000000s ]
INFO: [ view_template ] --START--
INFO: Run LocationTemplate Behavior [ RunTime:-1.039060s ]
INFO: [ view_template ] --END-- [ RunTime:0.001000s ]
INFO: [ view_parse ] --START--
NOTIC: [8] Undefined variable: apikey D:\Software\xampp\htdocs\pigcms\Conf\logs\Cache\User\98b8848b68e15d866cd61a62155341bf.php 第 11 行.
INFO: Run ParseTemplate Behavior [ RunTime:-1.040060s ]
INFO: [ view_parse ] --END-- [ RunTime:0.009000s ]
INFO: [ view_filter ] --START--
INFO: Run ContentReplace Behavior [ RunTime:-1.049060s ]
INFO: Run TokenBuild Behavior [ RunTime:-1.050060s ]
INFO: Run WriteHtmlCache Behavior [ RunTime:-1.050060s ]
INFO: Run ShowRuntime Behavior [ RunTime:-1.051060s ]
INFO: [ view_filter ] --END-- [ RunTime:0.003000s ]
INFO: [ view_end ] --START--
INFO: Run ShowPageTrace Behavior [ RunTime:-1.052060s ]
INFO: [ view_end ] --END-- [ RunTime:0.000000s ]

[ 2014-10-03T11:08:32+08:00 ] 127.0.0.1 /index.php?g=User&m=Upyun&a=upload&token=&width=190
INFO: [ app_begin ] --START--
INFO: Run ReadHtmlCache Behavior [ RunTime:0.001000s ]
INFO: [ app_begin ] --END-- [ RunTime:0.001000s ]
SQL: SHOW COLUMNS FROM `tp_user_group` [ RunTime:0.006000s ]
SQL: SELECT * FROM `tp_user_group` WHERE ( `id` = null ) LIMIT 1   [ RunTime:0.001000s ]
SQL: SHOW COLUMNS FROM `tp_users` [ RunTime:0.007000s ]
NOTIC: [8] Undefined index: uid D:\Software\xampp\htdocs\pigcms\PigCms\Lib\Action\UserAction.class.php 第 13 行.
SQL: SELECT * FROM `tp_users` WHERE ( `id` = null ) LIMIT 1   [ RunTime:0.001000s ]
SQL: SHOW COLUMNS FROM `tp_wxuser` [ RunTime:0.008001s ]
SQL: SELECT * FROM `tp_wxuser` WHERE ( `token` = null ) AND ( `uid` = null ) LIMIT 1   [ RunTime:0.001000s ]
SQL: SHOW COLUMNS FROM `tp_token_open` [ RunTime:0.006000s ]
SQL: SELECT `queryname` FROM `tp_token_open` WHERE ( `token` = null ) LIMIT 1   [ RunTime:0.000000s ]
NOTIC: [2] md5_file(./uploads/a/admin/4/b/c/2/542e1330cb0a8.png): failed to open stream: No such file or directory D:\Software\xampp\htdocs\pigcms\PigCms\Lib\ORG\UploadFile.class.php 第 197 行.
SQL: UPDATE `tp_users` SET `attachmentsize`=attachmentsize+24307 WHERE ( `id` = null ) [ RunTime:0.000000s ]
SQL: SHOW COLUMNS FROM `tp_files` [ RunTime:0.008000s ]
SQL: INSERT INTO `tp_files` (`token`,`size`,`time`,`type`,`url`) VALUES ('admin','24307','1412305712','png','http://www.cltyy.cn/uploads/a/admin/4/b/c/2/thumb_542e1330cb0a8.png') [ RunTime:0.001000s ]

[ 2014-10-03T11:08:33+08:00 ] 127.0.0.1 /index.php?g=User&m=Upyun&a=upload&error=0&msg=http://www.cltyy.cn/uploads/a/admin/4/b/c/2/thumb_542e1330cb0a8.png
INFO: [ app_begin ] --START--
INFO: Run ReadHtmlCache Behavior [ RunTime:0.000000s ]
INFO: [ app_begin ] --END-- [ RunTime:0.001000s ]
SQL: SHOW COLUMNS FROM `tp_user_group` [ RunTime:0.003000s ]
SQL: SELECT * FROM `tp_user_group` WHERE ( `id` = null ) LIMIT 1   [ RunTime:0.000000s ]
SQL: SHOW COLUMNS FROM `tp_users` [ RunTime:0.004000s ]
NOTIC: [8] Undefined index: uid D:\Software\xampp\htdocs\pigcms\PigCms\Lib\Action\UserAction.class.php 第 13 行.
SQL: SELECT * FROM `tp_users` WHERE ( `id` = null ) LIMIT 1   [ RunTime:0.000000s ]
SQL: SHOW COLUMNS FROM `tp_wxuser` [ RunTime:0.005001s ]
SQL: SELECT * FROM `tp_wxuser` WHERE ( `token` = null ) AND ( `uid` = null ) LIMIT 1   [ RunTime:0.001000s ]
SQL: SHOW COLUMNS FROM `tp_token_open` [ RunTime:0.003000s ]
SQL: SELECT `queryname` FROM `tp_token_open` WHERE ( `token` = null ) LIMIT 1   [ RunTime:0.000000s ]
NOTIC: [8] Undefined index: width D:\Software\xampp\htdocs\pigcms\PigCms\Lib\Action\UserAction.class.php 第 68 行.
INFO: [ view_template ] --START--
INFO: Run LocationTemplate Behavior [ RunTime:-1.031059s ]
INFO: [ view_template ] --END-- [ RunTime:0.001000s ]
INFO: [ view_parse ] --START--
NOTIC: [8] Undefined variable: apikey D:\Software\xampp\htdocs\pigcms\Conf\logs\Cache\User\98b8848b68e15d866cd61a62155341bf.php 第 11 行.
INFO: Run ParseTemplate Behavior [ RunTime:-1.032059s ]
INFO: [ view_parse ] --END-- [ RunTime:0.008000s ]
INFO: [ view_filter ] --START--
INFO: Run ContentReplace Behavior [ RunTime:-1.040059s ]
INFO: Run TokenBuild Behavior [ RunTime:-1.040059s ]
INFO: Run WriteHtmlCache Behavior [ RunTime:-1.041060s ]
INFO: Run ShowRuntime Behavior [ RunTime:-1.041060s ]
INFO: [ view_filter ] --END-- [ RunTime:0.002001s ]
INFO: [ view_end ] --START--
INFO: Run ShowPageTrace Behavior [ RunTime:-1.042060s ]
INFO: [ view_end ] --END-- [ RunTime:0.001000s ]

[ 2014-10-03T11:08:39+08:00 ] 127.0.0.1 /index.php?g=System&m=Site&a=insert
INFO: [ app_begin ] --START--
INFO: Run ReadHtmlCache Behavior [ RunTime:0.000000s ]
INFO: [ app_begin ] --END-- [ RunTime:0.000000s ]
NOTIC: [2048] Declaration of SiteAction::insert() should be compatible with BaseAction::insert($name = '', $back = '/index') D:\Software\xampp\htdocs\pigcms\PigCms\Lib\Action\System\SiteAction.class.php 第 2 行.
SQL: SHOW COLUMNS FROM `tp_node` [ RunTime:0.006000s ]
SQL: SELECT * FROM `tp_node` WHERE ( `level` = null ) AND ( `pid` = 2 ) AND ( `status` = 1 ) AND ( `display` > 0 ) ORDER BY `sort` asc  [ RunTime:0.000000s ]
NOTIC: [2] unlink(./Conf/logs/~runtime.php): No such file or directory D:\Software\xampp\htdocs\pigcms\PigCms\Lib\Action\System\SiteAction.class.php 第 59 行.
INFO: [ view_template ] --START--
INFO: Run LocationTemplate Behavior [ RunTime:-1.023058s ]
INFO: [ view_template ] --END-- [ RunTime:0.002000s ]
INFO: [ view_parse ] --START--
INFO: Run ParseTemplate Behavior [ RunTime:-1.025058s ]
INFO: [ view_parse ] --END-- [ RunTime:0.014001s ]
INFO: [ view_filter ] --START--
INFO: Run ContentReplace Behavior [ RunTime:-1.039059s ]
INFO: Run TokenBuild Behavior [ RunTime:-1.040059s ]
INFO: Run WriteHtmlCache Behavior [ RunTime:-1.040059s ]
INFO: Run ShowRuntime Behavior [ RunTime:-1.041059s ]
INFO: [ view_filter ] --END-- [ RunTime:0.003000s ]
INFO: [ view_end ] --START--
INFO: Run ShowPageTrace Behavior [ RunTime:-1.042059s ]
INFO: [ view_end ] --END-- [ RunTime:0.002000s ]

[ 2014-10-03T11:08:41+08:00 ] 127.0.0.1 /index.php?g=System&m=Site&a=index&pid=6&level=3
INFO: [ app_begin ] --START--
INFO: Run ReadHtmlCache Behavior [ RunTime:0.001000s ]
INFO: [ app_begin ] --END-- [ RunTime:0.001000s ]
NOTIC: [2048] Declaration of SiteAction::insert() should be compatible with BaseAction::insert($name = '', $back = '/index') D:\Software\xampp\htdocs\pigcms\PigCms\Lib\Action\System\SiteAction.class.php 第 2 行.
SQL: SHOW COLUMNS FROM `tp_node` [ RunTime:0.007001s ]
SQL: SELECT * FROM `tp_node` WHERE ( `level` = 3 ) AND ( `pid` = 6 ) AND ( `status` = 1 ) AND ( `display` > 0 ) ORDER BY `sort` asc  [ RunTime:0.002000s ]
SQL: SHOW COLUMNS FROM `tp_user_group` [ RunTime:0.007000s ]
SQL: SELECT * FROM `tp_user_group` ORDER BY id ASC  [ RunTime:0.001000s ]
INFO: [ view_template ] --START--
INFO: Run LocationTemplate Behavior [ RunTime:-1.049060s ]
INFO: [ view_template ] --END-- [ RunTime:0.002000s ]
INFO: [ view_parse ] --START--
NOTIC: [8] Undefined variable: token D:\Software\xampp\htdocs\pigcms\Conf\logs\Cache\System\290787b61e1d188e50b8f6a79194f6f3.php 第 41 行.
NOTIC: [8] Use of undefined constant checked - assumed 'checked' D:\Software\xampp\htdocs\pigcms\Conf\logs\Cache\System\290787b61e1d188e50b8f6a79194f6f3.php 第 65 行.
NOTIC: [8] Use of undefined constant checked - assumed 'checked' D:\Software\xampp\htdocs\pigcms\Conf\logs\Cache\System\290787b61e1d188e50b8f6a79194f6f3.php 第 69 行.
INFO: Run ParseTemplate Behavior [ RunTime:-1.051060s ]
INFO: [ view_parse ] --END-- [ RunTime:0.024002s ]
INFO: [ view_filter ] --START--
INFO: Run ContentReplace Behavior [ RunTime:-1.075062s ]
INFO: Run TokenBuild Behavior [ RunTime:-1.076062s ]
INFO: Run WriteHtmlCache Behavior [ RunTime:-1.076062s ]
INFO: Run ShowRuntime Behavior [ RunTime:-1.076062s ]
INFO: [ view_filter ] --END-- [ RunTime:0.002000s ]
INFO: [ view_end ] --START--
INFO: Run ShowPageTrace Behavior [ RunTime:-1.077062s ]
INFO: [ view_end ] --END-- [ RunTime:0.001000s ]

[ 2014-10-03T11:08:43+08:00 ] 127.0.0.1 /index.php?g=Home&m=Index&a=common
INFO: [ app_begin ] --START--
INFO: Run ReadHtmlCache Behavior [ RunTime:0.001000s ]
INFO: [ app_begin ] --END-- [ RunTime:0.001000s ]
SQL: SHOW COLUMNS FROM `tp_case` [ RunTime:0.006001s ]
SQL: SELECT * FROM `tp_case` WHERE ( `status` = 1 ) ORDER BY id DESC  [ RunTime:0.001000s ]
INFO: [ view_template ] --START--
INFO: Run LocationTemplate Behavior [ RunTime:-1.029059s ]
INFO: [ view_template ] --END-- [ RunTime:0.003000s ]
INFO: [ view_parse ] --START--
NOTIC: [8] Use of undefined constant uid - assumed 'uid' D:\Software\xampp\htdocs\pigcms\Conf\logs\Cache\Home\767738387552b9f5bb687f89f645c406.php 第 31 行.
NOTIC: [8] Undefined index: uid D:\Software\xampp\htdocs\pigcms\Conf\logs\Cache\Home\767738387552b9f5bb687f89f645c406.php 第 31 行.
INFO: Run ParseTemplate Behavior [ RunTime:-1.032059s ]
INFO: [ view_parse ] --END-- [ RunTime:0.022001s ]
INFO: [ view_filter ] --START--
INFO: Run ContentReplace Behavior [ RunTime:-1.054060s ]
INFO: Run TokenBuild Behavior [ RunTime:-1.055060s ]
INFO: Run WriteHtmlCache Behavior [ RunTime:-1.056060s ]
INFO: Run ShowRuntime Behavior [ RunTime:-1.057060s ]
INFO: [ view_filter ] --END-- [ RunTime:0.004000s ]
INFO: [ view_end ] --START--
INFO: Run ShowPageTrace Behavior [ RunTime:-1.058060s ]
INFO: [ view_end ] --END-- [ RunTime:0.002000s ]

[ 2014-10-03T11:08:46+08:00 ] 127.0.0.1 /index.php?g=Home&m=Index&a=common
INFO: [ app_begin ] --START--
INFO: Run ReadHtmlCache Behavior [ RunTime:0.001000s ]
INFO: [ app_begin ] --END-- [ RunTime:0.001000s ]
SQL: SHOW COLUMNS FROM `tp_case` [ RunTime:0.006000s ]
SQL: SELECT * FROM `tp_case` WHERE ( `status` = 1 ) ORDER BY id DESC  [ RunTime:0.000000s ]
INFO: [ view_template ] --START--
INFO: Run LocationTemplate Behavior [ RunTime:-1.023059s ]
INFO: [ view_template ] --END-- [ RunTime:0.002000s ]
INFO: [ view_parse ] --START--
NOTIC: [8] Use of undefined constant uid - assumed 'uid' D:\Software\xampp\htdocs\pigcms\Conf\logs\Cache\Home\767738387552b9f5bb687f89f645c406.php 第 31 行.
NOTIC: [8] Undefined index: uid D:\Software\xampp\htdocs\pigcms\Conf\logs\Cache\Home\767738387552b9f5bb687f89f645c406.php 第 31 行.
INFO: Run ParseTemplate Behavior [ RunTime:-1.025059s ]
INFO: [ view_parse ] --END-- [ RunTime:0.024001s ]
INFO: [ view_filter ] --START--
INFO: Run ContentReplace Behavior [ RunTime:-1.049060s ]
INFO: Run TokenBuild Behavior [ RunTime:-1.049060s ]
INFO: Run WriteHtmlCache Behavior [ RunTime:-1.050061s ]
INFO: Run ShowRuntime Behavior [ RunTime:-1.051061s ]
INFO: [ view_filter ] --END-- [ RunTime:0.002001s ]
INFO: [ view_end ] --START--
INFO: Run ShowPageTrace Behavior [ RunTime:-1.051061s ]
INFO: [ view_end ] --END-- [ RunTime:0.001000s ]

[ 2014-10-03T11:08:51+08:00 ] 127.0.0.1 /index.php?g=System&m=Site&a=qianmoban&pid=6&level=3
INFO: [ app_begin ] --START--
INFO: Run ReadHtmlCache Behavior [ RunTime:0.001000s ]
INFO: [ app_begin ] --END-- [ RunTime:0.001000s ]
NOTIC: [2048] Declaration of SiteAction::insert() should be compatible with BaseAction::insert($name = '', $back = '/index') D:\Software\xampp\htdocs\pigcms\PigCms\Lib\Action\System\SiteAction.class.php 第 2 行.
SQL: SHOW COLUMNS FROM `tp_node` [ RunTime:0.007000s ]
SQL: SELECT * FROM `tp_node` WHERE ( `level` = 3 ) AND ( `pid` = 6 ) AND ( `status` = 1 ) AND ( `display` > 0 ) ORDER BY `sort` asc  [ RunTime:0.002000s ]
INFO: [ view_template ] --START--
INFO: Run LocationTemplate Behavior [ RunTime:-1.032059s ]
INFO: [ view_template ] --END-- [ RunTime:0.003000s ]
INFO: [ view_parse ] --START--
INFO: Run ParseTemplate Behavior [ RunTime:-1.035059s ]
INFO: [ view_parse ] --END-- [ RunTime:0.021002s ]
INFO: [ view_filter ] --START--
INFO: Run ContentReplace Behavior [ RunTime:-1.056061s ]
INFO: Run TokenBuild Behavior [ RunTime:-1.058061s ]
INFO: Run WriteHtmlCache Behavior [ RunTime:-1.059061s ]
INFO: Run ShowRuntime Behavior [ RunTime:-1.061061s ]
INFO: [ view_filter ] --END-- [ RunTime:0.006000s ]
INFO: [ view_end ] --START--
INFO: Run ShowPageTrace Behavior [ RunTime:-1.062061s ]
INFO: [ view_end ] --END-- [ RunTime:0.002000s ]

[ 2014-10-03T11:08:56+08:00 ] 127.0.0.1 /index.php?g=System&m=Site&a=qianmoban_up
INFO: [ app_begin ] --START--
INFO: Run ReadHtmlCache Behavior [ RunTime:0.001000s ]
INFO: [ app_begin ] --END-- [ RunTime:0.001000s ]
NOTIC: [2048] Declaration of SiteAction::insert() should be compatible with BaseAction::insert($name = '', $back = '/index') D:\Software\xampp\htdocs\pigcms\PigCms\Lib\Action\System\SiteAction.class.php 第 2 行.
SQL: SHOW COLUMNS FROM `tp_node` [ RunTime:0.006000s ]
SQL: SELECT * FROM `tp_node` WHERE ( `level` = null ) AND ( `pid` = 2 ) AND ( `status` = 1 ) AND ( `display` > 0 ) ORDER BY `sort` asc  [ RunTime:0.001000s ]
INFO: [ view_template ] --START--
INFO: Run LocationTemplate Behavior [ RunTime:-1.033059s ]
INFO: [ view_template ] --END-- [ RunTime:0.002000s ]
INFO: [ view_parse ] --START--
INFO: Run ParseTemplate Behavior [ RunTime:-1.035059s ]
INFO: [ view_parse ] --END-- [ RunTime:0.017001s ]
INFO: [ view_filter ] --START--
INFO: Run ContentReplace Behavior [ RunTime:-1.052060s ]
INFO: Run TokenBuild Behavior [ RunTime:-1.053060s ]
INFO: Run WriteHtmlCache Behavior [ RunTime:-1.054060s ]
INFO: Run ShowRuntime Behavior [ RunTime:-1.055060s ]
INFO: [ view_filter ] --END-- [ RunTime:0.005000s ]
INFO: [ view_end ] --START--
INFO: Run ShowPageTrace Behavior [ RunTime:-1.057060s ]
INFO: [ view_end ] --END-- [ RunTime:0.002001s ]

[ 2014-10-03T11:08:59+08:00 ] 127.0.0.1 /index.php?g=System&m=Site&a=qianmoban
INFO: [ app_begin ] --START--
INFO: Run ReadHtmlCache Behavior [ RunTime:0.001000s ]
INFO: [ app_begin ] --END-- [ RunTime:0.001000s ]
NOTIC: [2048] Declaration of SiteAction::insert() should be compatible with BaseAction::insert($name = '', $back = '/index') D:\Software\xampp\htdocs\pigcms\PigCms\Lib\Action\System\SiteAction.class.php 第 2 行.
SQL: SHOW COLUMNS FROM `tp_node` [ RunTime:0.006000s ]
SQL: SELECT * FROM `tp_node` WHERE ( `level` = null ) AND ( `pid` = 2 ) AND ( `status` = 1 ) AND ( `display` > 0 ) ORDER BY `sort` asc  [ RunTime:0.001000s ]
INFO: [ view_template ] --START--
INFO: Run LocationTemplate Behavior [ RunTime:-1.025059s ]
INFO: [ view_template ] --END-- [ RunTime:0.003000s ]
INFO: [ view_parse ] --START--
INFO: Run ParseTemplate Behavior [ RunTime:-1.028059s ]
INFO: [ view_parse ] --END-- [ RunTime:0.020001s ]
INFO: [ view_filter ] --START--
INFO: Run ContentReplace Behavior [ RunTime:-1.048060s ]
INFO: Run TokenBuild Behavior [ RunTime:-1.049060s ]
INFO: Run WriteHtmlCache Behavior [ RunTime:-1.050061s ]
INFO: Run ShowRuntime Behavior [ RunTime:-1.051061s ]
INFO: [ view_filter ] --END-- [ RunTime:0.003001s ]
INFO: [ view_end ] --START--
INFO: Run ShowPageTrace Behavior [ RunTime:-1.052061s ]
INFO: [ view_end ] --END-- [ RunTime:0.001000s ]

[ 2014-10-03T11:09:00+08:00 ] 127.0.0.1 /index.php?g=Home&m=Index&a=common
INFO: [ app_begin ] --START--
INFO: Run ReadHtmlCache Behavior [ RunTime:0.001000s ]
INFO: [ app_begin ] --END-- [ RunTime:0.001000s ]
SQL: SHOW COLUMNS FROM `tp_case` [ RunTime:0.006000s ]
SQL: SELECT * FROM `tp_case` WHERE ( `status` = 1 ) ORDER BY id DESC  [ RunTime:0.001000s ]
INFO: [ view_template ] --START--
INFO: Run LocationTemplate Behavior [ RunTime:-1.664095s ]
INFO: [ view_template ] --END-- [ RunTime:0.003000s ]
INFO: [ view_parse ] --START--
NOTIC: [8] Use of undefined constant uid - assumed 'uid' D:\Software\xampp\htdocs\pigcms\Conf\logs\Cache\Home\38026564f269d499d1c6978c619fbb6c.php 第 95 行.
NOTIC: [8] Undefined index: uid D:\Software\xampp\htdocs\pigcms\Conf\logs\Cache\Home\38026564f269d499d1c6978c619fbb6c.php 第 95 行.
INFO: Run ParseTemplate Behavior [ RunTime:-1.667095s ]
INFO: [ view_parse ] --END-- [ RunTime:0.083005s ]
INFO: [ view_filter ] --START--
INFO: Run ContentReplace Behavior [ RunTime:-1.750100s ]
INFO: Run TokenBuild Behavior [ RunTime:-1.752100s ]
INFO: Run WriteHtmlCache Behavior [ RunTime:-1.753100s ]
INFO: Run ShowRuntime Behavior [ RunTime:-1.754100s ]
INFO: [ view_filter ] --END-- [ RunTime:0.005000s ]
INFO: [ view_end ] --START--
INFO: Run ShowPageTrace Behavior [ RunTime:-1.756100s ]
INFO: [ view_end ] --END-- [ RunTime:0.001000s ]

[ 2014-10-03T11:09:06+08:00 ] 127.0.0.1 /
INFO: [ app_begin ] --START--
INFO: Run ReadHtmlCache Behavior [ RunTime:0.001000s ]
INFO: [ app_begin ] --END-- [ RunTime:0.001000s ]
SQL: SHOW COLUMNS FROM `tp_links` [ RunTime:0.007001s ]
SQL: SELECT * FROM `tp_links` WHERE ( `status` = 1 )  [ RunTime:0.000000s ]
INFO: [ view_template ] --START--
INFO: Run LocationTemplate Behavior [ RunTime:-1.019059s ]
INFO: [ view_template ] --END-- [ RunTime:0.003000s ]
INFO: [ view_parse ] --START--
NOTIC: [8] Use of undefined constant uid - assumed 'uid' D:\Software\xampp\htdocs\pigcms\Conf\logs\Cache\Home\b78a1135f13398b2e347da80ef28ba18.php 第 96 行.
NOTIC: [8] Undefined index: uid D:\Software\xampp\htdocs\pigcms\Conf\logs\Cache\Home\b78a1135f13398b2e347da80ef28ba18.php 第 96 行.
INFO: Run ParseTemplate Behavior [ RunTime:-1.022059s ]
INFO: [ view_parse ] --END-- [ RunTime:0.033002s ]
INFO: [ view_filter ] --START--
INFO: Run ContentReplace Behavior [ RunTime:-1.055061s ]
INFO: Run TokenBuild Behavior [ RunTime:-1.057061s ]
INFO: Run WriteHtmlCache Behavior [ RunTime:-1.058061s ]
INFO: Run ShowRuntime Behavior [ RunTime:-1.059061s ]
INFO: [ view_filter ] --END-- [ RunTime:0.005000s ]
INFO: [ view_end ] --START--
INFO: Run ShowPageTrace Behavior [ RunTime:-1.060061s ]
INFO: [ view_end ] --END-- [ RunTime:0.002000s ]

[ 2014-10-03T11:09:12+08:00 ] 127.0.0.1 /index.php?m=Index&a=reg
INFO: [ app_begin ] --START--
INFO: Run ReadHtmlCache Behavior [ RunTime:0.001001s ]
INFO: [ app_begin ] --END-- [ RunTime:0.001001s ]
INFO: [ view_template ] --START--
INFO: Run LocationTemplate Behavior [ RunTime:-0.004000s ]
INFO: [ view_template ] --END-- [ RunTime:0.002000s ]
INFO: [ view_parse ] --START--
NOTIC: [8] Use of undefined constant uid - assumed 'uid' D:\Software\xampp\htdocs\pigcms\Conf\logs\Cache\Home\902274c55f5e8e1e2d85c75b81cd6bb0.php 第 123 行.
NOTIC: [8] Undefined index: uid D:\Software\xampp\htdocs\pigcms\Conf\logs\Cache\Home\902274c55f5e8e1e2d85c75b81cd6bb0.php 第 123 行.
INFO: Run ParseTemplate Behavior [ RunTime:-0.006000s ]
INFO: [ view_parse ] --END-- [ RunTime:0.012001s ]
INFO: [ view_filter ] --START--
INFO: Run ContentReplace Behavior [ RunTime:-0.018001s ]
INFO: Run TokenBuild Behavior [ RunTime:-0.019001s ]
INFO: Run WriteHtmlCache Behavior [ RunTime:-0.020001s ]
INFO: Run ShowRuntime Behavior [ RunTime:-0.020001s ]
INFO: [ view_filter ] --END-- [ RunTime:0.003000s ]
INFO: [ view_end ] --START--
INFO: Run ShowPageTrace Behavior [ RunTime:-0.021001s ]
INFO: [ view_end ] --END-- [ RunTime:0.001000s ]

[ 2014-10-03T11:09:16+08:00 ] 127.0.0.1 /
INFO: [ app_begin ] --START--
INFO: Run ReadHtmlCache Behavior [ RunTime:0.001000s ]
INFO: [ app_begin ] --END-- [ RunTime:0.001000s ]
SQL: SHOW COLUMNS FROM `tp_links` [ RunTime:0.005001s ]
SQL: SELECT * FROM `tp_links` WHERE ( `status` = 1 )  [ RunTime:0.000000s ]
INFO: [ view_template ] --START--
INFO: Run LocationTemplate Behavior [ RunTime:-1.019059s ]
INFO: [ view_template ] --END-- [ RunTime:0.002000s ]
INFO: [ view_parse ] --START--
NOTIC: [8] Use of undefined constant uid - assumed 'uid' D:\Software\xampp\htdocs\pigcms\Conf\logs\Cache\Home\b78a1135f13398b2e347da80ef28ba18.php 第 96 行.
NOTIC: [8] Undefined index: uid D:\Software\xampp\htdocs\pigcms\Conf\logs\Cache\Home\b78a1135f13398b2e347da80ef28ba18.php 第 96 行.
INFO: Run ParseTemplate Behavior [ RunTime:-1.021059s ]
INFO: [ view_parse ] --END-- [ RunTime:0.024001s ]
INFO: [ view_filter ] --START--
INFO: Run ContentReplace Behavior [ RunTime:-1.045060s ]
INFO: Run TokenBuild Behavior [ RunTime:-1.046060s ]
INFO: Run WriteHtmlCache Behavior [ RunTime:-1.047060s ]
INFO: Run ShowRuntime Behavior [ RunTime:-1.047060s ]
INFO: [ view_filter ] --END-- [ RunTime:0.003000s ]
INFO: [ view_end ] --START--
INFO: Run ShowPageTrace Behavior [ RunTime:-1.048060s ]
INFO: [ view_end ] --END-- [ RunTime:0.001000s ]

[ 2014-10-03T11:09:18+08:00 ] 127.0.0.1 /index.php?g=Home&m=Index&a=common
INFO: [ app_begin ] --START--
INFO: Run ReadHtmlCache Behavior [ RunTime:0.001000s ]
INFO: [ app_begin ] --END-- [ RunTime:0.001000s ]
SQL: SHOW COLUMNS FROM `tp_case` [ RunTime:0.006001s ]
SQL: SELECT * FROM `tp_case` WHERE ( `status` = 1 ) ORDER BY id DESC  [ RunTime:0.000000s ]
INFO: [ view_template ] --START--
INFO: Run LocationTemplate Behavior [ RunTime:-1.134065s ]
INFO: [ view_template ] --END-- [ RunTime:0.002000s ]
INFO: [ view_parse ] --START--
NOTIC: [8] Use of undefined constant uid - assumed 'uid' D:\Software\xampp\htdocs\pigcms\Conf\logs\Cache\Home\38026564f269d499d1c6978c619fbb6c.php 第 95 行.
NOTIC: [8] Undefined index: uid D:\Software\xampp\htdocs\pigcms\Conf\logs\Cache\Home\38026564f269d499d1c6978c619fbb6c.php 第 95 行.
INFO: Run ParseTemplate Behavior [ RunTime:-1.136065s ]
INFO: [ view_parse ] --END-- [ RunTime:0.057003s ]
INFO: [ view_filter ] --START--
INFO: Run ContentReplace Behavior [ RunTime:-1.193068s ]
INFO: Run TokenBuild Behavior [ RunTime:-1.195068s ]
INFO: Run WriteHtmlCache Behavior [ RunTime:-1.196068s ]
INFO: Run ShowRuntime Behavior [ RunTime:-1.196068s ]
INFO: [ view_filter ] --END-- [ RunTime:0.004000s ]
INFO: [ view_end ] --START--
INFO: Run ShowPageTrace Behavior [ RunTime:-1.197068s ]
INFO: [ view_end ] --END-- [ RunTime:0.000000s ]

[ 2014-10-03T11:09:29+08:00 ] 127.0.0.1 /index.php?g=Home&m=Index&a=daili
INFO: [ app_begin ] --START--
INFO: Run ReadHtmlCache Behavior [ RunTime:0.000000s ]
INFO: [ app_begin ] --END-- [ RunTime:0.000000s ]
INFO: [ view_template ] --START--
INFO: Run LocationTemplate Behavior [ RunTime:-0.004001s ]
INFO: [ view_template ] --END-- [ RunTime:0.002000s ]
INFO: [ view_parse ] --START--
NOTIC: [8] Use of undefined constant uid - assumed 'uid' D:\Software\xampp\htdocs\pigcms\Conf\logs\Cache\Home\32a00b3053abe68466d2b3949598c127.php 第 92 行.
NOTIC: [8] Undefined index: uid D:\Software\xampp\htdocs\pigcms\Conf\logs\Cache\Home\32a00b3053abe68466d2b3949598c127.php 第 92 行.
INFO: Run ParseTemplate Behavior [ RunTime:-0.006001s ]
INFO: [ view_parse ] --END-- [ RunTime:0.032002s ]
INFO: [ view_filter ] --START--
INFO: Run ContentReplace Behavior [ RunTime:-0.038003s ]
INFO: Run TokenBuild Behavior [ RunTime:-0.038003s ]
INFO: Run WriteHtmlCache Behavior [ RunTime:-0.039003s ]
INFO: Run ShowRuntime Behavior [ RunTime:-0.040003s ]
INFO: [ view_filter ] --END-- [ RunTime:0.002000s ]
INFO: [ view_end ] --START--
INFO: Run ShowPageTrace Behavior [ RunTime:-0.041003s ]
INFO: [ view_end ] --END-- [ RunTime:0.000000s ]

[ 2014-10-03T11:09:46+08:00 ] 127.0.0.1 /index.php?g=System&m=Site&a=qianmoban_up
INFO: [ app_begin ] --START--
INFO: Run ReadHtmlCache Behavior [ RunTime:0.002000s ]
INFO: [ app_begin ] --END-- [ RunTime:0.002000s ]
NOTIC: [2048] Declaration of SiteAction::insert() should be compatible with BaseAction::insert($name = '', $back = '/index') D:\Software\xampp\htdocs\pigcms\PigCms\Lib\Action\System\SiteAction.class.php 第 2 行.
SQL: SHOW COLUMNS FROM `tp_node` [ RunTime:0.007001s ]
SQL: SELECT * FROM `tp_node` WHERE ( `level` = null ) AND ( `pid` = 2 ) AND ( `status` = 1 ) AND ( `display` > 0 ) ORDER BY `sort` asc  [ RunTime:0.001000s ]
INFO: [ view_template ] --START--
INFO: Run LocationTemplate Behavior [ RunTime:-1.033059s ]
INFO: [ view_template ] --END-- [ RunTime:0.002000s ]
INFO: [ view_parse ] --START--
INFO: Run ParseTemplate Behavior [ RunTime:-1.035059s ]
INFO: [ view_parse ] --END-- [ RunTime:0.015001s ]
INFO: [ view_filter ] --START--
INFO: Run ContentReplace Behavior [ RunTime:-1.050060s ]
INFO: Run TokenBuild Behavior [ RunTime:-1.051060s ]
INFO: Run WriteHtmlCache Behavior [ RunTime:-1.052060s ]
INFO: Run ShowRuntime Behavior [ RunTime:-1.053060s ]
INFO: [ view_filter ] --END-- [ RunTime:0.003000s ]
INFO: [ view_end ] --START--
INFO: Run ShowPageTrace Behavior [ RunTime:-1.053060s ]
INFO: [ view_end ] --END-- [ RunTime:0.001000s ]

[ 2014-10-03T11:09:48+08:00 ] 127.0.0.1 /index.php?g=System&m=Site&a=qianmoban
INFO: [ app_begin ] --START--
INFO: Run ReadHtmlCache Behavior [ RunTime:0.001000s ]
INFO: [ app_begin ] --END-- [ RunTime:0.001000s ]
NOTIC: [2048] Declaration of SiteAction::insert() should be compatible with BaseAction::insert($name = '', $back = '/index') D:\Software\xampp\htdocs\pigcms\PigCms\Lib\Action\System\SiteAction.class.php 第 2 行.
SQL: SHOW COLUMNS FROM `tp_node` [ RunTime:0.006001s ]
SQL: SELECT * FROM `tp_node` WHERE ( `level` = null ) AND ( `pid` = 2 ) AND ( `status` = 1 ) AND ( `display` > 0 ) ORDER BY `sort` asc  [ RunTime:0.001000s ]
INFO: [ view_template ] --START--
INFO: Run LocationTemplate Behavior [ RunTime:-1.028059s ]
INFO: [ view_template ] --END-- [ RunTime:0.003000s ]
INFO: [ view_parse ] --START--
INFO: Run ParseTemplate Behavior [ RunTime:-1.031059s ]
INFO: [ view_parse ] --END-- [ RunTime:0.020001s ]
INFO: [ view_filter ] --START--
INFO: Run ContentReplace Behavior [ RunTime:-1.051060s ]
INFO: Run TokenBuild Behavior [ RunTime:-1.052060s ]
INFO: Run WriteHtmlCache Behavior [ RunTime:-1.054060s ]
INFO: Run ShowRuntime Behavior [ RunTime:-1.055060s ]
INFO: [ view_filter ] --END-- [ RunTime:0.005000s ]
INFO: [ view_end ] --START--
INFO: Run ShowPageTrace Behavior [ RunTime:-1.056060s ]
INFO: [ view_end ] --END-- [ RunTime:0.002000s ]

[ 2014-10-03T11:09:48+08:00 ] ERR: (ThinkException) _ERROR_ACTION_:daili
[ 2014-10-03T11:09:50+08:00 ] ERR: (ThinkException) _ERROR_ACTION_:daili
[ 2014-10-03T11:09:59+08:00 ] 127.0.0.1 /index.php?g=System&m=Site&a=qianmoban_up
INFO: [ app_begin ] --START--
INFO: Run ReadHtmlCache Behavior [ RunTime:0.001000s ]
INFO: [ app_begin ] --END-- [ RunTime:0.001000s ]
NOTIC: [2048] Declaration of SiteAction::insert() should be compatible with BaseAction::insert($name = '', $back = '/index') D:\Software\xampp\htdocs\pigcms\PigCms\Lib\Action\System\SiteAction.class.php 第 2 行.
SQL: SHOW COLUMNS FROM `tp_node` [ RunTime:0.008000s ]
SQL: SELECT * FROM `tp_node` WHERE ( `level` = null ) AND ( `pid` = 2 ) AND ( `status` = 1 ) AND ( `display` > 0 ) ORDER BY `sort` asc  [ RunTime:0.000000s ]
INFO: [ view_template ] --START--
INFO: Run LocationTemplate Behavior [ RunTime:-1.025059s ]
INFO: [ view_template ] --END-- [ RunTime:0.002000s ]
INFO: [ view_parse ] --START--
INFO: Run ParseTemplate Behavior [ RunTime:-1.027059s ]
INFO: [ view_parse ] --END-- [ RunTime:0.016001s ]
INFO: [ view_filter ] --START--
INFO: Run ContentReplace Behavior [ RunTime:-1.043060s ]
INFO: Run TokenBuild Behavior [ RunTime:-1.044060s ]
INFO: Run WriteHtmlCache Behavior [ RunTime:-1.045060s ]
INFO: Run ShowRuntime Behavior [ RunTime:-1.046060s ]
INFO: [ view_filter ] --END-- [ RunTime:0.003000s ]
INFO: [ view_end ] --START--
INFO: Run ShowPageTrace Behavior [ RunTime:-1.047060s ]
INFO: [ view_end ] --END-- [ RunTime:0.001000s ]

[ 2014-10-03T11:10:01+08:00 ] 127.0.0.1 /index.php?g=System&m=Site&a=qianmoban
INFO: [ app_begin ] --START--
INFO: Run ReadHtmlCache Behavior [ RunTime:0.001000s ]
INFO: [ app_begin ] --END-- [ RunTime:0.001000s ]
NOTIC: [2048] Declaration of SiteAction::insert() should be compatible with BaseAction::insert($name = '', $back = '/index') D:\Software\xampp\htdocs\pigcms\PigCms\Lib\Action\System\SiteAction.class.php 第 2 行.
SQL: SHOW COLUMNS FROM `tp_node` [ RunTime:0.005001s ]
SQL: SELECT * FROM `tp_node` WHERE ( `level` = null ) AND ( `pid` = 2 ) AND ( `status` = 1 ) AND ( `display` > 0 ) ORDER BY `sort` asc  [ RunTime:0.001000s ]
INFO: [ view_template ] --START--
INFO: Run LocationTemplate Behavior [ RunTime:-1.023059s ]
INFO: [ view_template ] --END-- [ RunTime:0.001000s ]
INFO: [ view_parse ] --START--
INFO: Run ParseTemplate Behavior [ RunTime:-1.024059s ]
INFO: [ view_parse ] --END-- [ RunTime:0.013001s ]
INFO: [ view_filter ] --START--
INFO: Run ContentReplace Behavior [ RunTime:-1.037060s ]
INFO: Run TokenBuild Behavior [ RunTime:-1.038060s ]
INFO: Run WriteHtmlCache Behavior [ RunTime:-1.038060s ]
INFO: Run ShowRuntime Behavior [ RunTime:-1.039060s ]
INFO: [ view_filter ] --END-- [ RunTime:0.003000s ]
INFO: [ view_end ] --START--
INFO: Run ShowPageTrace Behavior [ RunTime:-1.040060s ]
INFO: [ view_end ] --END-- [ RunTime:0.001000s ]

[ 2014-10-03T11:10:01+08:00 ] ERR: (ThinkException) _ERROR_ACTION_:daili
[ 2014-10-03T11:10:03+08:00 ] ERR: (ThinkException) _ERROR_ACTION_:daili
[ 2014-10-03T11:10:04+08:00 ] ERR: (ThinkException) _ERROR_ACTION_:daili
[ 2014-10-03T11:10:04+08:00 ] ERR: (ThinkException) _ERROR_ACTION_:daili
[ 2014-10-03T11:10:09+08:00 ] 127.0.0.1 /index.php?g=System&m=Site&a=qianmoban_up
INFO: [ app_begin ] --START--
INFO: Run ReadHtmlCache Behavior [ RunTime:0.001000s ]
INFO: [ app_begin ] --END-- [ RunTime:0.001000s ]
NOTIC: [2048] Declaration of SiteAction::insert() should be compatible with BaseAction::insert($name = '', $back = '/index') D:\Software\xampp\htdocs\pigcms\PigCms\Lib\Action\System\SiteAction.class.php 第 2 行.
SQL: SHOW COLUMNS FROM `tp_node` [ RunTime:0.006000s ]
SQL: SELECT * FROM `tp_node` WHERE ( `level` = null ) AND ( `pid` = 2 ) AND ( `status` = 1 ) AND ( `display` > 0 ) ORDER BY `sort` asc  [ RunTime:0.001000s ]
INFO: [ view_template ] --START--
INFO: Run LocationTemplate Behavior [ RunTime:-1.023058s ]
INFO: [ view_template ] --END-- [ RunTime:0.002000s ]
INFO: [ view_parse ] --START--
INFO: Run ParseTemplate Behavior [ RunTime:-1.025058s ]
INFO: [ view_parse ] --END-- [ RunTime:0.017001s ]
INFO: [ view_filter ] --START--
INFO: Run ContentReplace Behavior [ RunTime:-1.042059s ]
INFO: Run TokenBuild Behavior [ RunTime:-1.043059s ]
INFO: Run WriteHtmlCache Behavior [ RunTime:-1.044059s ]
INFO: Run ShowRuntime Behavior [ RunTime:-1.046059s ]
INFO: [ view_filter ] --END-- [ RunTime:0.005000s ]
INFO: [ view_end ] --START--
INFO: Run ShowPageTrace Behavior [ RunTime:-1.047059s ]
INFO: [ view_end ] --END-- [ RunTime:0.002001s ]

[ 2014-10-03T11:10:11+08:00 ] 127.0.0.1 /index.php?g=System&m=Site&a=qianmoban
INFO: [ app_begin ] --START--
INFO: Run ReadHtmlCache Behavior [ RunTime:0.001001s ]
INFO: [ app_begin ] --END-- [ RunTime:0.001001s ]
NOTIC: [2048] Declaration of SiteAction::insert() should be compatible with BaseAction::insert($name = '', $back = '/index') D:\Software\xampp\htdocs\pigcms\PigCms\Lib\Action\System\SiteAction.class.php 第 2 行.
SQL: SHOW COLUMNS FROM `tp_node` [ RunTime:0.006000s ]
SQL: SELECT * FROM `tp_node` WHERE ( `level` = null ) AND ( `pid` = 2 ) AND ( `status` = 1 ) AND ( `display` > 0 ) ORDER BY `sort` asc  [ RunTime:0.000000s ]
INFO: [ view_template ] --START--
INFO: Run LocationTemplate Behavior [ RunTime:-1.031059s ]
INFO: [ view_template ] --END-- [ RunTime:0.002000s ]
INFO: [ view_parse ] --START--
INFO: Run ParseTemplate Behavior [ RunTime:-1.033059s ]
INFO: [ view_parse ] --END-- [ RunTime:0.020001s ]
INFO: [ view_filter ] --START--
INFO: Run ContentReplace Behavior [ RunTime:-1.053060s ]
INFO: Run TokenBuild Behavior [ RunTime:-1.055060s ]
INFO: Run WriteHtmlCache Behavior [ RunTime:-1.056060s ]
INFO: Run ShowRuntime Behavior [ RunTime:-1.057060s ]
INFO: [ view_filter ] --END-- [ RunTime:0.005000s ]
INFO: [ view_end ] --START--
INFO: Run ShowPageTrace Behavior [ RunTime:-1.058060s ]
INFO: [ view_end ] --END-- [ RunTime:0.002000s ]

[ 2014-10-03T11:10:11+08:00 ] 127.0.0.1 /index.php?g=Home&m=Index&a=daili
INFO: [ app_begin ] --START--
INFO: Run ReadHtmlCache Behavior [ RunTime:0.000000s ]
INFO: [ app_begin ] --END-- [ RunTime:0.000000s ]
INFO: [ view_template ] --START--
INFO: Run LocationTemplate Behavior [ RunTime:-0.489028s ]
INFO: [ view_template ] --END-- [ RunTime:0.003000s ]
INFO: [ view_parse ] --START--
NOTIC: [8] Use of undefined constant uid - assumed 'uid' D:\Software\xampp\htdocs\pigcms\Conf\logs\Cache\Home\32a00b3053abe68466d2b3949598c127.php 第 92 行.
NOTIC: [8] Undefined index: uid D:\Software\xampp\htdocs\pigcms\Conf\logs\Cache\Home\32a00b3053abe68466d2b3949598c127.php 第 92 行.
INFO: Run ParseTemplate Behavior [ RunTime:-0.493028s ]
INFO: [ view_parse ] --END-- [ RunTime:0.019001s ]
INFO: [ view_filter ] --START--
INFO: Run ContentReplace Behavior [ RunTime:-0.512029s ]
INFO: Run TokenBuild Behavior [ RunTime:-0.513029s ]
INFO: Run WriteHtmlCache Behavior [ RunTime:-0.514029s ]
INFO: Run ShowRuntime Behavior [ RunTime:-0.515029s ]
INFO: [ view_filter ] --END-- [ RunTime:0.003000s ]
INFO: [ view_end ] --START--
INFO: Run ShowPageTrace Behavior [ RunTime:-0.515029s ]
INFO: [ view_end ] --END-- [ RunTime:0.001000s ]

[ 2014-10-03T11:10:14+08:00 ] 127.0.0.1 /
INFO: [ app_begin ] --START--
INFO: Run ReadHtmlCache Behavior [ RunTime:0.000000s ]
INFO: [ app_begin ] --END-- [ RunTime:0.000000s ]
SQL: SHOW COLUMNS FROM `tp_links` [ RunTime:0.006000s ]
SQL: SELECT * FROM `tp_links` WHERE ( `status` = 1 )  [ RunTime:0.001000s ]
INFO: [ view_template ] --START--
INFO: Run LocationTemplate Behavior [ RunTime:-1.030059s ]
INFO: [ view_template ] --END-- [ RunTime:0.002000s ]
INFO: [ view_parse ] --START--
NOTIC: [8] Use of undefined constant uid - assumed 'uid' D:\Software\xampp\htdocs\pigcms\Conf\logs\Cache\Home\b78a1135f13398b2e347da80ef28ba18.php 第 96 行.
NOTIC: [8] Undefined index: uid D:\Software\xampp\htdocs\pigcms\Conf\logs\Cache\Home\b78a1135f13398b2e347da80ef28ba18.php 第 96 行.
INFO: Run ParseTemplate Behavior [ RunTime:-1.033059s ]
INFO: [ view_parse ] --END-- [ RunTime:0.031002s ]
INFO: [ view_filter ] --START--
INFO: Run ContentReplace Behavior [ RunTime:-1.063061s ]
INFO: Run TokenBuild Behavior [ RunTime:-1.065061s ]
INFO: Run WriteHtmlCache Behavior [ RunTime:-1.066061s ]
INFO: Run ShowRuntime Behavior [ RunTime:-1.067061s ]
INFO: [ view_filter ] --END-- [ RunTime:0.005000s ]
INFO: [ view_end ] --START--
INFO: Run ShowPageTrace Behavior [ RunTime:-1.068061s ]
INFO: [ view_end ] --END-- [ RunTime:0.001000s ]

[ 2014-10-03T11:10:39+08:00 ] 127.0.0.1 /index.php?g=Home&m=Index&a=common
INFO: [ app_begin ] --START--
INFO: Run ReadHtmlCache Behavior [ RunTime:0.011001s ]
INFO: [ app_begin ] --END-- [ RunTime:0.011001s ]
SQL: SHOW COLUMNS FROM `tp_case` [ RunTime:0.007000s ]
SQL: SELECT * FROM `tp_case` WHERE ( `status` = 1 ) ORDER BY id DESC  [ RunTime:0.000000s ]
INFO: [ view_template ] --START--
INFO: Run LocationTemplate Behavior [ RunTime:-1.039059s ]
INFO: [ view_template ] --END-- [ RunTime:0.037002s ]
INFO: [ view_parse ] --START--
NOTIC: [8] Use of undefined constant uid - assumed 'uid' D:\Software\xampp\htdocs\pigcms\Conf\logs\Cache\Home\38026564f269d499d1c6978c619fbb6c.php 第 95 行.
NOTIC: [8] Undefined index: uid D:\Software\xampp\htdocs\pigcms\Conf\logs\Cache\Home\38026564f269d499d1c6978c619fbb6c.php 第 95 行.
INFO: Run ParseTemplate Behavior [ RunTime:-1.076061s ]
INFO: [ view_parse ] --END-- [ RunTime:0.109007s ]
INFO: [ view_filter ] --START--
INFO: Run ContentReplace Behavior [ RunTime:-1.185068s ]
INFO: Run TokenBuild Behavior [ RunTime:-1.188068s ]
INFO: Run WriteHtmlCache Behavior [ RunTime:-1.190068s ]
INFO: Run ShowRuntime Behavior [ RunTime:-1.191068s ]
INFO: [ view_filter ] --END-- [ RunTime:0.008000s ]
INFO: [ view_end ] --START--
INFO: Run ShowPageTrace Behavior [ RunTime:-1.193068s ]
INFO: [ view_end ] --END-- [ RunTime:0.001000s ]

[ 2014-10-03T11:10:41+08:00 ] 127.0.0.1 /index.php?g=Home&m=Index&a=gongneng
INFO: [ app_begin ] --START--
INFO: Run ReadHtmlCache Behavior [ RunTime:0.000000s ]
INFO: [ app_begin ] --END-- [ RunTime:0.000000s ]
INFO: [ view_template ] --START--
INFO: Run LocationTemplate Behavior [ RunTime:-0.004000s ]
INFO: [ view_template ] --END-- [ RunTime:0.002000s ]
INFO: [ view_parse ] --START--
NOTIC: [8] Use of undefined constant uid - assumed 'uid' D:\Software\xampp\htdocs\pigcms\Conf\logs\Cache\Home\34e489633400999d97e9c2240521bac5.php 第 95 行.
NOTIC: [8] Undefined index: uid D:\Software\xampp\htdocs\pigcms\Conf\logs\Cache\Home\34e489633400999d97e9c2240521bac5.php 第 95 行.
INFO: Run ParseTemplate Behavior [ RunTime:-0.006000s ]
INFO: [ view_parse ] --END-- [ RunTime:0.025001s ]
INFO: [ view_filter ] --START--
INFO: Run ContentReplace Behavior [ RunTime:-0.031001s ]
INFO: Run TokenBuild Behavior [ RunTime:-0.032002s ]
INFO: Run WriteHtmlCache Behavior [ RunTime:-0.032002s ]
INFO: Run ShowRuntime Behavior [ RunTime:-0.033002s ]
INFO: [ view_filter ] --END-- [ RunTime:0.003001s ]
INFO: [ view_end ] --START--
INFO: Run ShowPageTrace Behavior [ RunTime:-0.034002s ]
INFO: [ view_end ] --END-- [ RunTime:0.001000s ]

[ 2014-10-03T11:10:44+08:00 ] 127.0.0.1 /index.php?g=Home&m=Index&a=daili
INFO: [ app_begin ] --START--
INFO: Run ReadHtmlCache Behavior [ RunTime:0.000000s ]
INFO: [ app_begin ] --END-- [ RunTime:0.000000s ]
INFO: [ view_template ] --START--
INFO: Run LocationTemplate Behavior [ RunTime:-0.004000s ]
INFO: [ view_template ] --END-- [ RunTime:0.002000s ]
INFO: [ view_parse ] --START--
NOTIC: [8] Use of undefined constant uid - assumed 'uid' D:\Software\xampp\htdocs\pigcms\Conf\logs\Cache\Home\32a00b3053abe68466d2b3949598c127.php 第 92 行.
NOTIC: [8] Undefined index: uid D:\Software\xampp\htdocs\pigcms\Conf\logs\Cache\Home\32a00b3053abe68466d2b3949598c127.php 第 92 行.
INFO: Run ParseTemplate Behavior [ RunTime:-0.006000s ]
INFO: [ view_parse ] --END-- [ RunTime:0.036002s ]
INFO: [ view_filter ] --START--
INFO: Run ContentReplace Behavior [ RunTime:-0.042002s ]
INFO: Run TokenBuild Behavior [ RunTime:-0.042002s ]
INFO: Run WriteHtmlCache Behavior [ RunTime:-0.043002s ]
INFO: Run ShowRuntime Behavior [ RunTime:-0.043002s ]
INFO: [ view_filter ] --END-- [ RunTime:0.002000s ]
INFO: [ view_end ] --START--
INFO: Run ShowPageTrace Behavior [ RunTime:-0.044002s ]
INFO: [ view_end ] --END-- [ RunTime:0.001000s ]

[ 2014-10-03T11:27:48+08:00 ] 127.0.0.1 /index.php?g=Home&m=Index&a=daili
INFO: [ app_begin ] --START--
INFO: Run ReadHtmlCache Behavior [ RunTime:0.000000s ]
INFO: [ app_begin ] --END-- [ RunTime:0.000000s ]
INFO: [ view_template ] --START--
INFO: Run LocationTemplate Behavior [ RunTime:-0.003000s ]
INFO: [ view_template ] --END-- [ RunTime:0.001000s ]
INFO: [ view_parse ] --START--
NOTIC: [8] Use of undefined constant uid - assumed 'uid' D:\Software\xampp\htdocs\pigcms\Conf\logs\Cache\Home\32a00b3053abe68466d2b3949598c127.php 第 92 行.
NOTIC: [8] Undefined index: uid D:\Software\xampp\htdocs\pigcms\Conf\logs\Cache\Home\32a00b3053abe68466d2b3949598c127.php 第 92 行.
INFO: Run ParseTemplate Behavior [ RunTime:-0.004000s ]
INFO: [ view_parse ] --END-- [ RunTime:0.016001s ]
INFO: [ view_filter ] --START--
INFO: Run ContentReplace Behavior [ RunTime:-0.021001s ]
INFO: Run TokenBuild Behavior [ RunTime:-0.021001s ]
INFO: Run WriteHtmlCache Behavior [ RunTime:-0.022001s ]
INFO: Run ShowRuntime Behavior [ RunTime:-0.022001s ]
INFO: [ view_filter ] --END-- [ RunTime:0.001000s ]
INFO: [ view_end ] --START--
INFO: Run ShowPageTrace Behavior [ RunTime:-0.023001s ]
INFO: [ view_end ] --END-- [ RunTime:0.000000s ]

