[ 2014-12-29T20:51:12+08:00 ] 127.0.0.1 /
INFO: [ app_begin ] --START--
INFO: Run ReadHtmlCache Behavior [ RunTime:0.002000s ]
INFO: [ app_begin ] --END-- [ RunTime:0.016001s ]
SQL: SHOW COLUMNS FROM `tp_links` [ RunTime:0.024001s ]
SQL: SELECT * FROM `tp_links` WHERE ( `status` = 1 )  [ RunTime:0.001000s ]
INFO: [ view_template ] --START--
INFO: Run LocationTemplate Behavior [ RunTime:-1.244072s ]
INFO: [ view_template ] --END-- [ RunTime:0.011000s ]
INFO: [ view_parse ] --START--
NOTIC: [8] Use of undefined constant uid - assumed 'uid' D:\Software\xampp\htdocs\pigcms\Conf\logs\Cache\Home\a423fc1ab037bbf3980b6781df39cf92.php 第 29 行.
NOTIC: [8] Undefined index: uid D:\Software\xampp\htdocs\pigcms\Conf\logs\Cache\Home\a423fc1ab037bbf3980b6781df39cf92.php 第 29 行.
INFO: Run ParseTemplate Behavior [ RunTime:-1.255072s ]
INFO: [ view_parse ] --END-- [ RunTime:0.095006s ]
INFO: [ view_filter ] --START--
INFO: Run ContentReplace Behavior [ RunTime:-1.350078s ]
INFO: Run TokenBuild Behavior [ RunTime:-1.352078s ]
INFO: Run WriteHtmlCache Behavior [ RunTime:-1.354078s ]
INFO: Run ShowRuntime Behavior [ RunTime:-1.355078s ]
INFO: [ view_filter ] --END-- [ RunTime:0.007000s ]
INFO: [ view_end ] --START--
INFO: Run ShowPageTrace Behavior [ RunTime:-1.357078s ]
INFO: [ view_end ] --END-- [ RunTime:0.002000s ]

[ 2014-12-29T20:51:15+08:00 ] 127.0.0.1 /index.php?m=Index&a=login
INFO: [ app_begin ] --START--
INFO: Run ReadHtmlCache Behavior [ RunTime:0.001000s ]
INFO: [ app_begin ] --END-- [ RunTime:0.001000s ]
INFO: [ view_template ] --START--
INFO: Run LocationTemplate Behavior [ RunTime:-0.028002s ]
INFO: [ view_template ] --END-- [ RunTime:0.000000s ]
INFO: [ view_parse ] --START--
NOTIC: [8] Use of undefined constant uid - assumed 'uid' D:\Software\xampp\htdocs\pigcms\Conf\logs\Cache\Home\911a6ad059e4a4554e61d97297ac8f95.php 第 30 行.
NOTIC: [8] Undefined index: uid D:\Software\xampp\htdocs\pigcms\Conf\logs\Cache\Home\911a6ad059e4a4554e61d97297ac8f95.php 第 30 行.
INFO: Run ParseTemplate Behavior [ RunTime:-0.029002s ]
INFO: [ view_parse ] --END-- [ RunTime:0.016001s ]
INFO: [ view_filter ] --START--
INFO: Run ContentReplace Behavior [ RunTime:-0.045003s ]
INFO: Run TokenBuild Behavior [ RunTime:-0.045003s ]
INFO: Run WriteHtmlCache Behavior [ RunTime:-0.046003s ]
INFO: Run ShowRuntime Behavior [ RunTime:-0.046003s ]
INFO: [ view_filter ] --END-- [ RunTime:0.001000s ]
INFO: [ view_end ] --START--
INFO: Run ShowPageTrace Behavior [ RunTime:-0.047003s ]
INFO: [ view_end ] --END-- [ RunTime:0.000000s ]

[ 2014-12-29T20:51:21+08:00 ] 127.0.0.1 /index.php?m=Users&a=checklogin
INFO: [ app_begin ] --START--
INFO: Run ReadHtmlCache Behavior [ RunTime:0.001000s ]
INFO: [ app_begin ] --END-- [ RunTime:0.001000s ]
SQL: SHOW COLUMNS FROM `tp_users` [ RunTime:0.043003s ]
SQL: SELECT * FROM `tp_users` WHERE ( `username` = 'admin' ) LIMIT 1   [ RunTime:0.001000s ]
SQL: SHOW COLUMNS FROM `tp_user_group` [ RunTime:0.007000s ]
SQL: SELECT * FROM `tp_user_group` WHERE ( `id` = 4 ) LIMIT 1   [ RunTime:0.008001s ]
SQL: UPDATE `tp_users` SET `lasttime`='1419857481',`lastloginmonth`='12',`lastip`='127.0.0.1' WHERE ( `id` = 1 ) [ RunTime:0.028001s ]
INFO: [ view_template ] --START--
INFO: Run LocationTemplate Behavior [ RunTime:-1.157066s ]
INFO: [ view_template ] --END-- [ RunTime:0.001000s ]
INFO: [ view_parse ] --START--
INFO: Run ParseTemplate Behavior [ RunTime:-1.159066s ]
INFO: [ view_parse ] --END-- [ RunTime:0.053003s ]
INFO: [ view_filter ] --START--
INFO: Run ContentReplace Behavior [ RunTime:-1.211069s ]
INFO: Run TokenBuild Behavior [ RunTime:-1.212069s ]
INFO: Run WriteHtmlCache Behavior [ RunTime:-1.213069s ]
INFO: Run ShowRuntime Behavior [ RunTime:-1.214069s ]
INFO: [ view_filter ] --END-- [ RunTime:0.004001s ]
INFO: [ view_end ] --START--
INFO: Run ShowPageTrace Behavior [ RunTime:-1.215070s ]
INFO: [ view_end ] --END-- [ RunTime:0.001000s ]

[ 2014-12-29T20:51:24+08:00 ] 127.0.0.1 /index.php?g=User&m=Index&a=index
INFO: [ app_begin ] --START--
INFO: Run ReadHtmlCache Behavior [ RunTime:0.000000s ]
INFO: [ app_begin ] --END-- [ RunTime:0.000000s ]
NOTIC: [2048] Declaration of IndexAction::insert() should be compatible with BaseAction::insert($name = '', $back = '/index') D:\Software\xampp\htdocs\pigcms\PigCms\Lib\Action\User\IndexAction.class.php 第 2 行.
SQL: SHOW COLUMNS FROM `tp_user_group` [ RunTime:0.005001s ]
SQL: SELECT * FROM `tp_user_group` WHERE ( `id` = 4 ) LIMIT 1   [ RunTime:0.000000s ]
SQL: SHOW COLUMNS FROM `tp_users` [ RunTime:0.006000s ]
SQL: SELECT * FROM `tp_users` WHERE ( `id` = 1 ) LIMIT 1   [ RunTime:0.000000s ]
SQL: SHOW COLUMNS FROM `tp_wxuser` [ RunTime:0.039002s ]
SQL: SELECT * FROM `tp_wxuser` WHERE ( `token` = null ) AND ( `uid` = 1 ) LIMIT 1   [ RunTime:0.009000s ]
SQL: SHOW COLUMNS FROM `tp_token_open` [ RunTime:0.015001s ]
SQL: SELECT `queryname` FROM `tp_token_open` WHERE ( `token` = null ) LIMIT 1   [ RunTime:0.001000s ]
NOTIC: [8] Undefined index: width D:\Software\xampp\htdocs\pigcms\PigCms\Lib\Action\UserAction.class.php 第 68 行.
SQL: SHOW COLUMNS FROM `tp_user_group` [ RunTime:0.006001s ]
SQL: SELECT * FROM `tp_user_group`  [ RunTime:0.001000s ]
SQL: SELECT COUNT(*) AS tp_count FROM `tp_wxuser` WHERE ( `uid` = 1 ) LIMIT 1   [ RunTime:0.000000s ]
SQL: SELECT * FROM `tp_wxuser` WHERE ( `uid` = 1 ) LIMIT 0,100   [ RunTime:0.002000s ]
NOTIC: [8] Undefined variable: apiinfo D:\Software\xampp\htdocs\pigcms\PigCms\Lib\Action\User\IndexAction.class.php 第 33 行.
SQL: SHOW COLUMNS FROM `tp_diymen_set` [ RunTime:0.007000s ]
SQL: SELECT * FROM `tp_diymen_set` WHERE ( `token` = 'xlrvqn1417349582' ) LIMIT 1   [ RunTime:0.006000s ]
SQL: SELECT * FROM `tp_diymen_set` WHERE ( `token` = 'opmpqh1418554516' ) LIMIT 1   [ RunTime:0.001001s ]
SQL: SELECT * FROM `tp_diymen_set` WHERE ( `token` = 'qvmvju1418554443' ) LIMIT 1   [ RunTime:0.001000s ]
SQL: SELECT * FROM `tp_diymen_set` WHERE ( `token` = 'rvbdce1418553517' ) LIMIT 1   [ RunTime:0.001000s ]
SQL: SELECT * FROM `tp_diymen_set` WHERE ( `token` = 'pxazql1418553737' ) LIMIT 1   [ RunTime:0.001000s ]
SQL: SELECT * FROM `tp_diymen_set` WHERE ( `token` = 'ywbugv1418553981' ) LIMIT 1   [ RunTime:0.000000s ]
SQL: SELECT * FROM `tp_diymen_set` WHERE ( `token` = 'mzoeut1418554096' ) LIMIT 1   [ RunTime:0.001000s ]
NOTIC: [8] Undefined variable: apiinfo D:\Software\xampp\htdocs\pigcms\PigCms\Lib\Action\User\IndexAction.class.php 第 33 行.
SQL: SELECT * FROM `tp_diymen_set` WHERE ( `token` = 'cfabet1418556896' ) LIMIT 1   [ RunTime:0.001000s ]
INFO: [ view_template ] --START--
INFO: Run LocationTemplate Behavior [ RunTime:-1.215070s ]
INFO: [ view_template ] --END-- [ RunTime:0.002000s ]
INFO: [ view_parse ] --START--
NOTIC: [8] Use of undefined constant uid - assumed 'uid' D:\Software\xampp\htdocs\pigcms\Conf\logs\Cache\User\56f7804e54d354c9c14b7fc522e75478.php 第 51 行.
NOTIC: [8] Use of undefined constant Common - assumed 'Common' D:\Software\xampp\htdocs\pigcms\Conf\logs\Cache\User\56f7804e54d354c9c14b7fc522e75478.php 第 113 行.
NOTIC: [8] Undefined variable: alert D:\Software\xampp\htdocs\pigcms\Conf\logs\Cache\User\56f7804e54d354c9c14b7fc522e75478.php 第 210 行.
INFO: Run ParseTemplate Behavior [ RunTime:-1.217070s ]
INFO: [ view_parse ] --END-- [ RunTime:0.078004s ]
INFO: [ view_filter ] --START--
INFO: Run ContentReplace Behavior [ RunTime:-1.295074s ]
INFO: Run TokenBuild Behavior [ RunTime:-1.296074s ]
INFO: Run WriteHtmlCache Behavior [ RunTime:-1.297075s ]
INFO: Run ShowRuntime Behavior [ RunTime:-1.298075s ]
INFO: [ view_filter ] --END-- [ RunTime:0.004001s ]
INFO: [ view_end ] --START--
INFO: Run ShowPageTrace Behavior [ RunTime:-1.299075s ]
INFO: [ view_end ] --END-- [ RunTime:0.002000s ]

[ 2014-12-29T20:51:29+08:00 ] 127.0.0.1 /index.php?g=User&m=Index&a=add
INFO: [ app_begin ] --START--
INFO: Run ReadHtmlCache Behavior [ RunTime:0.000000s ]
INFO: [ app_begin ] --END-- [ RunTime:0.000000s ]
NOTIC: [2048] Declaration of IndexAction::insert() should be compatible with BaseAction::insert($name = '', $back = '/index') D:\Software\xampp\htdocs\pigcms\PigCms\Lib\Action\User\IndexAction.class.php 第 2 行.
SQL: SHOW COLUMNS FROM `tp_user_group` [ RunTime:0.006000s ]
SQL: SELECT * FROM `tp_user_group` WHERE ( `id` = 4 ) LIMIT 1   [ RunTime:0.001000s ]
SQL: SHOW COLUMNS FROM `tp_users` [ RunTime:0.006001s ]
SQL: SELECT * FROM `tp_users` WHERE ( `id` = 1 ) LIMIT 1   [ RunTime:0.001000s ]
SQL: SHOW COLUMNS FROM `tp_wxuser` [ RunTime:0.008000s ]
SQL: SELECT * FROM `tp_wxuser` WHERE ( `token` = null ) AND ( `uid` = 1 ) LIMIT 1   [ RunTime:0.001001s ]
SQL: SHOW COLUMNS FROM `tp_token_open` [ RunTime:0.005000s ]
SQL: SELECT `queryname` FROM `tp_token_open` WHERE ( `token` = null ) LIMIT 1   [ RunTime:0.000000s ]
NOTIC: [8] Undefined index: width D:\Software\xampp\htdocs\pigcms\PigCms\Lib\Action\UserAction.class.php 第 68 行.
INFO: [ view_template ] --START--
INFO: Run LocationTemplate Behavior [ RunTime:-1.040060s ]
INFO: [ view_template ] --END-- [ RunTime:0.001000s ]
INFO: [ view_parse ] --START--
NOTIC: [8] Use of undefined constant uid - assumed 'uid' D:\Software\xampp\htdocs\pigcms\Conf\logs\Cache\User\abcb2dc0cdf6cecdbc543733dfd2e7d4.php 第 51 行.
NOTIC: [8] Undefined variable: alert D:\Software\xampp\htdocs\pigcms\Conf\logs\Cache\User\abcb2dc0cdf6cecdbc543733dfd2e7d4.php 第 304 行.
INFO: Run ParseTemplate Behavior [ RunTime:-1.041060s ]
INFO: [ view_parse ] --END-- [ RunTime:0.057003s ]
INFO: [ view_filter ] --START--
INFO: Run ContentReplace Behavior [ RunTime:-1.098063s ]
INFO: Run TokenBuild Behavior [ RunTime:-1.099063s ]
INFO: Run WriteHtmlCache Behavior [ RunTime:-1.100063s ]
INFO: Run ShowRuntime Behavior [ RunTime:-1.100063s ]
INFO: [ view_filter ] --END-- [ RunTime:0.004000s ]
INFO: [ view_end ] --START--
INFO: Run ShowPageTrace Behavior [ RunTime:-1.102063s ]
INFO: [ view_end ] --END-- [ RunTime:0.002001s ]

[ 2014-12-29T20:51:39+08:00 ] 127.0.0.1 /index.php?g=User&m=Index&a=insert
INFO: [ app_begin ] --START--
INFO: Run ReadHtmlCache Behavior [ RunTime:0.000000s ]
INFO: [ app_begin ] --END-- [ RunTime:0.000000s ]
NOTIC: [2048] Declaration of IndexAction::insert() should be compatible with BaseAction::insert($name = '', $back = '/index') D:\Software\xampp\htdocs\pigcms\PigCms\Lib\Action\User\IndexAction.class.php 第 2 行.
SQL: SHOW COLUMNS FROM `tp_user_group` [ RunTime:0.006000s ]
SQL: SELECT * FROM `tp_user_group` WHERE ( `id` = 4 ) LIMIT 1   [ RunTime:0.001001s ]
SQL: SHOW COLUMNS FROM `tp_users` [ RunTime:0.007000s ]
SQL: SELECT * FROM `tp_users` WHERE ( `id` = 1 ) LIMIT 1   [ RunTime:0.000000s ]
SQL: SHOW COLUMNS FROM `tp_wxuser` [ RunTime:0.008001s ]
SQL: SELECT * FROM `tp_wxuser` WHERE ( `token` = null ) AND ( `uid` = 1 ) LIMIT 1   [ RunTime:0.001000s ]
SQL: SHOW COLUMNS FROM `tp_token_open` [ RunTime:0.006000s ]
SQL: SELECT `queryname` FROM `tp_token_open` WHERE ( `token` = null ) LIMIT 1   [ RunTime:0.001000s ]
NOTIC: [8] Undefined index: width D:\Software\xampp\htdocs\pigcms\PigCms\Lib\Action\UserAction.class.php 第 68 行.
SQL: SELECT `wechat_card_num` FROM `tp_user_group` WHERE ( `id` = 4 ) LIMIT 1   [ RunTime:0.001000s ]
SQL: SELECT * FROM `tp_users` WHERE ( `id` = 1 ) LIMIT 1   [ RunTime:0.001000s ]
SQL: SHOW COLUMNS FROM `tp_wxuser` [ RunTime:0.008001s ]
SQL: SELECT * FROM `tp_wxuser` WHERE ( `token` = 'bhpcnu1419857488' ) LIMIT 1   [ RunTime:0.001000s ]
NOTIC: [8] Undefined offset: 3 D:\Software\xampp\htdocs\pigcms\Lib\Core\Model.class.php 第 866 行.
NOTIC: [8] Undefined offset: 3 D:\Software\xampp\htdocs\pigcms\Lib\Core\Model.class.php 第 866 行.
NOTIC: [8] Undefined offset: 3 D:\Software\xampp\htdocs\pigcms\Lib\Core\Model.class.php 第 866 行.
NOTIC: [8] Undefined offset: 3 D:\Software\xampp\htdocs\pigcms\Lib\Core\Model.class.php 第 866 行.
NOTIC: [8] Undefined offset: 3 D:\Software\xampp\htdocs\pigcms\Lib\Core\Model.class.php 第 866 行.
NOTIC: [8] Undefined offset: 3 D:\Software\xampp\htdocs\pigcms\Lib\Core\Model.class.php 第 866 行.
SQL: INSERT INTO `tp_wxuser` (`wxname`,`weixin`,`wx_password`,`post_num`,`post_time`,`post_type`,`winxintype`,`headerpic`,`token`,`province`,`city`,`qq`,`wxfans`,`pigsecret`,`uid`,`tpltypeid`,`tpllistid`,`tplcontentid`,`tpltypename`,`tpllistname`,`tplcontentname`,`createtime`,`updatetime`,`typeid`,`typename`) VALUES ('ad ','dsf','df','1','1','2','1','./tpl/User/default/common/images/portrait.jpg','bhpcnu1419857488','p','c','1419857488@yourdomain.com','0','qvdPldo3HFmuw5Db5Bq8','1','1','1','1','ty_index','yl_list','ktv_content','1419857499','1419857499','8','服务') [ RunTime:0.011000s ]
SQL: UPDATE `tp_users` SET `wechat_card_num`=wechat_card_num+1 WHERE ( `id` = 1 ) [ RunTime:0.001001s ]
SQL: SHOW COLUMNS FROM `tp_token_open` [ RunTime:0.005000s ]
SQL: SHOW COLUMNS FROM `tp_function` [ RunTime:0.017001s ]
SQL: SELECT `funname`,`gid`,`isserve` FROM `tp_function` WHERE `gid` <= 4  [ RunTime:0.001000s ]
NOTIC: [8] Undefined variable: queryname D:\Software\xampp\htdocs\pigcms\PigCms\Lib\Action\User\IndexAction.class.php 第 252 行.
SQL: INSERT INTO `tp_token_open` (`uid`,`token`,`queryname`) VALUES ('1','bhpcnu1419857488','tianqi,qiushi,jishuan,langdu,jiankang,kuaidi,xiaohua,changtoushi,peiliao,liaotian,mengjian,yuyinfanyi,huoche,gongjiao,shenfenzheng,shouji,yinle,fujin,lottery,taobao,userinfo,fanyi,api,suanming,baike,caipiao,choujiang,shouye,adma,huiyuanka,host_kev,geci,,diyform,dx,shop,etuan,diymen_set,gua2,panorama,wedding,vote,estate,album,GoldenEgg,LuckyFruit,message,car,wall,shake,forum,medical,message,share,hotel,school,Zhaopianwall,Vcard,advanceTpl,,Dati,Yuyue,wifi') [ RunTime:0.006000s ]
SQL: SHOW COLUMNS FROM `tp_diymen_set` [ RunTime:0.005001s ]
SQL: INSERT INTO `tp_diymen_set` (`appid`,`token`,`appsecret`) VALUES ('','bhpcnu1419857488','') [ RunTime:0.001000s ]
INFO: [ view_template ] --START--
INFO: Run LocationTemplate Behavior [ RunTime:-1.128065s ]
INFO: [ view_template ] --END-- [ RunTime:0.001000s ]
INFO: [ view_parse ] --START--
INFO: Run ParseTemplate Behavior [ RunTime:-1.130065s ]
INFO: [ view_parse ] --END-- [ RunTime:0.023001s ]
INFO: [ view_filter ] --START--
INFO: Run ContentReplace Behavior [ RunTime:-1.153066s ]
INFO: Run TokenBuild Behavior [ RunTime:-1.154066s ]
INFO: Run WriteHtmlCache Behavior [ RunTime:-1.155066s ]
INFO: Run ShowRuntime Behavior [ RunTime:-1.155066s ]
INFO: [ view_filter ] --END-- [ RunTime:0.004000s ]
INFO: [ view_end ] --START--
INFO: Run ShowPageTrace Behavior [ RunTime:-1.157066s ]
INFO: [ view_end ] --END-- [ RunTime:0.002000s ]

[ 2014-12-29T20:51:41+08:00 ] 127.0.0.1 /index.php?g=User&m=Index&a=index
INFO: [ app_begin ] --START--
INFO: Run ReadHtmlCache Behavior [ RunTime:0.001000s ]
INFO: [ app_begin ] --END-- [ RunTime:0.001000s ]
NOTIC: [2048] Declaration of IndexAction::insert() should be compatible with BaseAction::insert($name = '', $back = '/index') D:\Software\xampp\htdocs\pigcms\PigCms\Lib\Action\User\IndexAction.class.php 第 2 行.
SQL: SHOW COLUMNS FROM `tp_user_group` [ RunTime:0.006000s ]
SQL: SELECT * FROM `tp_user_group` WHERE ( `id` = 4 ) LIMIT 1   [ RunTime:0.000000s ]
SQL: SHOW COLUMNS FROM `tp_users` [ RunTime:0.007001s ]
SQL: SELECT * FROM `tp_users` WHERE ( `id` = 1 ) LIMIT 1   [ RunTime:0.000000s ]
SQL: SHOW COLUMNS FROM `tp_wxuser` [ RunTime:0.007000s ]
SQL: SELECT * FROM `tp_wxuser` WHERE ( `token` = null ) AND ( `uid` = 1 ) LIMIT 1   [ RunTime:0.001001s ]
SQL: SHOW COLUMNS FROM `tp_token_open` [ RunTime:0.006000s ]
SQL: SELECT `queryname` FROM `tp_token_open` WHERE ( `token` = null ) LIMIT 1   [ RunTime:0.000000s ]
NOTIC: [8] Undefined index: width D:\Software\xampp\htdocs\pigcms\PigCms\Lib\Action\UserAction.class.php 第 68 行.
SQL: SHOW COLUMNS FROM `tp_user_group` [ RunTime:0.003000s ]
SQL: SELECT * FROM `tp_user_group`  [ RunTime:0.001000s ]
SQL: SELECT COUNT(*) AS tp_count FROM `tp_wxuser` WHERE ( `uid` = 1 ) LIMIT 1   [ RunTime:0.000000s ]
SQL: SELECT * FROM `tp_wxuser` WHERE ( `uid` = 1 ) LIMIT 0,100   [ RunTime:0.001000s ]
NOTIC: [8] Undefined variable: apiinfo D:\Software\xampp\htdocs\pigcms\PigCms\Lib\Action\User\IndexAction.class.php 第 33 行.
SQL: SHOW COLUMNS FROM `tp_diymen_set` [ RunTime:0.003001s ]
SQL: SELECT * FROM `tp_diymen_set` WHERE ( `token` = 'xlrvqn1417349582' ) LIMIT 1   [ RunTime:0.001000s ]
SQL: SELECT * FROM `tp_diymen_set` WHERE ( `token` = 'opmpqh1418554516' ) LIMIT 1   [ RunTime:0.000000s ]
SQL: SELECT * FROM `tp_diymen_set` WHERE ( `token` = 'qvmvju1418554443' ) LIMIT 1   [ RunTime:0.000000s ]
SQL: SELECT * FROM `tp_diymen_set` WHERE ( `token` = 'rvbdce1418553517' ) LIMIT 1   [ RunTime:0.000000s ]
SQL: SELECT * FROM `tp_diymen_set` WHERE ( `token` = 'pxazql1418553737' ) LIMIT 1   [ RunTime:0.000000s ]
SQL: SELECT * FROM `tp_diymen_set` WHERE ( `token` = 'ywbugv1418553981' ) LIMIT 1   [ RunTime:0.000000s ]
SQL: SELECT * FROM `tp_diymen_set` WHERE ( `token` = 'mzoeut1418554096' ) LIMIT 1   [ RunTime:0.001000s ]
NOTIC: [8] Undefined variable: apiinfo D:\Software\xampp\htdocs\pigcms\PigCms\Lib\Action\User\IndexAction.class.php 第 33 行.
SQL: SELECT * FROM `tp_diymen_set` WHERE ( `token` = 'cfabet1418556896' ) LIMIT 1   [ RunTime:0.000000s ]
NOTIC: [8] Undefined variable: apiinfo D:\Software\xampp\htdocs\pigcms\PigCms\Lib\Action\User\IndexAction.class.php 第 33 行.
SQL: SELECT * FROM `tp_diymen_set` WHERE ( `token` = 'bhpcnu1419857488' ) LIMIT 1   [ RunTime:0.000000s ]
INFO: [ view_template ] --START--
INFO: Run LocationTemplate Behavior [ RunTime:-1.087062s ]
INFO: [ view_template ] --END-- [ RunTime:0.000000s ]
INFO: [ view_parse ] --START--
NOTIC: [8] Use of undefined constant uid - assumed 'uid' D:\Software\xampp\htdocs\pigcms\Conf\logs\Cache\User\56f7804e54d354c9c14b7fc522e75478.php 第 51 行.
NOTIC: [8] Use of undefined constant Common - assumed 'Common' D:\Software\xampp\htdocs\pigcms\Conf\logs\Cache\User\56f7804e54d354c9c14b7fc522e75478.php 第 113 行.
NOTIC: [8] Undefined variable: alert D:\Software\xampp\htdocs\pigcms\Conf\logs\Cache\User\56f7804e54d354c9c14b7fc522e75478.php 第 210 行.
INFO: Run ParseTemplate Behavior [ RunTime:-1.087062s ]
INFO: [ view_parse ] --END-- [ RunTime:0.015001s ]
INFO: [ view_filter ] --START--
INFO: Run ContentReplace Behavior [ RunTime:-1.103063s ]
INFO: Run TokenBuild Behavior [ RunTime:-1.103063s ]
INFO: Run WriteHtmlCache Behavior [ RunTime:-1.104063s ]
INFO: Run ShowRuntime Behavior [ RunTime:-1.105063s ]
INFO: [ view_filter ] --END-- [ RunTime:0.002000s ]
INFO: [ view_end ] --START--
INFO: Run ShowPageTrace Behavior [ RunTime:-1.106063s ]
INFO: [ view_end ] --END-- [ RunTime:0.001000s ]

[ 2014-12-29T20:51:45+08:00 ] 127.0.0.1 /index.php?g=User&m=Index&a=edit&id=1
INFO: [ app_begin ] --START--
INFO: Run ReadHtmlCache Behavior [ RunTime:0.001000s ]
INFO: [ app_begin ] --END-- [ RunTime:0.001000s ]
NOTIC: [2048] Declaration of IndexAction::insert() should be compatible with BaseAction::insert($name = '', $back = '/index') D:\Software\xampp\htdocs\pigcms\PigCms\Lib\Action\User\IndexAction.class.php 第 2 行.
SQL: SHOW COLUMNS FROM `tp_user_group` [ RunTime:0.006000s ]
SQL: SELECT * FROM `tp_user_group` WHERE ( `id` = 4 ) LIMIT 1   [ RunTime:0.001000s ]
SQL: SHOW COLUMNS FROM `tp_users` [ RunTime:0.005001s ]
SQL: SELECT * FROM `tp_users` WHERE ( `id` = 1 ) LIMIT 1   [ RunTime:0.000000s ]
SQL: SHOW COLUMNS FROM `tp_wxuser` [ RunTime:0.004000s ]
SQL: SELECT * FROM `tp_wxuser` WHERE ( `token` = null ) AND ( `uid` = 1 ) LIMIT 1   [ RunTime:0.001000s ]
SQL: SHOW COLUMNS FROM `tp_token_open` [ RunTime:0.003000s ]
SQL: SELECT `queryname` FROM `tp_token_open` WHERE ( `token` = null ) LIMIT 1   [ RunTime:0.000000s ]
NOTIC: [8] Undefined index: width D:\Software\xampp\htdocs\pigcms\PigCms\Lib\Action\UserAction.class.php 第 68 行.
SQL: SELECT * FROM `tp_wxuser` WHERE ( `uid` = 1 ) AND ( `id` = 1 ) LIMIT 1   [ RunTime:0.001000s ]
INFO: [ view_template ] --START--
INFO: Run LocationTemplate Behavior [ RunTime:-1.043059s ]
INFO: [ view_template ] --END-- [ RunTime:0.000000s ]
INFO: [ view_parse ] --START--
NOTIC: [8] Use of undefined constant uid - assumed 'uid' D:\Software\xampp\htdocs\pigcms\Conf\logs\Cache\User\a2e4b87f30e952417329ae79443dd206.php 第 51 行.
NOTIC: [8] Undefined variable: alert D:\Software\xampp\htdocs\pigcms\Conf\logs\Cache\User\a2e4b87f30e952417329ae79443dd206.php 第 317 行.
INFO: Run ParseTemplate Behavior [ RunTime:-1.044059s ]
INFO: [ view_parse ] --END-- [ RunTime:0.085005s ]
INFO: [ view_filter ] --START--
INFO: Run ContentReplace Behavior [ RunTime:-1.128064s ]
INFO: Run TokenBuild Behavior [ RunTime:-1.129064s ]
INFO: Run WriteHtmlCache Behavior [ RunTime:-1.130064s ]
INFO: Run ShowRuntime Behavior [ RunTime:-1.130064s ]
INFO: [ view_filter ] --END-- [ RunTime:0.004000s ]
INFO: [ view_end ] --START--
INFO: Run ShowPageTrace Behavior [ RunTime:-1.132064s ]
INFO: [ view_end ] --END-- [ RunTime:0.001000s ]

[ 2014-12-29T20:52:23+08:00 ] 127.0.0.1 /index.php?g=User&m=Index&a=edit&id=1
INFO: [ app_begin ] --START--
INFO: Run ReadHtmlCache Behavior [ RunTime:0.000000s ]
INFO: [ app_begin ] --END-- [ RunTime:0.000000s ]
NOTIC: [2048] Declaration of IndexAction::insert() should be compatible with BaseAction::insert($name = '', $back = '/index') D:\Software\xampp\htdocs\pigcms\PigCms\Lib\Action\User\IndexAction.class.php 第 2 行.
SQL: SHOW COLUMNS FROM `tp_user_group` [ RunTime:0.005000s ]
SQL: SELECT * FROM `tp_user_group` WHERE ( `id` = 4 ) LIMIT 1   [ RunTime:0.001001s ]
SQL: SHOW COLUMNS FROM `tp_users` [ RunTime:0.006000s ]
SQL: SELECT * FROM `tp_users` WHERE ( `id` = 1 ) LIMIT 1   [ RunTime:0.001000s ]
SQL: SHOW COLUMNS FROM `tp_wxuser` [ RunTime:0.008000s ]
SQL: SELECT * FROM `tp_wxuser` WHERE ( `token` = null ) AND ( `uid` = 1 ) LIMIT 1   [ RunTime:0.001000s ]
SQL: SHOW COLUMNS FROM `tp_token_open` [ RunTime:0.005000s ]
SQL: SELECT `queryname` FROM `tp_token_open` WHERE ( `token` = null ) LIMIT 1   [ RunTime:0.001000s ]
NOTIC: [8] Undefined index: width D:\Software\xampp\htdocs\pigcms\PigCms\Lib\Action\UserAction.class.php 第 68 行.
SQL: SELECT * FROM `tp_wxuser` WHERE ( `uid` = 1 ) AND ( `id` = 1 ) LIMIT 1   [ RunTime:0.002000s ]
INFO: [ view_template ] --START--
INFO: Run LocationTemplate Behavior [ RunTime:-1.055060s ]
INFO: [ view_template ] --END-- [ RunTime:0.001000s ]
INFO: [ view_parse ] --START--
NOTIC: [8] Use of undefined constant uid - assumed 'uid' D:\Software\xampp\htdocs\pigcms\Conf\logs\Cache\User\a2e4b87f30e952417329ae79443dd206.php 第 51 行.
NOTIC: [8] Undefined variable: alert D:\Software\xampp\htdocs\pigcms\Conf\logs\Cache\User\a2e4b87f30e952417329ae79443dd206.php 第 317 行.
INFO: Run ParseTemplate Behavior [ RunTime:-1.056060s ]
INFO: [ view_parse ] --END-- [ RunTime:0.023001s ]
INFO: [ view_filter ] --START--
INFO: Run ContentReplace Behavior [ RunTime:-1.079061s ]
INFO: Run TokenBuild Behavior [ RunTime:-1.079061s ]
INFO: Run WriteHtmlCache Behavior [ RunTime:-1.080062s ]
INFO: Run ShowRuntime Behavior [ RunTime:-1.080062s ]
INFO: [ view_filter ] --END-- [ RunTime:0.002001s ]
INFO: [ view_end ] --START--
INFO: Run ShowPageTrace Behavior [ RunTime:-1.081062s ]
INFO: [ view_end ] --END-- [ RunTime:0.001000s ]

[ 2014-12-29T20:54:26+08:00 ] 127.0.0.1 /index.php?g=User&m=Index&a=add
INFO: [ app_begin ] --START--
INFO: Run ReadHtmlCache Behavior [ RunTime:0.002000s ]
INFO: [ app_begin ] --END-- [ RunTime:0.002000s ]
NOTIC: [2048] Declaration of IndexAction::insert() should be compatible with BaseAction::insert($name = '', $back = '/index') D:\Software\xampp\htdocs\pigcms\PigCms\Lib\Action\User\IndexAction.class.php 第 2 行.
SQL: SHOW COLUMNS FROM `tp_user_group` [ RunTime:0.006001s ]
SQL: SELECT * FROM `tp_user_group` WHERE ( `id` = 4 ) LIMIT 1   [ RunTime:0.001000s ]
SQL: SHOW COLUMNS FROM `tp_users` [ RunTime:0.007000s ]
SQL: SELECT * FROM `tp_users` WHERE ( `id` = 1 ) LIMIT 1   [ RunTime:0.001000s ]
SQL: SHOW COLUMNS FROM `tp_wxuser` [ RunTime:0.006001s ]
SQL: SELECT * FROM `tp_wxuser` WHERE ( `token` = null ) AND ( `uid` = 1 ) LIMIT 1   [ RunTime:0.000000s ]
SQL: SHOW COLUMNS FROM `tp_token_open` [ RunTime:0.003000s ]
SQL: SELECT `queryname` FROM `tp_token_open` WHERE ( `token` = null ) LIMIT 1   [ RunTime:0.001000s ]
NOTIC: [8] Undefined index: width D:\Software\xampp\htdocs\pigcms\PigCms\Lib\Action\UserAction.class.php 第 68 行.
INFO: [ view_template ] --START--
INFO: Run LocationTemplate Behavior [ RunTime:-1.060061s ]
INFO: [ view_template ] --END-- [ RunTime:0.002000s ]
INFO: [ view_parse ] --START--
NOTIC: [8] Use of undefined constant uid - assumed 'uid' D:\Software\xampp\htdocs\pigcms\Conf\logs\Cache\User\abcb2dc0cdf6cecdbc543733dfd2e7d4.php 第 51 行.
NOTIC: [8] Undefined variable: alert D:\Software\xampp\htdocs\pigcms\Conf\logs\Cache\User\abcb2dc0cdf6cecdbc543733dfd2e7d4.php 第 304 行.
INFO: Run ParseTemplate Behavior [ RunTime:-1.062061s ]
INFO: [ view_parse ] --END-- [ RunTime:0.018001s ]
INFO: [ view_filter ] --START--
INFO: Run ContentReplace Behavior [ RunTime:-1.080062s ]
INFO: Run TokenBuild Behavior [ RunTime:-1.080062s ]
INFO: Run WriteHtmlCache Behavior [ RunTime:-1.081062s ]
INFO: Run ShowRuntime Behavior [ RunTime:-1.081062s ]
INFO: [ view_filter ] --END-- [ RunTime:0.002000s ]
INFO: [ view_end ] --START--
INFO: Run ShowPageTrace Behavior [ RunTime:-1.082062s ]
INFO: [ view_end ] --END-- [ RunTime:0.001000s ]

[ 2014-12-29T20:55:13+08:00 ] 127.0.0.1 /index.php?g=User&m=Index&a=add
INFO: [ app_begin ] --START--
INFO: Run ReadHtmlCache Behavior [ RunTime:0.000000s ]
INFO: [ app_begin ] --END-- [ RunTime:0.000000s ]
NOTIC: [2048] Declaration of IndexAction::insert() should be compatible with BaseAction::insert($name = '', $back = '/index') D:\Software\xampp\htdocs\pigcms\PigCms\Lib\Action\User\IndexAction.class.php 第 2 行.
SQL: SHOW COLUMNS FROM `tp_user_group` [ RunTime:0.005000s ]
SQL: SELECT * FROM `tp_user_group` WHERE ( `id` = 4 ) LIMIT 1   [ RunTime:0.000000s ]
SQL: SHOW COLUMNS FROM `tp_users` [ RunTime:0.006000s ]
SQL: SELECT * FROM `tp_users` WHERE ( `id` = 1 ) LIMIT 1   [ RunTime:0.001000s ]
SQL: SHOW COLUMNS FROM `tp_wxuser` [ RunTime:0.008000s ]
SQL: SELECT * FROM `tp_wxuser` WHERE ( `token` = null ) AND ( `uid` = 1 ) LIMIT 1   [ RunTime:0.001000s ]
SQL: SHOW COLUMNS FROM `tp_token_open` [ RunTime:0.005000s ]
SQL: SELECT `queryname` FROM `tp_token_open` WHERE ( `token` = null ) LIMIT 1   [ RunTime:0.000000s ]
NOTIC: [8] Undefined index: width D:\Software\xampp\htdocs\pigcms\PigCms\Lib\Action\UserAction.class.php 第 68 行.
INFO: [ view_template ] --START--
INFO: Run LocationTemplate Behavior [ RunTime:-1.055061s ]
INFO: [ view_template ] --END-- [ RunTime:0.001000s ]
INFO: [ view_parse ] --START--
NOTIC: [8] Use of undefined constant uid - assumed 'uid' D:\Software\xampp\htdocs\pigcms\Conf\logs\Cache\User\abcb2dc0cdf6cecdbc543733dfd2e7d4.php 第 51 行.
NOTIC: [8] Undefined variable: alert D:\Software\xampp\htdocs\pigcms\Conf\logs\Cache\User\abcb2dc0cdf6cecdbc543733dfd2e7d4.php 第 304 行.
INFO: Run ParseTemplate Behavior [ RunTime:-1.056061s ]
INFO: [ view_parse ] --END-- [ RunTime:0.027001s ]
INFO: [ view_filter ] --START--
INFO: Run ContentReplace Behavior [ RunTime:-1.083062s ]
INFO: Run TokenBuild Behavior [ RunTime:-1.084062s ]
INFO: Run WriteHtmlCache Behavior [ RunTime:-1.085062s ]
INFO: Run ShowRuntime Behavior [ RunTime:-1.086062s ]
INFO: [ view_filter ] --END-- [ RunTime:0.004000s ]
INFO: [ view_end ] --START--
INFO: Run ShowPageTrace Behavior [ RunTime:-1.087062s ]
INFO: [ view_end ] --END-- [ RunTime:0.002001s ]

[ 2014-12-29T21:24:03+08:00 ] 127.0.0.1 /index.php?g=User&m=Index&a=add
INFO: [ app_begin ] --START--
INFO: Run ReadHtmlCache Behavior [ RunTime:0.001000s ]
INFO: [ app_begin ] --END-- [ RunTime:0.001000s ]
NOTIC: [2048] Declaration of IndexAction::insert() should be compatible with BaseAction::insert($name = '', $back = '/index') D:\Software\xampp\htdocs\fivezhi_public\PigCms\Lib\Action\User\IndexAction.class.php 第 2 行.
SQL: SHOW COLUMNS FROM `tp_user_group` [ RunTime:0.008000s ]
SQL: SELECT * FROM `tp_user_group` WHERE ( `id` = 4 ) LIMIT 1   [ RunTime:0.001000s ]
SQL: SHOW COLUMNS FROM `tp_users` [ RunTime:0.007001s ]
SQL: SELECT * FROM `tp_users` WHERE ( `id` = 1 ) LIMIT 1   [ RunTime:0.001000s ]
SQL: SHOW COLUMNS FROM `tp_wxuser` [ RunTime:0.009000s ]
SQL: SELECT * FROM `tp_wxuser` WHERE ( `token` = null ) AND ( `uid` = 1 ) LIMIT 1   [ RunTime:0.001000s ]
SQL: SHOW COLUMNS FROM `tp_token_open` [ RunTime:0.007001s ]
SQL: SELECT `queryname` FROM `tp_token_open` WHERE ( `token` = null ) LIMIT 1   [ RunTime:0.000000s ]
NOTIC: [8] Undefined index: width D:\Software\xampp\htdocs\fivezhi_public\PigCms\Lib\Action\UserAction.class.php 第 68 行.
INFO: [ view_template ] --START--
INFO: Run LocationTemplate Behavior [ RunTime:-1.066061s ]
INFO: [ view_template ] --END-- [ RunTime:0.002000s ]
INFO: [ view_parse ] --START--
NOTIC: [8] Use of undefined constant uid - assumed 'uid' D:\Software\xampp\htdocs\fivezhi_public\Conf\logs\Cache\User\abcb2dc0cdf6cecdbc543733dfd2e7d4.php 第 51 行.
NOTIC: [8] Undefined variable: alert D:\Software\xampp\htdocs\fivezhi_public\Conf\logs\Cache\User\abcb2dc0cdf6cecdbc543733dfd2e7d4.php 第 304 行.
INFO: Run ParseTemplate Behavior [ RunTime:-1.068061s ]
INFO: [ view_parse ] --END-- [ RunTime:0.037002s ]
INFO: [ view_filter ] --START--
INFO: Run ContentReplace Behavior [ RunTime:-1.105063s ]
INFO: Run TokenBuild Behavior [ RunTime:-1.106063s ]
INFO: Run WriteHtmlCache Behavior [ RunTime:-1.107063s ]
INFO: Run ShowRuntime Behavior [ RunTime:-1.108063s ]
INFO: [ view_filter ] --END-- [ RunTime:0.004000s ]
INFO: [ view_end ] --START--
INFO: Run ShowPageTrace Behavior [ RunTime:-1.109063s ]
INFO: [ view_end ] --END-- [ RunTime:0.001000s ]

[ 2014-12-29T21:24:08+08:00 ] 127.0.0.1 /
INFO: [ app_begin ] --START--
INFO: Run ReadHtmlCache Behavior [ RunTime:0.001000s ]
INFO: [ app_begin ] --END-- [ RunTime:0.001000s ]
SQL: SHOW COLUMNS FROM `tp_links` [ RunTime:0.006000s ]
SQL: SELECT * FROM `tp_links` WHERE ( `status` = 1 )  [ RunTime:0.000000s ]
INFO: [ view_template ] --START--
INFO: Run LocationTemplate Behavior [ RunTime:-1.030059s ]
INFO: [ view_template ] --END-- [ RunTime:0.002000s ]
INFO: [ view_parse ] --START--
NOTIC: [8] Use of undefined constant uid - assumed 'uid' D:\Software\xampp\htdocs\fivezhi_public\Conf\logs\Cache\Home\a423fc1ab037bbf3980b6781df39cf92.php 第 29 行.
INFO: Run ParseTemplate Behavior [ RunTime:-1.032059s ]
INFO: [ view_parse ] --END-- [ RunTime:0.048002s ]
INFO: [ view_filter ] --START--
INFO: Run ContentReplace Behavior [ RunTime:-1.080061s ]
INFO: Run TokenBuild Behavior [ RunTime:-1.081061s ]
INFO: Run WriteHtmlCache Behavior [ RunTime:-1.082062s ]
INFO: Run ShowRuntime Behavior [ RunTime:-1.083062s ]
INFO: [ view_filter ] --END-- [ RunTime:0.004001s ]
INFO: [ view_end ] --START--
INFO: Run ShowPageTrace Behavior [ RunTime:-1.085062s ]
INFO: [ view_end ] --END-- [ RunTime:0.001000s ]

