[ 2015-01-03T16:52:37+08:00 ] 127.0.0.1 /
INFO: [ app_begin ] --START--
INFO: Run ReadHtmlCache Behavior [ RunTime:0.001000s ]
INFO: [ app_begin ] --END-- [ RunTime:0.001000s ]
SQL: SHOW COLUMNS FROM `tp_links` [ RunTime:0.066004s ]
SQL: SELECT * FROM `tp_links` WHERE ( `status` = 1 )  [ RunTime:0.001000s ]
INFO: [ view_template ] --START--
INFO: Run LocationTemplate Behavior [ RunTime:-1.085062s ]
INFO: [ view_template ] --END-- [ RunTime:0.001000s ]
INFO: [ view_parse ] --START--
NOTIC: [8] Use of undefined constant uid - assumed 'uid' D:\Software\xampp\htdocs\fivezhi_public\Conf\logs\Cache\Home\a423fc1ab037bbf3980b6781df39cf92.php 第 31 行.
NOTIC: [8] Undefined index: uid D:\Software\xampp\htdocs\fivezhi_public\Conf\logs\Cache\Home\a423fc1ab037bbf3980b6781df39cf92.php 第 31 行.
INFO: Run ParseTemplate Behavior [ RunTime:-1.086062s ]
INFO: [ view_parse ] --END-- [ RunTime:0.013001s ]
INFO: [ view_filter ] --START--
INFO: Run ContentReplace Behavior [ RunTime:-1.100063s ]
INFO: Run TokenBuild Behavior [ RunTime:-1.100063s ]
INFO: Run WriteHtmlCache Behavior [ RunTime:-1.101063s ]
INFO: Run ShowRuntime Behavior [ RunTime:-1.102063s ]
INFO: [ view_filter ] --END-- [ RunTime:0.003000s ]
INFO: [ view_end ] --START--
INFO: Run ShowPageTrace Behavior [ RunTime:-1.102063s ]
INFO: [ view_end ] --END-- [ RunTime:0.001000s ]

[ 2015-01-03T16:52:44+08:00 ] 127.0.0.1 /index.php?m=Users&a=checklogin
INFO: [ app_begin ] --START--
INFO: Run ReadHtmlCache Behavior [ RunTime:0.002001s ]
INFO: [ app_begin ] --END-- [ RunTime:0.002001s ]
SQL: SHOW COLUMNS FROM `tp_users` [ RunTime:0.023001s ]
SQL: SELECT * FROM `tp_users` WHERE ( `username` = 'admin' ) LIMIT 1   [ RunTime:0.001000s ]
SQL: SHOW COLUMNS FROM `tp_user_group` [ RunTime:0.010001s ]
SQL: SELECT * FROM `tp_user_group` WHERE ( `id` = 4 ) LIMIT 1   [ RunTime:0.022001s ]
SQL: UPDATE `tp_users` SET `diynum`='0',`connectnum`='0',`activitynum`='0' WHERE ( `id` = 1 ) [ RunTime:0.030002s ]
SQL: UPDATE `tp_users` SET `lasttime`='1420275164',`lastloginmonth`='1',`lastip`='127.0.0.1' WHERE ( `id` = 1 ) [ RunTime:0.001000s ]
INFO: [ view_template ] --START--
INFO: Run LocationTemplate Behavior [ RunTime:-1.160066s ]
INFO: [ view_template ] --END-- [ RunTime:0.002000s ]
INFO: [ view_parse ] --START--
INFO: Run ParseTemplate Behavior [ RunTime:-1.162066s ]
INFO: [ view_parse ] --END-- [ RunTime:0.024001s ]
INFO: [ view_filter ] --START--
INFO: Run ContentReplace Behavior [ RunTime:-1.186067s ]
INFO: Run TokenBuild Behavior [ RunTime:-1.187067s ]
INFO: Run WriteHtmlCache Behavior [ RunTime:-1.188068s ]
INFO: Run ShowRuntime Behavior [ RunTime:-1.189068s ]
INFO: [ view_filter ] --END-- [ RunTime:0.004001s ]
INFO: [ view_end ] --START--
INFO: Run ShowPageTrace Behavior [ RunTime:-1.190068s ]
INFO: [ view_end ] --END-- [ RunTime:0.002000s ]

[ 2015-01-03T16:52:46+08:00 ] 127.0.0.1 /index.php?g=User&m=Index&a=index
INFO: [ app_begin ] --START--
INFO: Run ReadHtmlCache Behavior [ RunTime:0.001000s ]
INFO: [ app_begin ] --END-- [ RunTime:0.001000s ]
NOTIC: [2048] Declaration of IndexAction::insert() should be compatible with BaseAction::insert($name = '', $back = '/index') D:\Software\xampp\htdocs\fivezhi_public\PigCms\Lib\Action\User\IndexAction.class.php 第 2 行.
SQL: SHOW COLUMNS FROM `tp_user_group` [ RunTime:0.006000s ]
SQL: SELECT * FROM `tp_user_group` WHERE ( `id` = 4 ) LIMIT 1   [ RunTime:0.001000s ]
SQL: SHOW COLUMNS FROM `tp_users` [ RunTime:0.006001s ]
SQL: SELECT * FROM `tp_users` WHERE ( `id` = 1 ) LIMIT 1   [ RunTime:0.001000s ]
SQL: SHOW COLUMNS FROM `tp_wxuser` [ RunTime:0.032001s ]
SQL: SELECT * FROM `tp_wxuser` WHERE ( `token` = null ) AND ( `uid` = 1 ) LIMIT 1   [ RunTime:0.003001s ]
SQL: SHOW COLUMNS FROM `tp_token_open` [ RunTime:0.050002s ]
SQL: SELECT `queryname` FROM `tp_token_open` WHERE ( `token` = null ) LIMIT 1   [ RunTime:0.001001s ]
NOTIC: [8] Undefined index: width D:\Software\xampp\htdocs\fivezhi_public\PigCms\Lib\Action\UserAction.class.php 第 68 行.
SQL: SHOW COLUMNS FROM `tp_user_group` [ RunTime:0.005000s ]
SQL: SELECT * FROM `tp_user_group`  [ RunTime:0.000000s ]
SQL: SELECT COUNT(*) AS tp_count FROM `tp_wxuser` WHERE ( `uid` = 1 ) LIMIT 1   [ RunTime:0.002000s ]
SQL: SELECT * FROM `tp_wxuser` WHERE ( `uid` = 1 ) LIMIT 0,100   [ RunTime:0.001000s ]
NOTIC: [8] Undefined variable: apiinfo D:\Software\xampp\htdocs\fivezhi_public\PigCms\Lib\Action\User\IndexAction.class.php 第 33 行.
SQL: SHOW COLUMNS FROM `tp_diymen_set` [ RunTime:0.017001s ]
SQL: SELECT * FROM `tp_diymen_set` WHERE ( `token` = 'xlrvqn1417349582' ) LIMIT 1   [ RunTime:0.007001s ]
SQL: SELECT * FROM `tp_diymen_set` WHERE ( `token` = 'opmpqh1418554516' ) LIMIT 1   [ RunTime:0.000000s ]
SQL: SELECT * FROM `tp_diymen_set` WHERE ( `token` = 'qvmvju1418554443' ) LIMIT 1   [ RunTime:0.000000s ]
SQL: SELECT * FROM `tp_diymen_set` WHERE ( `token` = 'rvbdce1418553517' ) LIMIT 1   [ RunTime:0.000000s ]
SQL: SELECT * FROM `tp_diymen_set` WHERE ( `token` = 'pxazql1418553737' ) LIMIT 1   [ RunTime:0.000000s ]
SQL: SELECT * FROM `tp_diymen_set` WHERE ( `token` = 'ywbugv1418553981' ) LIMIT 1   [ RunTime:0.000000s ]
SQL: SELECT * FROM `tp_diymen_set` WHERE ( `token` = 'mzoeut1418554096' ) LIMIT 1   [ RunTime:0.000000s ]
NOTIC: [8] Undefined variable: apiinfo D:\Software\xampp\htdocs\fivezhi_public\PigCms\Lib\Action\User\IndexAction.class.php 第 33 行.
SQL: SELECT * FROM `tp_diymen_set` WHERE ( `token` = 'cfabet1418556896' ) LIMIT 1   [ RunTime:0.001000s ]
NOTIC: [8] Undefined variable: apiinfo D:\Software\xampp\htdocs\fivezhi_public\PigCms\Lib\Action\User\IndexAction.class.php 第 33 行.
SQL: SELECT * FROM `tp_diymen_set` WHERE ( `token` = 'bhpcnu1419857488' ) LIMIT 1   [ RunTime:0.000000s ]
INFO: [ view_template ] --START--
INFO: Run LocationTemplate Behavior [ RunTime:-1.188068s ]
INFO: [ view_template ] --END-- [ RunTime:0.022001s ]
INFO: [ view_parse ] --START--
NOTIC: [8] Use of undefined constant uid - assumed 'uid' D:\Software\xampp\htdocs\fivezhi_public\Conf\logs\Cache\User\56f7804e54d354c9c14b7fc522e75478.php 第 51 行.
NOTIC: [8] Use of undefined constant Common - assumed 'Common' D:\Software\xampp\htdocs\fivezhi_public\Conf\logs\Cache\User\56f7804e54d354c9c14b7fc522e75478.php 第 113 行.
NOTIC: [8] Undefined variable: alert D:\Software\xampp\htdocs\fivezhi_public\Conf\logs\Cache\User\56f7804e54d354c9c14b7fc522e75478.php 第 210 行.
INFO: Run ParseTemplate Behavior [ RunTime:-1.210069s ]
INFO: [ view_parse ] --END-- [ RunTime:0.058004s ]
INFO: [ view_filter ] --START--
INFO: Run ContentReplace Behavior [ RunTime:-1.268073s ]
INFO: Run TokenBuild Behavior [ RunTime:-1.269073s ]
INFO: Run WriteHtmlCache Behavior [ RunTime:-1.269073s ]
INFO: Run ShowRuntime Behavior [ RunTime:-1.270073s ]
INFO: [ view_filter ] --END-- [ RunTime:0.003000s ]
INFO: [ view_end ] --START--
INFO: Run ShowPageTrace Behavior [ RunTime:-1.271073s ]
INFO: [ view_end ] --END-- [ RunTime:0.001000s ]

[ 2015-01-03T16:56:18+08:00 ] 127.0.0.1 /
INFO: [ app_begin ] --START--
INFO: Run ReadHtmlCache Behavior [ RunTime:0.000000s ]
INFO: [ app_begin ] --END-- [ RunTime:0.001000s ]
SQL: SHOW COLUMNS FROM `tp_links` [ RunTime:0.005000s ]
SQL: SELECT * FROM `tp_links` WHERE ( `status` = 1 )  [ RunTime:0.000000s ]
INFO: [ view_template ] --START--
INFO: Run LocationTemplate Behavior [ RunTime:-1.030059s ]
INFO: [ view_template ] --END-- [ RunTime:0.002000s ]
INFO: [ view_parse ] --START--
NOTIC: [8] Use of undefined constant uid - assumed 'uid' D:\Software\xampp\htdocs\fivezhi_public\Conf\logs\Cache\Home\a423fc1ab037bbf3980b6781df39cf92.php 第 31 行.
INFO: Run ParseTemplate Behavior [ RunTime:-1.032059s ]
INFO: [ view_parse ] --END-- [ RunTime:0.017001s ]
INFO: [ view_filter ] --START--
INFO: Run ContentReplace Behavior [ RunTime:-1.049060s ]
INFO: Run TokenBuild Behavior [ RunTime:-1.050060s ]
INFO: Run WriteHtmlCache Behavior [ RunTime:-1.051060s ]
INFO: Run ShowRuntime Behavior [ RunTime:-1.052060s ]
INFO: [ view_filter ] --END-- [ RunTime:0.003000s ]
INFO: [ view_end ] --START--
INFO: Run ShowPageTrace Behavior [ RunTime:-1.052060s ]
INFO: [ view_end ] --END-- [ RunTime:0.002000s ]

[ 2015-01-03T16:57:43+08:00 ] 127.0.0.1 /
INFO: [ app_begin ] --START--
INFO: Run ReadHtmlCache Behavior [ RunTime:0.001000s ]
INFO: [ app_begin ] --END-- [ RunTime:0.001000s ]
SQL: SHOW COLUMNS FROM `tp_links` [ RunTime:0.005000s ]
SQL: SELECT * FROM `tp_links` WHERE ( `status` = 1 )  [ RunTime:0.000000s ]
INFO: [ view_template ] --START--
INFO: Run LocationTemplate Behavior [ RunTime:-1.031059s ]
INFO: [ view_template ] --END-- [ RunTime:0.001000s ]
INFO: [ view_parse ] --START--
NOTIC: [8] Use of undefined constant uid - assumed 'uid' D:\Software\xampp\htdocs\fivezhi_public\Conf\logs\Cache\Home\a423fc1ab037bbf3980b6781df39cf92.php 第 31 行.
INFO: Run ParseTemplate Behavior [ RunTime:-1.032059s ]
INFO: [ view_parse ] --END-- [ RunTime:0.013001s ]
INFO: [ view_filter ] --START--
INFO: Run ContentReplace Behavior [ RunTime:-1.045060s ]
INFO: Run TokenBuild Behavior [ RunTime:-1.046060s ]
INFO: Run WriteHtmlCache Behavior [ RunTime:-1.046060s ]
INFO: Run ShowRuntime Behavior [ RunTime:-1.047060s ]
INFO: [ view_filter ] --END-- [ RunTime:0.002000s ]
INFO: [ view_end ] --START--
INFO: Run ShowPageTrace Behavior [ RunTime:-1.048060s ]
INFO: [ view_end ] --END-- [ RunTime:0.000000s ]

[ 2015-01-03T16:58:40+08:00 ] 127.0.0.1 /index.php?g=User&m=Index&a=index
INFO: [ app_begin ] --START--
INFO: Run ReadHtmlCache Behavior [ RunTime:0.001000s ]
INFO: [ app_begin ] --END-- [ RunTime:0.001000s ]
NOTIC: [2048] Declaration of IndexAction::insert() should be compatible with BaseAction::insert($name = '', $back = '/index') D:\Software\xampp\htdocs\fivezhi_public\PigCms\Lib\Action\User\IndexAction.class.php 第 2 行.
SQL: SHOW COLUMNS FROM `tp_user_group` [ RunTime:0.006000s ]
SQL: SELECT * FROM `tp_user_group` WHERE ( `id` = 4 ) LIMIT 1   [ RunTime:0.001001s ]
SQL: SHOW COLUMNS FROM `tp_users` [ RunTime:0.007000s ]
SQL: SELECT * FROM `tp_users` WHERE ( `id` = 1 ) LIMIT 1   [ RunTime:0.001000s ]
SQL: SHOW COLUMNS FROM `tp_wxuser` [ RunTime:0.008000s ]
SQL: SELECT * FROM `tp_wxuser` WHERE ( `token` = null ) AND ( `uid` = 1 ) LIMIT 1   [ RunTime:0.002001s ]
SQL: SHOW COLUMNS FROM `tp_token_open` [ RunTime:0.005000s ]
SQL: SELECT `queryname` FROM `tp_token_open` WHERE ( `token` = null ) LIMIT 1   [ RunTime:0.001000s ]
NOTIC: [8] Undefined index: width D:\Software\xampp\htdocs\fivezhi_public\PigCms\Lib\Action\UserAction.class.php 第 68 行.
SQL: SHOW COLUMNS FROM `tp_user_group` [ RunTime:0.005000s ]
SQL: SELECT * FROM `tp_user_group`  [ RunTime:0.000000s ]
SQL: SELECT COUNT(*) AS tp_count FROM `tp_wxuser` WHERE ( `uid` = 1 ) LIMIT 1   [ RunTime:0.001000s ]
SQL: SELECT * FROM `tp_wxuser` WHERE ( `uid` = 1 ) LIMIT 0,100   [ RunTime:0.002001s ]
NOTIC: [8] Undefined variable: apiinfo D:\Software\xampp\htdocs\fivezhi_public\PigCms\Lib\Action\User\IndexAction.class.php 第 33 行.
SQL: SHOW COLUMNS FROM `tp_diymen_set` [ RunTime:0.005000s ]
SQL: SELECT * FROM `tp_diymen_set` WHERE ( `token` = 'xlrvqn1417349582' ) LIMIT 1   [ RunTime:0.000000s ]
SQL: SELECT * FROM `tp_diymen_set` WHERE ( `token` = 'opmpqh1418554516' ) LIMIT 1   [ RunTime:0.001000s ]
SQL: SELECT * FROM `tp_diymen_set` WHERE ( `token` = 'qvmvju1418554443' ) LIMIT 1   [ RunTime:0.000000s ]
SQL: SELECT * FROM `tp_diymen_set` WHERE ( `token` = 'rvbdce1418553517' ) LIMIT 1   [ RunTime:0.000000s ]
SQL: SELECT * FROM `tp_diymen_set` WHERE ( `token` = 'pxazql1418553737' ) LIMIT 1   [ RunTime:0.000000s ]
SQL: SELECT * FROM `tp_diymen_set` WHERE ( `token` = 'ywbugv1418553981' ) LIMIT 1   [ RunTime:0.000000s ]
SQL: SELECT * FROM `tp_diymen_set` WHERE ( `token` = 'mzoeut1418554096' ) LIMIT 1   [ RunTime:0.000000s ]
NOTIC: [8] Undefined variable: apiinfo D:\Software\xampp\htdocs\fivezhi_public\PigCms\Lib\Action\User\IndexAction.class.php 第 33 行.
SQL: SELECT * FROM `tp_diymen_set` WHERE ( `token` = 'cfabet1418556896' ) LIMIT 1   [ RunTime:0.000000s ]
NOTIC: [8] Undefined variable: apiinfo D:\Software\xampp\htdocs\fivezhi_public\PigCms\Lib\Action\User\IndexAction.class.php 第 33 行.
SQL: SELECT * FROM `tp_diymen_set` WHERE ( `token` = 'bhpcnu1419857488' ) LIMIT 1   [ RunTime:0.001000s ]
INFO: [ view_template ] --START--
INFO: Run LocationTemplate Behavior [ RunTime:-1.068061s ]
INFO: [ view_template ] --END-- [ RunTime:0.002000s ]
INFO: [ view_parse ] --START--
NOTIC: [8] Use of undefined constant uid - assumed 'uid' D:\Software\xampp\htdocs\fivezhi_public\Conf\logs\Cache\User\56f7804e54d354c9c14b7fc522e75478.php 第 51 行.
NOTIC: [8] Use of undefined constant Common - assumed 'Common' D:\Software\xampp\htdocs\fivezhi_public\Conf\logs\Cache\User\56f7804e54d354c9c14b7fc522e75478.php 第 113 行.
NOTIC: [8] Undefined variable: alert D:\Software\xampp\htdocs\fivezhi_public\Conf\logs\Cache\User\56f7804e54d354c9c14b7fc522e75478.php 第 210 行.
INFO: Run ParseTemplate Behavior [ RunTime:-1.070061s ]
INFO: [ view_parse ] --END-- [ RunTime:0.027002s ]
INFO: [ view_filter ] --START--
INFO: Run ContentReplace Behavior [ RunTime:-1.097063s ]
INFO: Run TokenBuild Behavior [ RunTime:-1.098063s ]
INFO: Run WriteHtmlCache Behavior [ RunTime:-1.099063s ]
INFO: Run ShowRuntime Behavior [ RunTime:-1.100063s ]
INFO: [ view_filter ] --END-- [ RunTime:0.004000s ]
INFO: [ view_end ] --START--
INFO: Run ShowPageTrace Behavior [ RunTime:-1.101063s ]
INFO: [ view_end ] --END-- [ RunTime:0.001000s ]

[ 2015-01-03T16:59:36+08:00 ] 127.0.0.1 /
INFO: [ app_begin ] --START--
INFO: Run ReadHtmlCache Behavior [ RunTime:0.000000s ]
INFO: [ app_begin ] --END-- [ RunTime:0.000000s ]
SQL: SHOW COLUMNS FROM `tp_links` [ RunTime:0.004001s ]
SQL: SELECT * FROM `tp_links` WHERE ( `status` = 1 )  [ RunTime:0.000000s ]
INFO: [ view_template ] --START--
INFO: Run LocationTemplate Behavior [ RunTime:-1.027059s ]
INFO: [ view_template ] --END-- [ RunTime:0.002000s ]
INFO: [ view_parse ] --START--
NOTIC: [8] Use of undefined constant uid - assumed 'uid' D:\Software\xampp\htdocs\fivezhi_public\Conf\logs\Cache\Home\a423fc1ab037bbf3980b6781df39cf92.php 第 31 行.
INFO: Run ParseTemplate Behavior [ RunTime:-1.029059s ]
INFO: [ view_parse ] --END-- [ RunTime:0.019001s ]
INFO: [ view_filter ] --START--
INFO: Run ContentReplace Behavior [ RunTime:-1.048060s ]
INFO: Run TokenBuild Behavior [ RunTime:-1.049060s ]
INFO: Run WriteHtmlCache Behavior [ RunTime:-1.049060s ]
INFO: Run ShowRuntime Behavior [ RunTime:-1.050060s ]
INFO: [ view_filter ] --END-- [ RunTime:0.002000s ]
INFO: [ view_end ] --START--
INFO: Run ShowPageTrace Behavior [ RunTime:-1.050060s ]
INFO: [ view_end ] --END-- [ RunTime:0.001000s ]

[ 2015-01-03T17:02:07+08:00 ] 127.0.0.1 /index.php?g=User&m=Index&a=index
INFO: [ app_begin ] --START--
INFO: Run ReadHtmlCache Behavior [ RunTime:0.001000s ]
INFO: [ app_begin ] --END-- [ RunTime:0.001000s ]
NOTIC: [2048] Declaration of IndexAction::insert() should be compatible with BaseAction::insert($name = '', $back = '/index') D:\Software\xampp\htdocs\fivezhi_public\PigCms\Lib\Action\User\IndexAction.class.php 第 2 行.
SQL: SHOW COLUMNS FROM `tp_user_group` [ RunTime:0.008000s ]
SQL: SELECT * FROM `tp_user_group` WHERE ( `id` = 4 ) LIMIT 1   [ RunTime:0.000000s ]
SQL: SHOW COLUMNS FROM `tp_users` [ RunTime:0.007001s ]
SQL: SELECT * FROM `tp_users` WHERE ( `id` = 1 ) LIMIT 1   [ RunTime:0.000000s ]
SQL: SHOW COLUMNS FROM `tp_wxuser` [ RunTime:0.007000s ]
SQL: SELECT * FROM `tp_wxuser` WHERE ( `token` = null ) AND ( `uid` = 1 ) LIMIT 1   [ RunTime:0.000000s ]
SQL: SHOW COLUMNS FROM `tp_token_open` [ RunTime:0.004000s ]
SQL: SELECT `queryname` FROM `tp_token_open` WHERE ( `token` = null ) LIMIT 1   [ RunTime:0.001000s ]
NOTIC: [8] Undefined index: width D:\Software\xampp\htdocs\fivezhi_public\PigCms\Lib\Action\UserAction.class.php 第 68 行.
SQL: SHOW COLUMNS FROM `tp_user_group` [ RunTime:0.004001s ]
SQL: SELECT * FROM `tp_user_group`  [ RunTime:0.000000s ]
SQL: SELECT COUNT(*) AS tp_count FROM `tp_wxuser` WHERE ( `uid` = 1 ) LIMIT 1   [ RunTime:0.001000s ]
SQL: SELECT * FROM `tp_wxuser` WHERE ( `uid` = 1 ) LIMIT 0,100   [ RunTime:0.000000s ]
NOTIC: [8] Undefined variable: apiinfo D:\Software\xampp\htdocs\fivezhi_public\PigCms\Lib\Action\User\IndexAction.class.php 第 33 行.
SQL: SHOW COLUMNS FROM `tp_diymen_set` [ RunTime:0.003000s ]
SQL: SELECT * FROM `tp_diymen_set` WHERE ( `token` = 'xlrvqn1417349582' ) LIMIT 1   [ RunTime:0.001000s ]
SQL: SELECT * FROM `tp_diymen_set` WHERE ( `token` = 'opmpqh1418554516' ) LIMIT 1   [ RunTime:0.000000s ]
SQL: SELECT * FROM `tp_diymen_set` WHERE ( `token` = 'qvmvju1418554443' ) LIMIT 1   [ RunTime:0.000000s ]
SQL: SELECT * FROM `tp_diymen_set` WHERE ( `token` = 'rvbdce1418553517' ) LIMIT 1   [ RunTime:0.000000s ]
SQL: SELECT * FROM `tp_diymen_set` WHERE ( `token` = 'pxazql1418553737' ) LIMIT 1   [ RunTime:0.000000s ]
SQL: SELECT * FROM `tp_diymen_set` WHERE ( `token` = 'ywbugv1418553981' ) LIMIT 1   [ RunTime:0.000000s ]
SQL: SELECT * FROM `tp_diymen_set` WHERE ( `token` = 'mzoeut1418554096' ) LIMIT 1   [ RunTime:0.000000s ]
NOTIC: [8] Undefined variable: apiinfo D:\Software\xampp\htdocs\fivezhi_public\PigCms\Lib\Action\User\IndexAction.class.php 第 33 行.
SQL: SELECT * FROM `tp_diymen_set` WHERE ( `token` = 'cfabet1418556896' ) LIMIT 1   [ RunTime:0.001000s ]
NOTIC: [8] Undefined variable: apiinfo D:\Software\xampp\htdocs\fivezhi_public\PigCms\Lib\Action\User\IndexAction.class.php 第 33 行.
SQL: SELECT * FROM `tp_diymen_set` WHERE ( `token` = 'bhpcnu1419857488' ) LIMIT 1   [ RunTime:0.000000s ]
INFO: [ view_template ] --START--
INFO: Run LocationTemplate Behavior [ RunTime:-1.079062s ]
INFO: [ view_template ] --END-- [ RunTime:0.001000s ]
INFO: [ view_parse ] --START--
NOTIC: [8] Use of undefined constant uid - assumed 'uid' D:\Software\xampp\htdocs\fivezhi_public\Conf\logs\Cache\User\56f7804e54d354c9c14b7fc522e75478.php 第 51 行.
NOTIC: [8] Use of undefined constant Common - assumed 'Common' D:\Software\xampp\htdocs\fivezhi_public\Conf\logs\Cache\User\56f7804e54d354c9c14b7fc522e75478.php 第 113 行.
NOTIC: [8] Undefined variable: alert D:\Software\xampp\htdocs\fivezhi_public\Conf\logs\Cache\User\56f7804e54d354c9c14b7fc522e75478.php 第 210 行.
INFO: Run ParseTemplate Behavior [ RunTime:-1.080062s ]
INFO: [ view_parse ] --END-- [ RunTime:0.020001s ]
INFO: [ view_filter ] --START--
INFO: Run ContentReplace Behavior [ RunTime:-1.100063s ]
INFO: Run TokenBuild Behavior [ RunTime:-1.101063s ]
INFO: Run WriteHtmlCache Behavior [ RunTime:-1.102064s ]
INFO: Run ShowRuntime Behavior [ RunTime:-1.103064s ]
INFO: [ view_filter ] --END-- [ RunTime:0.003001s ]
INFO: [ view_end ] --START--
INFO: Run ShowPageTrace Behavior [ RunTime:-1.103064s ]
INFO: [ view_end ] --END-- [ RunTime:0.001000s ]

[ 2015-01-03T17:16:02+08:00 ] 127.0.0.1 /index.php?g=Home&m=Index&a=index
INFO: [ app_begin ] --START--
INFO: Run ReadHtmlCache Behavior [ RunTime:0.001000s ]
INFO: [ app_begin ] --END-- [ RunTime:0.001000s ]
SQL: SHOW COLUMNS FROM `tp_links` [ RunTime:0.023002s ]
SQL: SELECT * FROM `tp_links` WHERE ( `status` = 1 )  [ RunTime:0.000000s ]
INFO: [ view_template ] --START--
INFO: Run LocationTemplate Behavior [ RunTime:-1.047060s ]
INFO: [ view_template ] --END-- [ RunTime:0.002000s ]
INFO: [ view_parse ] --START--
NOTIC: [8] Use of undefined constant uid - assumed 'uid' D:\Software\xampp\htdocs\fivezhi_public\Conf\logs\Cache\Home\a423fc1ab037bbf3980b6781df39cf92.php 第 31 行.
NOTIC: [8] Undefined index: uid D:\Software\xampp\htdocs\fivezhi_public\Conf\logs\Cache\Home\a423fc1ab037bbf3980b6781df39cf92.php 第 31 行.
INFO: Run ParseTemplate Behavior [ RunTime:-1.049060s ]
INFO: [ view_parse ] --END-- [ RunTime:0.021001s ]
INFO: [ view_filter ] --START--
INFO: Run ContentReplace Behavior [ RunTime:-1.070061s ]
INFO: Run TokenBuild Behavior [ RunTime:-1.071061s ]
INFO: Run WriteHtmlCache Behavior [ RunTime:-1.071061s ]
INFO: Run ShowRuntime Behavior [ RunTime:-1.072061s ]
INFO: [ view_filter ] --END-- [ RunTime:0.002000s ]
INFO: [ view_end ] --START--
INFO: Run ShowPageTrace Behavior [ RunTime:-1.072061s ]
INFO: [ view_end ] --END-- [ RunTime:0.001000s ]

[ 2015-01-03T17:16:03+08:00 ] 127.0.0.1 /index.php?g=Home&m=Index&a=index
INFO: [ app_begin ] --START--
INFO: Run ReadHtmlCache Behavior [ RunTime:0.000000s ]
INFO: [ app_begin ] --END-- [ RunTime:0.000000s ]
SQL: SHOW COLUMNS FROM `tp_links` [ RunTime:0.006000s ]
SQL: SELECT * FROM `tp_links` WHERE ( `status` = 1 )  [ RunTime:0.000000s ]
INFO: [ view_template ] --START--
INFO: Run LocationTemplate Behavior [ RunTime:-1.475084s ]
INFO: [ view_template ] --END-- [ RunTime:0.002000s ]
INFO: [ view_parse ] --START--
NOTIC: [8] Use of undefined constant uid - assumed 'uid' D:\Software\xampp\htdocs\fivezhi_public\Conf\logs\Cache\Home\a423fc1ab037bbf3980b6781df39cf92.php 第 31 行.
NOTIC: [8] Undefined index: uid D:\Software\xampp\htdocs\fivezhi_public\Conf\logs\Cache\Home\a423fc1ab037bbf3980b6781df39cf92.php 第 31 行.
INFO: Run ParseTemplate Behavior [ RunTime:-1.477084s ]
INFO: [ view_parse ] --END-- [ RunTime:0.023001s ]
INFO: [ view_filter ] --START--
INFO: Run ContentReplace Behavior [ RunTime:-1.500085s ]
INFO: Run TokenBuild Behavior [ RunTime:-1.501086s ]
INFO: Run WriteHtmlCache Behavior [ RunTime:-1.503086s ]
INFO: Run ShowRuntime Behavior [ RunTime:-1.503086s ]
INFO: [ view_filter ] --END-- [ RunTime:0.004001s ]
INFO: [ view_end ] --START--
INFO: Run ShowPageTrace Behavior [ RunTime:-1.504086s ]
INFO: [ view_end ] --END-- [ RunTime:0.001000s ]

[ 2015-01-03T17:16:08+08:00 ] 127.0.0.1 /index.php?g=System&m=Admin&a=index
INFO: [ app_begin ] --START--
INFO: Run ReadHtmlCache Behavior [ RunTime:0.000000s ]
INFO: [ app_begin ] --END-- [ RunTime:0.001000s ]
INFO: [ view_template ] --START--
INFO: Run LocationTemplate Behavior [ RunTime:-0.002000s ]
INFO: [ view_template ] --END-- [ RunTime:0.029002s ]
INFO: [ view_parse ] --START--
NOTIC: [8] Undefined variable: f_siteName D:\Software\xampp\htdocs\fivezhi_public\Conf\logs\Cache\System\0ac5617eb2d3cba46a940e61fff06d9f.php 第 6 行.
INFO: Run ParseTemplate Behavior [ RunTime:-0.031002s ]
INFO: [ view_parse ] --END-- [ RunTime:0.029002s ]
INFO: [ view_filter ] --START--
INFO: Run ContentReplace Behavior [ RunTime:-0.060004s ]
INFO: Run TokenBuild Behavior [ RunTime:-0.061004s ]
INFO: Run WriteHtmlCache Behavior [ RunTime:-0.062004s ]
INFO: Run ShowRuntime Behavior [ RunTime:-0.062004s ]
INFO: [ view_filter ] --END-- [ RunTime:0.003000s ]
INFO: [ view_end ] --START--
INFO: Run ShowPageTrace Behavior [ RunTime:-0.063004s ]
INFO: [ view_end ] --END-- [ RunTime:0.000000s ]

[ 2015-01-03T17:16:08+08:00 ] 127.0.0.1 /index.php?g=System&m=Admin&a=verify
INFO: [ app_begin ] --START--
INFO: Run ReadHtmlCache Behavior [ RunTime:0.000000s ]
INFO: [ app_begin ] --END-- [ RunTime:0.000000s ]

[ 2015-01-03T17:16:16+08:00 ] 127.0.0.1 /index.php?g=System&m=System&a=index
INFO: [ app_begin ] --START--
INFO: Run ReadHtmlCache Behavior [ RunTime:0.001000s ]
INFO: [ app_begin ] --END-- [ RunTime:0.001000s ]
SQL: SHOW COLUMNS FROM `tp_node` [ RunTime:0.051003s ]
SQL: SELECT * FROM `tp_node` WHERE ( `level` = null ) AND ( `pid` = 2 ) AND ( `status` = 1 ) AND ( `display` > 0 ) ORDER BY `sort` asc  [ RunTime:0.000000s ]
SQL: CREATE TABLE IF NOT EXISTS `tp_system_info` (`lastsqlupdate` INT( 10 ) NOT NULL ,`version` VARCHAR( 10 ) NOT NULL) ENGINE = MYISAM CHARACTER SET utf8 [ RunTime:0.032002s ]
NOTIC: [2] mysql_num_rows() expects parameter 1 to be resource, boolean given D:\Software\xampp\htdocs\fivezhi_public\Lib\Driver\Db\DbMysql.class.php 第 110 行.
NOTIC: [2] mysql_free_result() expects parameter 1 to be resource, boolean given D:\Software\xampp\htdocs\fivezhi_public\Lib\Driver\Db\DbMysql.class.php 第 82 行.
SQL: CREATE TABLE IF NOT EXISTS `tp_update_record` (
  `id` int(11) NOT NULL AUTO_INCREMENT,
  `msg` varchar(600) NOT NULL DEFAULT '',
  `type` varchar(20) NOT NULL DEFAULT '',
  `time` int(10) NOT NULL DEFAULT '0',
  PRIMARY KEY (`id`)
) ENGINE=MYISAM DEFAULT CHARSET=utf8 [ RunTime:0.002000s ]
NOTIC: [2] mysql_num_rows() expects parameter 1 to be resource, boolean given D:\Software\xampp\htdocs\fivezhi_public\Lib\Driver\Db\DbMysql.class.php 第 110 行.
NOTIC: [2] mysql_free_result() expects parameter 1 to be resource, boolean given D:\Software\xampp\htdocs\fivezhi_public\Lib\Driver\Db\DbMysql.class.php 第 82 行.
SQL: SHOW COLUMNS FROM `tp_node` [ RunTime:0.003000s ]
SQL: SELECT * FROM `tp_node` WHERE ( `display` = 1 ) AND ( `status` = 1 ) ORDER BY `sort` asc  [ RunTime:0.009001s ]
INFO: [ view_template ] --START--
INFO: Run LocationTemplate Behavior [ RunTime:-1.131065s ]
INFO: [ view_template ] --END-- [ RunTime:0.013000s ]
INFO: [ view_parse ] --START--
INFO: Run ParseTemplate Behavior [ RunTime:-1.144065s ]
INFO: [ view_parse ] --END-- [ RunTime:0.024002s ]
INFO: [ view_filter ] --START--
INFO: Run ContentReplace Behavior [ RunTime:-1.168067s ]
INFO: Run TokenBuild Behavior [ RunTime:-1.169067s ]
INFO: Run WriteHtmlCache Behavior [ RunTime:-1.170067s ]
INFO: Run ShowRuntime Behavior [ RunTime:-1.170067s ]
INFO: [ view_filter ] --END-- [ RunTime:0.003000s ]
INFO: [ view_end ] --START--
INFO: Run ShowPageTrace Behavior [ RunTime:-1.171067s ]
INFO: [ view_end ] --END-- [ RunTime:0.000000s ]

[ 2015-01-03T17:16:17+08:00 ] 127.0.0.1 /index.php?g=System&m=System&a=menu
INFO: [ app_begin ] --START--
INFO: Run ReadHtmlCache Behavior [ RunTime:0.001000s ]
INFO: [ app_begin ] --END-- [ RunTime:0.001000s ]
SQL: SHOW COLUMNS FROM `tp_node` [ RunTime:0.007001s ]
SQL: SELECT * FROM `tp_node` WHERE ( `level` = null ) AND ( `pid` = 2 ) AND ( `status` = 1 ) AND ( `display` > 0 ) ORDER BY `sort` asc  [ RunTime:0.000000s ]
SQL: CREATE TABLE IF NOT EXISTS `tp_system_info` (`lastsqlupdate` INT( 10 ) NOT NULL ,`version` VARCHAR( 10 ) NOT NULL) ENGINE = MYISAM CHARACTER SET utf8 [ RunTime:0.000000s ]
NOTIC: [2] mysql_num_rows() expects parameter 1 to be resource, boolean given D:\Software\xampp\htdocs\fivezhi_public\Lib\Driver\Db\DbMysql.class.php 第 110 行.
NOTIC: [2] mysql_free_result() expects parameter 1 to be resource, boolean given D:\Software\xampp\htdocs\fivezhi_public\Lib\Driver\Db\DbMysql.class.php 第 82 行.
SQL: CREATE TABLE IF NOT EXISTS `tp_update_record` (
  `id` int(11) NOT NULL AUTO_INCREMENT,
  `msg` varchar(600) NOT NULL DEFAULT '',
  `type` varchar(20) NOT NULL DEFAULT '',
  `time` int(10) NOT NULL DEFAULT '0',
  PRIMARY KEY (`id`)
) ENGINE=MYISAM DEFAULT CHARSET=utf8 [ RunTime:0.000000s ]
NOTIC: [2] mysql_num_rows() expects parameter 1 to be resource, boolean given D:\Software\xampp\htdocs\fivezhi_public\Lib\Driver\Db\DbMysql.class.php 第 110 行.
NOTIC: [2] mysql_free_result() expects parameter 1 to be resource, boolean given D:\Software\xampp\htdocs\fivezhi_public\Lib\Driver\Db\DbMysql.class.php 第 82 行.
SQL: SHOW COLUMNS FROM `tp_node` [ RunTime:0.007000s ]
SQL: SELECT * FROM `tp_node` WHERE ( `display` = 2 ) AND ( `status` = 1 ) AND ( `pid` = 2 ) AND ( `level` = 2 ) ORDER BY `sort` asc  [ RunTime:0.012001s ]
INFO: [ view_template ] --START--
INFO: Run LocationTemplate Behavior [ RunTime:-1.050060s ]
INFO: [ view_template ] --END-- [ RunTime:0.002000s ]
INFO: [ view_parse ] --START--
INFO: Run ParseTemplate Behavior [ RunTime:-1.052060s ]
INFO: [ view_parse ] --END-- [ RunTime:0.014001s ]
INFO: [ view_filter ] --START--
INFO: Run ContentReplace Behavior [ RunTime:-1.066061s ]
INFO: Run TokenBuild Behavior [ RunTime:-1.067061s ]
INFO: Run WriteHtmlCache Behavior [ RunTime:-1.067061s ]
INFO: Run ShowRuntime Behavior [ RunTime:-1.068061s ]
INFO: [ view_filter ] --END-- [ RunTime:0.003000s ]
INFO: [ view_end ] --START--
INFO: Run ShowPageTrace Behavior [ RunTime:-1.069061s ]
INFO: [ view_end ] --END-- [ RunTime:0.001000s ]

[ 2015-01-03T17:16:18+08:00 ] 127.0.0.1 /index.php?g=System&m=System&a=main
INFO: [ app_begin ] --START--
INFO: Run ReadHtmlCache Behavior [ RunTime:0.001000s ]
INFO: [ app_begin ] --END-- [ RunTime:0.001000s ]
SQL: SHOW COLUMNS FROM `tp_node` [ RunTime:0.003001s ]
SQL: SELECT * FROM `tp_node` WHERE ( `level` = null ) AND ( `pid` = 2 ) AND ( `status` = 1 ) AND ( `display` > 0 ) ORDER BY `sort` asc  [ RunTime:0.000000s ]
SQL: CREATE TABLE IF NOT EXISTS `tp_system_info` (`lastsqlupdate` INT( 10 ) NOT NULL ,`version` VARCHAR( 10 ) NOT NULL) ENGINE = MYISAM CHARACTER SET utf8 [ RunTime:0.000000s ]
NOTIC: [2] mysql_num_rows() expects parameter 1 to be resource, boolean given D:\Software\xampp\htdocs\fivezhi_public\Lib\Driver\Db\DbMysql.class.php 第 110 行.
NOTIC: [2] mysql_free_result() expects parameter 1 to be resource, boolean given D:\Software\xampp\htdocs\fivezhi_public\Lib\Driver\Db\DbMysql.class.php 第 82 行.
SQL: CREATE TABLE IF NOT EXISTS `tp_update_record` (
  `id` int(11) NOT NULL AUTO_INCREMENT,
  `msg` varchar(600) NOT NULL DEFAULT '',
  `type` varchar(20) NOT NULL DEFAULT '',
  `time` int(10) NOT NULL DEFAULT '0',
  PRIMARY KEY (`id`)
) ENGINE=MYISAM DEFAULT CHARSET=utf8 [ RunTime:0.000000s ]
NOTIC: [2] mysql_num_rows() expects parameter 1 to be resource, boolean given D:\Software\xampp\htdocs\fivezhi_public\Lib\Driver\Db\DbMysql.class.php 第 110 行.
NOTIC: [2] mysql_free_result() expects parameter 1 to be resource, boolean given D:\Software\xampp\htdocs\fivezhi_public\Lib\Driver\Db\DbMysql.class.php 第 82 行.
SQL: SHOW COLUMNS FROM `tp_system_info` [ RunTime:0.003000s ]
SQL: SELECT * FROM `tp_system_info` ORDER BY lastsqlupdate DESC LIMIT 1   [ RunTime:0.000000s ]
INFO: [ view_template ] --START--
INFO: Run LocationTemplate Behavior [ RunTime:-2.111121s ]
INFO: [ view_template ] --END-- [ RunTime:0.002000s ]
INFO: [ view_parse ] --START--
NOTIC: [8] Use of undefined constant SERVER_SOFTWARE - assumed 'SERVER_SOFTWARE' D:\Software\xampp\htdocs\fivezhi_public\Conf\logs\Cache\System\70671f3fb4cc556d45e03bff5207b695.php 第 16 行.
NOTIC: [8] Use of undefined constant version - assumed 'version' D:\Software\xampp\htdocs\fivezhi_public\Conf\logs\Cache\System\70671f3fb4cc556d45e03bff5207b695.php 第 20 行.
NOTIC: [8] Array to string conversion D:\Software\xampp\htdocs\fivezhi_public\Conf\logs\Cache\System\70671f3fb4cc556d45e03bff5207b695.php 第 20 行.
INFO: Run ParseTemplate Behavior [ RunTime:-2.113121s ]
INFO: [ view_parse ] --END-- [ RunTime:0.010000s ]
INFO: [ view_filter ] --START--
INFO: Run ContentReplace Behavior [ RunTime:-2.123121s ]
INFO: Run TokenBuild Behavior [ RunTime:-2.124122s ]
INFO: Run WriteHtmlCache Behavior [ RunTime:-2.125122s ]
INFO: Run ShowRuntime Behavior [ RunTime:-2.125122s ]
INFO: [ view_filter ] --END-- [ RunTime:0.003001s ]
INFO: [ view_end ] --START--
INFO: Run ShowPageTrace Behavior [ RunTime:-2.126122s ]
INFO: [ view_end ] --END-- [ RunTime:0.001000s ]

[ 2015-01-03T17:16:23+08:00 ] 127.0.0.1 /index.php?g=System&m=System&a=menu&pid=2&level=2&title=%E7%AB%99%E7%82%B9%E7%AE%A1%E7%90%86
INFO: [ app_begin ] --START--
INFO: Run ReadHtmlCache Behavior [ RunTime:0.001000s ]
INFO: [ app_begin ] --END-- [ RunTime:0.001000s ]
SQL: SHOW COLUMNS FROM `tp_node` [ RunTime:0.006000s ]
SQL: SELECT * FROM `tp_node` WHERE ( `level` = 2 ) AND ( `pid` = 2 ) AND ( `status` = 1 ) AND ( `display` > 0 ) ORDER BY `sort` asc  [ RunTime:0.001000s ]
SQL: CREATE TABLE IF NOT EXISTS `tp_system_info` (`lastsqlupdate` INT( 10 ) NOT NULL ,`version` VARCHAR( 10 ) NOT NULL) ENGINE = MYISAM CHARACTER SET utf8 [ RunTime:0.000000s ]
NOTIC: [2] mysql_num_rows() expects parameter 1 to be resource, boolean given D:\Software\xampp\htdocs\fivezhi_public\Lib\Driver\Db\DbMysql.class.php 第 110 行.
NOTIC: [2] mysql_free_result() expects parameter 1 to be resource, boolean given D:\Software\xampp\htdocs\fivezhi_public\Lib\Driver\Db\DbMysql.class.php 第 82 行.
SQL: CREATE TABLE IF NOT EXISTS `tp_update_record` (
  `id` int(11) NOT NULL AUTO_INCREMENT,
  `msg` varchar(600) NOT NULL DEFAULT '',
  `type` varchar(20) NOT NULL DEFAULT '',
  `time` int(10) NOT NULL DEFAULT '0',
  PRIMARY KEY (`id`)
) ENGINE=MYISAM DEFAULT CHARSET=utf8 [ RunTime:0.001001s ]
NOTIC: [2] mysql_num_rows() expects parameter 1 to be resource, boolean given D:\Software\xampp\htdocs\fivezhi_public\Lib\Driver\Db\DbMysql.class.php 第 110 行.
INFO: [ view_template ] --START--
INFO: Run LocationTemplate Behavior [ RunTime:-1.025059s ]
INFO: [ view_template ] --END-- [ RunTime:0.001000s ]
INFO: [ view_parse ] --START--
INFO: Run ParseTemplate Behavior [ RunTime:-1.026059s ]
INFO: [ view_parse ] --END-- [ RunTime:0.017001s ]
INFO: [ view_filter ] --START--
INFO: Run ContentReplace Behavior [ RunTime:-1.043060s ]
INFO: Run TokenBuild Behavior [ RunTime:-1.044060s ]
INFO: Run WriteHtmlCache Behavior [ RunTime:-1.046060s ]
INFO: Run ShowRuntime Behavior [ RunTime:-1.047060s ]
INFO: [ view_filter ] --END-- [ RunTime:0.006000s ]
INFO: [ view_end ] --START--
INFO: Run ShowPageTrace Behavior [ RunTime:-1.049060s ]
INFO: [ view_end ] --END-- [ RunTime:0.002000s ]

[ 2015-01-03T17:21:31+08:00 ] 127.0.0.1 /index.php?g=System&m=Site&a=index&pid=6&level=3
INFO: [ app_begin ] --START--
INFO: Run ReadHtmlCache Behavior [ RunTime:0.001001s ]
INFO: [ app_begin ] --END-- [ RunTime:0.001001s ]
NOTIC: [2048] Declaration of SiteAction::insert() should be compatible with BaseAction::insert($name = '', $back = '/index') D:\Software\xampp\htdocs\fivezhi_public\PigCms\Lib\Action\System\SiteAction.class.php 第 2 行.
SQL: SHOW COLUMNS FROM `tp_node` [ RunTime:0.006001s ]
SQL: SELECT * FROM `tp_node` WHERE ( `level` = 3 ) AND ( `pid` = 6 ) AND ( `status` = 1 ) AND ( `display` > 0 ) ORDER BY `sort` asc  [ RunTime:0.001000s ]
SQL: SHOW COLUMNS FROM `tp_user_group` [ RunTime:0.007000s ]
SQL: SELECT * FROM `tp_user_group` ORDER BY id ASC  [ RunTime:0.000000s ]
INFO: [ view_template ] --START--
INFO: Run LocationTemplate Behavior [ RunTime:-1.046059s ]
INFO: [ view_template ] --END-- [ RunTime:0.033002s ]
INFO: [ view_parse ] --START--
NOTIC: [8] Undefined variable: token D:\Software\xampp\htdocs\fivezhi_public\Conf\logs\Cache\System\290787b61e1d188e50b8f6a79194f6f3.php 第 41 行.
NOTIC: [8] Use of undefined constant checked - assumed 'checked' D:\Software\xampp\htdocs\fivezhi_public\Conf\logs\Cache\System\290787b61e1d188e50b8f6a79194f6f3.php 第 65 行.
NOTIC: [8] Use of undefined constant checked - assumed 'checked' D:\Software\xampp\htdocs\fivezhi_public\Conf\logs\Cache\System\290787b61e1d188e50b8f6a79194f6f3.php 第 69 行.
INFO: Run ParseTemplate Behavior [ RunTime:-1.078061s ]
INFO: [ view_parse ] --END-- [ RunTime:0.022001s ]
INFO: [ view_filter ] --START--
INFO: Run ContentReplace Behavior [ RunTime:-1.100062s ]
INFO: Run TokenBuild Behavior [ RunTime:-1.101062s ]
INFO: Run WriteHtmlCache Behavior [ RunTime:-1.102063s ]
INFO: Run ShowRuntime Behavior [ RunTime:-1.103063s ]
INFO: [ view_filter ] --END-- [ RunTime:0.004001s ]
INFO: [ view_end ] --START--
INFO: Run ShowPageTrace Behavior [ RunTime:-1.104063s ]
INFO: [ view_end ] --END-- [ RunTime:0.000000s ]

[ 2015-01-03T17:21:36+08:00 ] 127.0.0.1 /index.php?g=System&m=Site&a=alipay&pid=6&level=3
INFO: [ app_begin ] --START--
INFO: Run ReadHtmlCache Behavior [ RunTime:0.001000s ]
INFO: [ app_begin ] --END-- [ RunTime:0.001000s ]
NOTIC: [2048] Declaration of SiteAction::insert() should be compatible with BaseAction::insert($name = '', $back = '/index') D:\Software\xampp\htdocs\fivezhi_public\PigCms\Lib\Action\System\SiteAction.class.php 第 2 行.
SQL: SHOW COLUMNS FROM `tp_node` [ RunTime:0.006001s ]
SQL: SELECT * FROM `tp_node` WHERE ( `level` = 3 ) AND ( `pid` = 6 ) AND ( `status` = 1 ) AND ( `display` > 0 ) ORDER BY `sort` asc  [ RunTime:0.001000s ]
INFO: [ view_template ] --START--
INFO: Run LocationTemplate Behavior [ RunTime:-1.020058s ]
INFO: [ view_template ] --END-- [ RunTime:0.002000s ]
INFO: [ view_parse ] --START--
INFO: Run ParseTemplate Behavior [ RunTime:-1.022058s ]
INFO: [ view_parse ] --END-- [ RunTime:0.016001s ]
INFO: [ view_filter ] --START--
INFO: Run ContentReplace Behavior [ RunTime:-1.038059s ]
INFO: Run TokenBuild Behavior [ RunTime:-1.039059s ]
INFO: Run WriteHtmlCache Behavior [ RunTime:-1.040059s ]
INFO: Run ShowRuntime Behavior [ RunTime:-1.041059s ]
INFO: [ view_filter ] --END-- [ RunTime:0.004000s ]
INFO: [ view_end ] --START--
INFO: Run ShowPageTrace Behavior [ RunTime:-1.042059s ]
INFO: [ view_end ] --END-- [ RunTime:0.002000s ]

[ 2015-01-03T17:36:57+08:00 ] 127.0.0.1 /index.php?g=Home&m=Index&a=login
INFO: [ app_begin ] --START--
INFO: Run ReadHtmlCache Behavior [ RunTime:0.001000s ]
INFO: [ app_begin ] --END-- [ RunTime:0.001000s ]
INFO: [ view_template ] --START--
INFO: Run LocationTemplate Behavior [ RunTime:-0.005000s ]
INFO: [ view_template ] --END-- [ RunTime:0.001000s ]
INFO: [ view_parse ] --START--
NOTIC: [8] Use of undefined constant uid - assumed 'uid' D:\Software\xampp\htdocs\fivezhi_public\Conf\logs\Cache\Home\911a6ad059e4a4554e61d97297ac8f95.php 第 31 行.
NOTIC: [8] Undefined index: uid D:\Software\xampp\htdocs\fivezhi_public\Conf\logs\Cache\Home\911a6ad059e4a4554e61d97297ac8f95.php 第 31 行.
INFO: Run ParseTemplate Behavior [ RunTime:-0.006000s ]
INFO: [ view_parse ] --END-- [ RunTime:0.042002s ]
INFO: [ view_filter ] --START--
INFO: Run ContentReplace Behavior [ RunTime:-0.048002s ]
INFO: Run TokenBuild Behavior [ RunTime:-0.048002s ]
INFO: Run WriteHtmlCache Behavior [ RunTime:-0.049002s ]
INFO: Run ShowRuntime Behavior [ RunTime:-0.050002s ]
INFO: [ view_filter ] --END-- [ RunTime:0.003001s ]
INFO: [ view_end ] --START--
INFO: Run ShowPageTrace Behavior [ RunTime:-0.051003s ]
INFO: [ view_end ] --END-- [ RunTime:0.001000s ]

[ 2015-01-03T17:36:58+08:00 ] 127.0.0.1 /index.php?g=Home&m=Index&a=login
INFO: [ app_begin ] --START--
INFO: Run ReadHtmlCache Behavior [ RunTime:0.000000s ]
INFO: [ app_begin ] --END-- [ RunTime:0.001000s ]
INFO: [ view_template ] --START--
INFO: Run LocationTemplate Behavior [ RunTime:-0.004000s ]
INFO: [ view_template ] --END-- [ RunTime:0.000000s ]
INFO: [ view_parse ] --START--
NOTIC: [8] Use of undefined constant uid - assumed 'uid' D:\Software\xampp\htdocs\fivezhi_public\Conf\logs\Cache\Home\911a6ad059e4a4554e61d97297ac8f95.php 第 31 行.
NOTIC: [8] Undefined index: uid D:\Software\xampp\htdocs\fivezhi_public\Conf\logs\Cache\Home\911a6ad059e4a4554e61d97297ac8f95.php 第 31 行.
INFO: Run ParseTemplate Behavior [ RunTime:-0.005000s ]
INFO: [ view_parse ] --END-- [ RunTime:0.012001s ]
INFO: [ view_filter ] --START--
INFO: Run ContentReplace Behavior [ RunTime:-0.017001s ]
INFO: Run TokenBuild Behavior [ RunTime:-0.017001s ]
INFO: Run WriteHtmlCache Behavior [ RunTime:-0.018001s ]
INFO: Run ShowRuntime Behavior [ RunTime:-0.018001s ]
INFO: [ view_filter ] --END-- [ RunTime:0.002000s ]
INFO: [ view_end ] --START--
INFO: Run ShowPageTrace Behavior [ RunTime:-0.019001s ]
INFO: [ view_end ] --END-- [ RunTime:0.001000s ]

[ 2015-01-03T17:37:02+08:00 ] 127.0.0.1 /index.php?g=Home&m=Index&a=login
INFO: [ app_begin ] --START--
INFO: Run ReadHtmlCache Behavior [ RunTime:0.000000s ]
INFO: [ app_begin ] --END-- [ RunTime:0.000000s ]
INFO: [ view_template ] --START--
INFO: Run LocationTemplate Behavior [ RunTime:-0.003000s ]
INFO: [ view_template ] --END-- [ RunTime:0.000000s ]
INFO: [ view_parse ] --START--
NOTIC: [8] Use of undefined constant uid - assumed 'uid' D:\Software\xampp\htdocs\fivezhi_public\Conf\logs\Cache\Home\911a6ad059e4a4554e61d97297ac8f95.php 第 31 行.
NOTIC: [8] Undefined index: uid D:\Software\xampp\htdocs\fivezhi_public\Conf\logs\Cache\Home\911a6ad059e4a4554e61d97297ac8f95.php 第 31 行.
INFO: Run ParseTemplate Behavior [ RunTime:-0.003000s ]
INFO: [ view_parse ] --END-- [ RunTime:0.012001s ]
INFO: [ view_filter ] --START--
INFO: Run ContentReplace Behavior [ RunTime:-0.015001s ]
INFO: Run TokenBuild Behavior [ RunTime:-0.015001s ]
INFO: Run WriteHtmlCache Behavior [ RunTime:-0.016001s ]
INFO: Run ShowRuntime Behavior [ RunTime:-0.017001s ]
INFO: [ view_filter ] --END-- [ RunTime:0.002000s ]
INFO: [ view_end ] --START--
INFO: Run ShowPageTrace Behavior [ RunTime:-0.017001s ]
INFO: [ view_end ] --END-- [ RunTime:0.001000s ]

[ 2015-01-03T17:37:08+08:00 ] 127.0.0.1 /index.php?m=Users&a=checklogin
INFO: [ app_begin ] --START--
INFO: Run ReadHtmlCache Behavior [ RunTime:0.000000s ]
INFO: [ app_begin ] --END-- [ RunTime:0.000000s ]
SQL: SHOW COLUMNS FROM `tp_users` [ RunTime:0.008000s ]
SQL: SELECT * FROM `tp_users` WHERE ( `username` = 'admin' ) LIMIT 1   [ RunTime:0.001000s ]
SQL: SHOW COLUMNS FROM `tp_user_group` [ RunTime:0.006000s ]
SQL: SELECT * FROM `tp_user_group` WHERE ( `id` = 4 ) LIMIT 1   [ RunTime:0.001000s ]
SQL: UPDATE `tp_users` SET `lasttime`='1420277828',`lastloginmonth`='1',`lastip`='127.0.0.1' WHERE ( `id` = 1 ) [ RunTime:0.001000s ]
INFO: [ view_template ] --START--
INFO: Run LocationTemplate Behavior [ RunTime:-1.049060s ]
INFO: [ view_template ] --END-- [ RunTime:0.001000s ]
INFO: [ view_parse ] --START--
INFO: Run ParseTemplate Behavior [ RunTime:-1.050060s ]
INFO: [ view_parse ] --END-- [ RunTime:0.007000s ]
INFO: [ view_filter ] --START--
INFO: Run ContentReplace Behavior [ RunTime:-1.057060s ]
INFO: Run TokenBuild Behavior [ RunTime:-1.058061s ]
INFO: Run WriteHtmlCache Behavior [ RunTime:-1.058061s ]
INFO: Run ShowRuntime Behavior [ RunTime:-1.059061s ]
INFO: [ view_filter ] --END-- [ RunTime:0.002001s ]
INFO: [ view_end ] --START--
INFO: Run ShowPageTrace Behavior [ RunTime:-1.059061s ]
INFO: [ view_end ] --END-- [ RunTime:0.001000s ]

[ 2015-01-03T17:37:10+08:00 ] 127.0.0.1 /index.php?g=User&m=Index&a=index
INFO: [ app_begin ] --START--
INFO: Run ReadHtmlCache Behavior [ RunTime:0.001000s ]
INFO: [ app_begin ] --END-- [ RunTime:0.001000s ]
NOTIC: [2048] Declaration of IndexAction::insert() should be compatible with BaseAction::insert($name = '', $back = '/index') D:\Software\xampp\htdocs\fivezhi_public\PigCms\Lib\Action\User\IndexAction.class.php 第 2 行.
SQL: SHOW COLUMNS FROM `tp_user_group` [ RunTime:0.006001s ]
SQL: SELECT * FROM `tp_user_group` WHERE ( `id` = 4 ) LIMIT 1   [ RunTime:0.000000s ]
SQL: SHOW COLUMNS FROM `tp_users` [ RunTime:0.009000s ]
SQL: SELECT * FROM `tp_users` WHERE ( `id` = 1 ) LIMIT 1   [ RunTime:0.000000s ]
SQL: SHOW COLUMNS FROM `tp_wxuser` [ RunTime:0.007001s ]
SQL: SELECT * FROM `tp_wxuser` WHERE ( `token` = null ) AND ( `uid` = 1 ) LIMIT 1   [ RunTime:0.001000s ]
SQL: SHOW COLUMNS FROM `tp_token_open` [ RunTime:0.004000s ]
SQL: SELECT `queryname` FROM `tp_token_open` WHERE ( `token` = null ) LIMIT 1   [ RunTime:0.000000s ]
NOTIC: [8] Undefined index: width D:\Software\xampp\htdocs\fivezhi_public\PigCms\Lib\Action\UserAction.class.php 第 68 行.
SQL: SHOW COLUMNS FROM `tp_user_group` [ RunTime:0.005000s ]
SQL: SELECT * FROM `tp_user_group`  [ RunTime:0.000000s ]
SQL: SELECT COUNT(*) AS tp_count FROM `tp_wxuser` WHERE ( `uid` = 1 ) LIMIT 1   [ RunTime:0.001000s ]
SQL: SELECT * FROM `tp_wxuser` WHERE ( `uid` = 1 ) LIMIT 0,100   [ RunTime:0.001000s ]
NOTIC: [8] Undefined variable: apiinfo D:\Software\xampp\htdocs\fivezhi_public\PigCms\Lib\Action\User\IndexAction.class.php 第 33 行.
SQL: SHOW COLUMNS FROM `tp_diymen_set` [ RunTime:0.005000s ]
SQL: SELECT * FROM `tp_diymen_set` WHERE ( `token` = 'xlrvqn1417349582' ) LIMIT 1   [ RunTime:0.000000s ]
SQL: SELECT * FROM `tp_diymen_set` WHERE ( `token` = 'opmpqh1418554516' ) LIMIT 1   [ RunTime:0.001000s ]
SQL: SELECT * FROM `tp_diymen_set` WHERE ( `token` = 'qvmvju1418554443' ) LIMIT 1   [ RunTime:0.000000s ]
SQL: SELECT * FROM `tp_diymen_set` WHERE ( `token` = 'rvbdce1418553517' ) LIMIT 1   [ RunTime:0.000000s ]
SQL: SELECT * FROM `tp_diymen_set` WHERE ( `token` = 'pxazql1418553737' ) LIMIT 1   [ RunTime:0.001000s ]
SQL: SELECT * FROM `tp_diymen_set` WHERE ( `token` = 'ywbugv1418553981' ) LIMIT 1   [ RunTime:0.000000s ]
SQL: SELECT * FROM `tp_diymen_set` WHERE ( `token` = 'mzoeut1418554096' ) LIMIT 1   [ RunTime:0.000000s ]
NOTIC: [8] Undefined variable: apiinfo D:\Software\xampp\htdocs\fivezhi_public\PigCms\Lib\Action\User\IndexAction.class.php 第 33 行.
SQL: SELECT * FROM `tp_diymen_set` WHERE ( `token` = 'cfabet1418556896' ) LIMIT 1   [ RunTime:0.000000s ]
NOTIC: [8] Undefined variable: apiinfo D:\Software\xampp\htdocs\fivezhi_public\PigCms\Lib\Action\User\IndexAction.class.php 第 33 行.
SQL: SELECT * FROM `tp_diymen_set` WHERE ( `token` = 'bhpcnu1419857488' ) LIMIT 1   [ RunTime:0.000000s ]
INFO: [ view_template ] --START--
INFO: Run LocationTemplate Behavior [ RunTime:-1.070061s ]
INFO: [ view_template ] --END-- [ RunTime:0.002000s ]
INFO: [ view_parse ] --START--
NOTIC: [8] Use of undefined constant uid - assumed 'uid' D:\Software\xampp\htdocs\fivezhi_public\Conf\logs\Cache\User\56f7804e54d354c9c14b7fc522e75478.php 第 51 行.
NOTIC: [8] Use of undefined constant Common - assumed 'Common' D:\Software\xampp\htdocs\fivezhi_public\Conf\logs\Cache\User\56f7804e54d354c9c14b7fc522e75478.php 第 113 行.
NOTIC: [8] Undefined variable: alert D:\Software\xampp\htdocs\fivezhi_public\Conf\logs\Cache\User\56f7804e54d354c9c14b7fc522e75478.php 第 210 行.
INFO: Run ParseTemplate Behavior [ RunTime:-1.072061s ]
INFO: [ view_parse ] --END-- [ RunTime:0.020001s ]
INFO: [ view_filter ] --START--
INFO: Run ContentReplace Behavior [ RunTime:-1.092062s ]
INFO: Run TokenBuild Behavior [ RunTime:-1.093062s ]
INFO: Run WriteHtmlCache Behavior [ RunTime:-1.093062s ]
INFO: Run ShowRuntime Behavior [ RunTime:-1.094062s ]
INFO: [ view_filter ] --END-- [ RunTime:0.003000s ]
INFO: [ view_end ] --START--
INFO: Run ShowPageTrace Behavior [ RunTime:-1.095062s ]
INFO: [ view_end ] --END-- [ RunTime:0.001001s ]

[ 2015-01-03T17:37:14+08:00 ] 127.0.0.1 /index.php?g=User&m=Index&a=add
INFO: [ app_begin ] --START--
INFO: Run ReadHtmlCache Behavior [ RunTime:0.001000s ]
INFO: [ app_begin ] --END-- [ RunTime:0.001000s ]
NOTIC: [2048] Declaration of IndexAction::insert() should be compatible with BaseAction::insert($name = '', $back = '/index') D:\Software\xampp\htdocs\fivezhi_public\PigCms\Lib\Action\User\IndexAction.class.php 第 2 行.
SQL: SHOW COLUMNS FROM `tp_user_group` [ RunTime:0.007000s ]
SQL: SELECT * FROM `tp_user_group` WHERE ( `id` = 4 ) LIMIT 1   [ RunTime:0.001000s ]
SQL: SHOW COLUMNS FROM `tp_users` [ RunTime:0.008001s ]
SQL: SELECT * FROM `tp_users` WHERE ( `id` = 1 ) LIMIT 1   [ RunTime:0.001000s ]
SQL: SHOW COLUMNS FROM `tp_wxuser` [ RunTime:0.011001s ]
SQL: SELECT * FROM `tp_wxuser` WHERE ( `token` = null ) AND ( `uid` = 1 ) LIMIT 1   [ RunTime:0.002000s ]
SQL: SHOW COLUMNS FROM `tp_token_open` [ RunTime:0.006000s ]
SQL: SELECT `queryname` FROM `tp_token_open` WHERE ( `token` = null ) LIMIT 1   [ RunTime:0.001000s ]
NOTIC: [8] Undefined index: width D:\Software\xampp\htdocs\fivezhi_public\PigCms\Lib\Action\UserAction.class.php 第 68 行.
INFO: [ view_template ] --START--
INFO: Run LocationTemplate Behavior [ RunTime:-1.051060s ]
INFO: [ view_template ] --END-- [ RunTime:0.002000s ]
INFO: [ view_parse ] --START--
NOTIC: [8] Use of undefined constant uid - assumed 'uid' D:\Software\xampp\htdocs\fivezhi_public\Conf\logs\Cache\User\abcb2dc0cdf6cecdbc543733dfd2e7d4.php 第 51 行.
NOTIC: [8] Undefined variable: alert D:\Software\xampp\htdocs\fivezhi_public\Conf\logs\Cache\User\abcb2dc0cdf6cecdbc543733dfd2e7d4.php 第 303 行.
INFO: Run ParseTemplate Behavior [ RunTime:-1.053060s ]
INFO: [ view_parse ] --END-- [ RunTime:0.042003s ]
INFO: [ view_filter ] --START--
INFO: Run ContentReplace Behavior [ RunTime:-1.095063s ]
INFO: Run TokenBuild Behavior [ RunTime:-1.096063s ]
INFO: Run WriteHtmlCache Behavior [ RunTime:-1.098063s ]
INFO: Run ShowRuntime Behavior [ RunTime:-1.099063s ]
INFO: [ view_filter ] --END-- [ RunTime:0.005000s ]
INFO: [ view_end ] --START--
INFO: Run ShowPageTrace Behavior [ RunTime:-1.100063s ]
INFO: [ view_end ] --END-- [ RunTime:0.002000s ]

[ 2015-01-03T17:37:16+08:00 ] 127.0.0.1 /index.php?g=User&m=Alipay&a=index
INFO: [ app_begin ] --START--
INFO: Run ReadHtmlCache Behavior [ RunTime:0.001000s ]
INFO: [ app_begin ] --END-- [ RunTime:0.001000s ]
SQL: SHOW COLUMNS FROM `tp_user_group` [ RunTime:0.008000s ]
SQL: SELECT * FROM `tp_user_group` WHERE ( `id` = 4 ) LIMIT 1   [ RunTime:0.001000s ]
SQL: SHOW COLUMNS FROM `tp_users` [ RunTime:0.007001s ]
SQL: SELECT * FROM `tp_users` WHERE ( `id` = 1 ) LIMIT 1   [ RunTime:0.001000s ]
SQL: SHOW COLUMNS FROM `tp_wxuser` [ RunTime:0.009000s ]
SQL: SELECT * FROM `tp_wxuser` WHERE ( `token` = null ) AND ( `uid` = 1 ) LIMIT 1   [ RunTime:0.002001s ]
SQL: SHOW COLUMNS FROM `tp_token_open` [ RunTime:0.007000s ]
SQL: SELECT `queryname` FROM `tp_token_open` WHERE ( `token` = null ) LIMIT 1   [ RunTime:0.000000s ]
NOTIC: [8] Undefined index: width D:\Software\xampp\htdocs\fivezhi_public\PigCms\Lib\Action\UserAction.class.php 第 68 行.
SQL: SELECT `id`,`name`,`price` FROM `tp_user_group` WHERE price>0  [ RunTime:0.001000s ]
SQL: SELECT `price` FROM `tp_user_group` WHERE ( `id` = 4 ) LIMIT 1   [ RunTime:0.001000s ]
INFO: [ view_template ] --START--
INFO: Run LocationTemplate Behavior [ RunTime:-1.057060s ]
INFO: [ view_template ] --END-- [ RunTime:0.002000s ]
INFO: [ view_parse ] --START--
NOTIC: [8] Use of undefined constant uid - assumed 'uid' D:\Software\xampp\htdocs\fivezhi_public\Conf\logs\Cache\User\3a74c416b40e6d9fcd9c9fdc16f8a916.php 第 52 行.
NOTIC: [8] Undefined variable: alert D:\Software\xampp\htdocs\fivezhi_public\Conf\logs\Cache\User\3a74c416b40e6d9fcd9c9fdc16f8a916.php 第 211 行.
INFO: Run ParseTemplate Behavior [ RunTime:-1.059060s ]
INFO: [ view_parse ] --END-- [ RunTime:0.018001s ]
INFO: [ view_filter ] --START--
INFO: Run ContentReplace Behavior [ RunTime:-1.077061s ]
INFO: Run TokenBuild Behavior [ RunTime:-1.077061s ]
INFO: Run WriteHtmlCache Behavior [ RunTime:-1.078061s ]
INFO: Run ShowRuntime Behavior [ RunTime:-1.078061s ]
INFO: [ view_filter ] --END-- [ RunTime:0.002000s ]
INFO: [ view_end ] --START--
INFO: Run ShowPageTrace Behavior [ RunTime:-1.079061s ]
INFO: [ view_end ] --END-- [ RunTime:0.001000s ]

[ 2015-01-03T17:37:19+08:00 ] 127.0.0.1 /index.php?g=User&m=Alipay&a=recharge
INFO: [ app_begin ] --START--
INFO: Run ReadHtmlCache Behavior [ RunTime:0.002000s ]
INFO: [ app_begin ] --END-- [ RunTime:0.002000s ]
SQL: SHOW COLUMNS FROM `tp_user_group` [ RunTime:0.007001s ]
SQL: SELECT * FROM `tp_user_group` WHERE ( `id` = 4 ) LIMIT 1   [ RunTime:0.001000s ]
SQL: SHOW COLUMNS FROM `tp_users` [ RunTime:0.008000s ]
SQL: SELECT * FROM `tp_users` WHERE ( `id` = 1 ) LIMIT 1   [ RunTime:0.000000s ]
SQL: SHOW COLUMNS FROM `tp_wxuser` [ RunTime:0.009001s ]
SQL: SELECT * FROM `tp_wxuser` WHERE ( `token` = null ) AND ( `uid` = 1 ) LIMIT 1   [ RunTime:0.002000s ]
SQL: SHOW COLUMNS FROM `tp_token_open` [ RunTime:0.006001s ]
SQL: SELECT `queryname` FROM `tp_token_open` WHERE ( `token` = null ) LIMIT 1   [ RunTime:0.001000s ]
NOTIC: [8] Undefined index: width D:\Software\xampp\htdocs\fivezhi_public\PigCms\Lib\Action\UserAction.class.php 第 68 行.
SQL: SHOW COLUMNS FROM `tp_indent` [ RunTime:0.024001s ]
SQL: INSERT INTO `tp_indent` (`uid`,`month`,`title`,`uname`,`gid`,`create_time`,`indent_id`,`price`) VALUES ('1','0','充值','admin','0','1420277839','1_1420277839','200') [ RunTime:0.011001s ]

[ 2015-01-03T17:37:20+08:00 ] 127.0.0.1 /index.php?g=User&m=Alipay&a=recharge
INFO: [ app_begin ] --START--
INFO: Run ReadHtmlCache Behavior [ RunTime:0.001000s ]
INFO: [ app_begin ] --END-- [ RunTime:0.001000s ]
SQL: SHOW COLUMNS FROM `tp_user_group` [ RunTime:0.007000s ]
SQL: SELECT * FROM `tp_user_group` WHERE ( `id` = 4 ) LIMIT 1   [ RunTime:0.001000s ]
SQL: SHOW COLUMNS FROM `tp_users` [ RunTime:0.007001s ]
SQL: SELECT * FROM `tp_users` WHERE ( `id` = 1 ) LIMIT 1   [ RunTime:0.001000s ]
SQL: SHOW COLUMNS FROM `tp_wxuser` [ RunTime:0.007000s ]
SQL: SELECT * FROM `tp_wxuser` WHERE ( `token` = null ) AND ( `uid` = 1 ) LIMIT 1   [ RunTime:0.001000s ]
SQL: SHOW COLUMNS FROM `tp_token_open` [ RunTime:0.003001s ]
SQL: SELECT `queryname` FROM `tp_token_open` WHERE ( `token` = null ) LIMIT 1   [ RunTime:0.000000s ]
NOTIC: [8] Undefined index: width D:\Software\xampp\htdocs\fivezhi_public\PigCms\Lib\Action\UserAction.class.php 第 68 行.
SQL: SHOW COLUMNS FROM `tp_indent` [ RunTime:0.004000s ]
SQL: INSERT INTO `tp_indent` (`uid`,`month`,`title`,`uname`,`gid`,`create_time`,`indent_id`,`price`) VALUES ('1','0','充值','admin','0','1420277840','1_1420277840','200') [ RunTime:0.001000s ]

